2022-06-20 12:52:00.415 [http-nio-8001-exec-10] INFO  c.l.demo.edu.service.impl.EduSubjectServiceImpl - 数据库查询出来的二级分类所有结果是：[EduSubject(id=1537714206202191873, title=vue, parentId=1537714205472382977, sort=0, gmtCreate=Fri Jun 17 16:30:11 GMT+08:00 2022, gmtModified=Fri Jun 17 16:30:11 GMT+08:00 2022), EduSubject(id=1537714206466433025, title=html, parentId=1537714205472382977, sort=0, gmtCreate=Fri Jun 17 16:30:11 GMT+08:00 2022, gmtModified=Fri Jun 17 16:30:11 GMT+08:00 2022), EduSubject(id=1537714206801977346, title=javascript, parentId=1537714205472382977, sort=0, gmtCreate=Fri Jun 17 16:30:11 GMT+08:00 2022, gmtModified=Fri Jun 17 16:30:11 GMT+08:00 2022), EduSubject(id=1537714207322071042, title=java, parentId=1537714207066218498, sort=0, gmtCreate=Fri Jun 17 16:30:11 GMT+08:00 2022, gmtModified=Fri Jun 17 16:30:11 GMT+08:00 2022), EduSubject(id=1537714207590506497, title=python, parentId=1537714207066218498, sort=0, gmtCreate=Fri Jun 17 16:30:11 GMT+08:00 2022, gmtModified=Fri Jun 17 16:30:11 GMT+08:00 2022), EduSubject(id=1537714208236429313, title=1.0, parentId=1537714207976382466, sort=0, gmtCreate=Fri Jun 17 16:30:11 GMT+08:00 2022, gmtModified=Fri Jun 17 16:30:11 GMT+08:00 2022), EduSubject(id=1537714208823631873, title=2.0, parentId=1537714208500670465, sort=0, gmtCreate=Fri Jun 17 16:30:11 GMT+08:00 2022, gmtModified=Fri Jun 17 16:30:11 GMT+08:00 2022)]
2022-06-20 12:52:00.421 [http-nio-8001-exec-10] INFO  c.l.demo.edu.service.impl.EduSubjectServiceImpl - 数据库查询出来的二级分类所有结果是：[EduSubject(id=1537714206202191873, title=vue, parentId=1537714205472382977, sort=0, gmtCreate=Fri Jun 17 16:30:11 GMT+08:00 2022, gmtModified=Fri Jun 17 16:30:11 GMT+08:00 2022), EduSubject(id=1537714206466433025, title=html, parentId=1537714205472382977, sort=0, gmtCreate=Fri Jun 17 16:30:11 GMT+08:00 2022, gmtModified=Fri Jun 17 16:30:11 GMT+08:00 2022), EduSubject(id=1537714206801977346, title=javascript, parentId=1537714205472382977, sort=0, gmtCreate=Fri Jun 17 16:30:11 GMT+08:00 2022, gmtModified=Fri Jun 17 16:30:11 GMT+08:00 2022), EduSubject(id=1537714207322071042, title=java, parentId=1537714207066218498, sort=0, gmtCreate=Fri Jun 17 16:30:11 GMT+08:00 2022, gmtModified=Fri Jun 17 16:30:11 GMT+08:00 2022), EduSubject(id=1537714207590506497, title=python, parentId=1537714207066218498, sort=0, gmtCreate=Fri Jun 17 16:30:11 GMT+08:00 2022, gmtModified=Fri Jun 17 16:30:11 GMT+08:00 2022), EduSubject(id=1537714208236429313, title=1.0, parentId=1537714207976382466, sort=0, gmtCreate=Fri Jun 17 16:30:11 GMT+08:00 2022, gmtModified=Fri Jun 17 16:30:11 GMT+08:00 2022), EduSubject(id=1537714208823631873, title=2.0, parentId=1537714208500670465, sort=0, gmtCreate=Fri Jun 17 16:30:11 GMT+08:00 2022, gmtModified=Fri Jun 17 16:30:11 GMT+08:00 2022)]
2022-06-20 12:52:00.423 [http-nio-8001-exec-10] INFO  c.l.demo.edu.service.impl.EduSubjectServiceImpl - 找到的二级分类是： [TwoSubject(id=1537714206202191873, title=vue), TwoSubject(id=1537714206466433025, title=html), TwoSubject(id=1537714206801977346, title=javascript)]
2022-06-20 12:52:00.424 [http-nio-8001-exec-10] INFO  c.l.demo.edu.service.impl.EduSubjectServiceImpl - 找到的二级分类是： [TwoSubject(id=1537714207322071042, title=java), TwoSubject(id=1537714207590506497, title=python)]
2022-06-20 12:52:00.424 [http-nio-8001-exec-10] INFO  c.l.demo.edu.service.impl.EduSubjectServiceImpl - 找到的二级分类是： [TwoSubject(id=1537714208236429313, title=1.0)]
2022-06-20 12:52:00.425 [http-nio-8001-exec-10] INFO  c.l.demo.edu.service.impl.EduSubjectServiceImpl - 找到的二级分类是： [TwoSubject(id=1537714208823631873, title=2.0)]
2022-06-20 16:34:51.113 [http-nio-8001-exec-1] INFO  c.l.demo.edu.service.impl.EduSubjectServiceImpl - 数据库查询出来的二级分类所有结果是：[EduSubject(id=1537714206202191873, title=vue, parentId=1537714205472382977, sort=0, gmtCreate=Fri Jun 17 16:30:11 GMT+08:00 2022, gmtModified=Fri Jun 17 16:30:11 GMT+08:00 2022), EduSubject(id=1537714206466433025, title=html, parentId=1537714205472382977, sort=0, gmtCreate=Fri Jun 17 16:30:11 GMT+08:00 2022, gmtModified=Fri Jun 17 16:30:11 GMT+08:00 2022), EduSubject(id=1537714206801977346, title=javascript, parentId=1537714205472382977, sort=0, gmtCreate=Fri Jun 17 16:30:11 GMT+08:00 2022, gmtModified=Fri Jun 17 16:30:11 GMT+08:00 2022), EduSubject(id=1537714207322071042, title=java, parentId=1537714207066218498, sort=0, gmtCreate=Fri Jun 17 16:30:11 GMT+08:00 2022, gmtModified=Fri Jun 17 16:30:11 GMT+08:00 2022), EduSubject(id=1537714207590506497, title=python, parentId=1537714207066218498, sort=0, gmtCreate=Fri Jun 17 16:30:11 GMT+08:00 2022, gmtModified=Fri Jun 17 16:30:11 GMT+08:00 2022), EduSubject(id=1537714208236429313, title=1.0, parentId=1537714207976382466, sort=0, gmtCreate=Fri Jun 17 16:30:11 GMT+08:00 2022, gmtModified=Fri Jun 17 16:30:11 GMT+08:00 2022), EduSubject(id=1537714208823631873, title=2.0, parentId=1537714208500670465, sort=0, gmtCreate=Fri Jun 17 16:30:11 GMT+08:00 2022, gmtModified=Fri Jun 17 16:30:11 GMT+08:00 2022)]
2022-06-20 16:34:51.114 [http-nio-8001-exec-1] INFO  c.l.demo.edu.service.impl.EduSubjectServiceImpl - 数据库查询出来的二级分类所有结果是：[EduSubject(id=1537714206202191873, title=vue, parentId=1537714205472382977, sort=0, gmtCreate=Fri Jun 17 16:30:11 GMT+08:00 2022, gmtModified=Fri Jun 17 16:30:11 GMT+08:00 2022), EduSubject(id=1537714206466433025, title=html, parentId=1537714205472382977, sort=0, gmtCreate=Fri Jun 17 16:30:11 GMT+08:00 2022, gmtModified=Fri Jun 17 16:30:11 GMT+08:00 2022), EduSubject(id=1537714206801977346, title=javascript, parentId=1537714205472382977, sort=0, gmtCreate=Fri Jun 17 16:30:11 GMT+08:00 2022, gmtModified=Fri Jun 17 16:30:11 GMT+08:00 2022), EduSubject(id=1537714207322071042, title=java, parentId=1537714207066218498, sort=0, gmtCreate=Fri Jun 17 16:30:11 GMT+08:00 2022, gmtModified=Fri Jun 17 16:30:11 GMT+08:00 2022), EduSubject(id=1537714207590506497, title=python, parentId=1537714207066218498, sort=0, gmtCreate=Fri Jun 17 16:30:11 GMT+08:00 2022, gmtModified=Fri Jun 17 16:30:11 GMT+08:00 2022), EduSubject(id=1537714208236429313, title=1.0, parentId=1537714207976382466, sort=0, gmtCreate=Fri Jun 17 16:30:11 GMT+08:00 2022, gmtModified=Fri Jun 17 16:30:11 GMT+08:00 2022), EduSubject(id=1537714208823631873, title=2.0, parentId=1537714208500670465, sort=0, gmtCreate=Fri Jun 17 16:30:11 GMT+08:00 2022, gmtModified=Fri Jun 17 16:30:11 GMT+08:00 2022)]
2022-06-20 16:34:51.115 [http-nio-8001-exec-1] INFO  c.l.demo.edu.service.impl.EduSubjectServiceImpl - 找到的二级分类是： [TwoSubject(id=1537714206202191873, title=vue), TwoSubject(id=1537714206466433025, title=html), TwoSubject(id=1537714206801977346, title=javascript)]
2022-06-20 16:34:51.115 [http-nio-8001-exec-1] INFO  c.l.demo.edu.service.impl.EduSubjectServiceImpl - 找到的二级分类是： [TwoSubject(id=1537714207322071042, title=java), TwoSubject(id=1537714207590506497, title=python)]
2022-06-20 16:34:51.115 [http-nio-8001-exec-1] INFO  c.l.demo.edu.service.impl.EduSubjectServiceImpl - 找到的二级分类是： [TwoSubject(id=1537714208236429313, title=1.0)]
2022-06-20 16:34:51.116 [http-nio-8001-exec-1] INFO  c.l.demo.edu.service.impl.EduSubjectServiceImpl - 找到的二级分类是： [TwoSubject(id=1537714208823631873, title=2.0)]
2022-06-20 16:40:05.740 [SpringContextShutdownHook] INFO  o.s.scheduling.concurrent.ThreadPoolTaskExecutor - Shutting down ExecutorService 'applicationTaskExecutor'
2022-06-20 16:40:05.746 [SpringContextShutdownHook] INFO  com.zaxxer.hikari.HikariDataSource - HikariPool-1 - Shutdown initiated...
2022-06-20 16:40:05.763 [SpringContextShutdownHook] INFO  com.zaxxer.hikari.HikariDataSource - HikariPool-1 - Shutdown completed.
2022-06-20 16:40:18.964 [main] INFO  com.luobin.demo.edu.EduApplication - Starting EduApplication on LAPTOP-EMPL0VD0 with PID 21664 (C:\Users\YIMENG\Desktop\guli_parent_plus-master\service\service-edu\target\classes started by YIMENG in C:\Users\YIMENG\Desktop\guli_parent_plus-master)
2022-06-20 16:40:18.967 [main] INFO  com.luobin.demo.edu.EduApplication - The following profiles are active: dev
2022-06-20 16:40:20.487 [main] INFO  o.s.d.r.config.RepositoryConfigurationDelegate - Multiple Spring Data modules found, entering strict repository configuration mode!
2022-06-20 16:40:20.492 [main] INFO  o.s.d.r.config.RepositoryConfigurationDelegate - Bootstrapping Spring Data repositories in DEFAULT mode.
2022-06-20 16:40:20.543 [main] INFO  o.s.d.r.config.RepositoryConfigurationDelegate - Finished Spring Data repository scanning in 25ms. Found 0 repository interfaces.
2022-06-20 16:40:20.995 [main] INFO  o.s.c.s.PostProcessorRegistrationDelegate$BeanPostProcessorChecker - Bean 'org.springframework.transaction.annotation.ProxyTransactionManagementConfiguration' of type [org.springframework.transaction.annotation.ProxyTransactionManagementConfiguration] is not eligible for getting processed by all BeanPostProcessors (for example: not eligible for auto-proxying)
2022-06-20 16:40:21.340 [main] INFO  o.s.boot.web.embedded.tomcat.TomcatWebServer - Tomcat initialized with port(s): 8001 (http)
2022-06-20 16:40:21.354 [main] INFO  org.apache.coyote.http11.Http11NioProtocol - Initializing ProtocolHandler ["http-nio-8001"]
2022-06-20 16:40:21.355 [main] INFO  org.apache.catalina.core.StandardService - Starting service [Tomcat]
2022-06-20 16:40:21.356 [main] INFO  org.apache.catalina.core.StandardEngine - Starting Servlet engine: [Apache Tomcat/9.0.27]
2022-06-20 16:40:21.493 [main] INFO  o.a.c.core.ContainerBase.[Tomcat].[localhost].[/] - Initializing Spring embedded WebApplicationContext
2022-06-20 16:40:21.493 [main] INFO  org.springframework.web.context.ContextLoader - Root WebApplicationContext: initialization completed in 2437 ms
2022-06-20 16:40:21.751 [main] INFO  com.zaxxer.hikari.HikariDataSource - HikariPool-1 - Starting...
2022-06-20 16:40:22.310 [main] INFO  com.zaxxer.hikari.HikariDataSource - HikariPool-1 - Start completed.
2022-06-20 16:40:23.190 [main] INFO  s.d.s.w.PropertySourcedRequestMappingHandlerMapping - Mapped URL path [/v2/api-docs] onto method [springfox.documentation.swagger2.web.Swagger2Controller#getDocumentation(String, HttpServletRequest)]
2022-06-20 16:40:23.373 [main] INFO  o.s.scheduling.concurrent.ThreadPoolTaskExecutor - Initializing ExecutorService 'applicationTaskExecutor'
2022-06-20 16:40:23.989 [main] INFO  s.d.s.web.plugins.DocumentationPluginsBootstrapper - Context refreshed
2022-06-20 16:40:24.009 [main] INFO  s.d.s.web.plugins.DocumentationPluginsBootstrapper - Found 1 custom documentation plugin(s)
2022-06-20 16:40:24.054 [main] INFO  s.d.spring.web.scanners.ApiListingReferenceScanner - Scanning for api listing references
2022-06-20 16:40:24.676 [main] INFO  org.apache.coyote.http11.Http11NioProtocol - Starting ProtocolHandler ["http-nio-8001"]
2022-06-20 16:40:24.702 [main] INFO  o.s.boot.web.embedded.tomcat.TomcatWebServer - Tomcat started on port(s): 8001 (http) with context path ''
2022-06-20 16:40:24.706 [main] INFO  com.luobin.demo.edu.EduApplication - Started EduApplication in 6.336 seconds (JVM running for 7.506)
2022-06-20 16:42:11.844 [http-nio-8001-exec-1] INFO  o.a.c.core.ContainerBase.[Tomcat].[localhost].[/] - Initializing Spring DispatcherServlet 'dispatcherServlet'
2022-06-20 16:42:11.844 [http-nio-8001-exec-1] INFO  org.springframework.web.servlet.DispatcherServlet - Initializing Servlet 'dispatcherServlet'
2022-06-20 16:42:11.853 [http-nio-8001-exec-1] INFO  org.springframework.web.servlet.DispatcherServlet - Completed initialization in 8 ms
2022-06-20 16:50:35.242 [http-nio-8001-exec-5] INFO  c.l.demo.edu.service.impl.EduCourseServiceImpl - 传递进来的参数是：CourseInfoVo(teacherId=, subjectId=, subjectParentId=null, title=高等数学, price=0, lessonNum=32, cover=, description=基础课程)
2022-06-20 16:50:35.265 [http-nio-8001-exec-5] INFO  c.l.demo.edu.service.impl.EduCourseServiceImpl - 传出去的 eduCourse 的数值是： EduCourse(id=null, teacherId=, subjectId=, subjectParentId=null, title=高等数学, price=0, lessonNum=32, cover=, buyCount=null, viewCount=null, version=null, status=null, isDeleted=null, gmtCreate=null, gmtModified=null)
2022-06-20 16:55:18.033 [http-nio-8001-exec-6] INFO  c.l.demo.edu.service.impl.EduCourseServiceImpl - 传递进来的参数是：CourseInfoVo(teacherId=, subjectId=, subjectParentId=null, title=csdcsdcdcs, price=0, lessonNum=0, cover=, description=csdcsdcsdcsdcsd)
2022-06-20 16:55:18.034 [http-nio-8001-exec-6] INFO  c.l.demo.edu.service.impl.EduCourseServiceImpl - 传出去的 eduCourse 的数值是： EduCourse(id=null, teacherId=, subjectId=, subjectParentId=null, title=csdcsdcdcs, price=0, lessonNum=0, cover=, buyCount=null, viewCount=null, version=null, status=null, isDeleted=null, gmtCreate=null, gmtModified=null)
2022-06-20 16:58:39.219 [http-nio-8001-exec-9] INFO  c.l.demo.edu.service.impl.EduCourseServiceImpl - 传递进来的参数是：CourseInfoVo(teacherId=, subjectId=, subjectParentId=null, title=vsdfvsdvsd, price=0, lessonNum=0, cover=, description=vsdvsdvsd)
2022-06-20 16:58:39.221 [http-nio-8001-exec-9] INFO  c.l.demo.edu.service.impl.EduCourseServiceImpl - 传出去的 eduCourse 的数值是： EduCourse(id=null, teacherId=, subjectId=, subjectParentId=null, title=vsdfvsdvsd, price=0, lessonNum=0, cover=, buyCount=null, viewCount=null, version=null, status=null, isDeleted=null, gmtCreate=null, gmtModified=null)
2022-06-20 16:58:39.355 [http-nio-8001-exec-9] INFO  c.l.demo.edu.service.impl.EduCourseServiceImpl - 传出去的 eduCourseDescription 数据是 ： EduCourseDescription(id=null, description=vsdvsdvsd, gmtCreate=null, gmtModified=null)
2022-06-20 17:00:43.907 [http-nio-8001-exec-1] INFO  c.l.demo.edu.service.impl.EduCourseServiceImpl - 传递进来的参数是：CourseInfoVo(teacherId=, subjectId=, subjectParentId=null, title=高等数学, price=0, lessonNum=96, cover=, description=基础课程)
2022-06-20 17:00:43.907 [http-nio-8001-exec-1] INFO  c.l.demo.edu.service.impl.EduCourseServiceImpl - 传出去的 eduCourse 的数值是： EduCourse(id=null, teacherId=, subjectId=, subjectParentId=null, title=高等数学, price=0, lessonNum=96, cover=, buyCount=null, viewCount=null, version=null, status=null, isDeleted=null, gmtCreate=null, gmtModified=null)
2022-06-20 17:00:44.053 [http-nio-8001-exec-1] INFO  c.l.demo.edu.service.impl.EduCourseServiceImpl - 传出去的 eduCourseDescription 数据是 ： EduCourseDescription(id=null, description=基础课程, gmtCreate=null, gmtModified=null)
2022-06-20 17:10:35.344 [SpringContextShutdownHook] INFO  o.s.scheduling.concurrent.ThreadPoolTaskExecutor - Shutting down ExecutorService 'applicationTaskExecutor'
2022-06-20 17:10:35.347 [SpringContextShutdownHook] INFO  com.zaxxer.hikari.HikariDataSource - HikariPool-1 - Shutdown initiated...
2022-06-20 17:10:35.360 [SpringContextShutdownHook] INFO  com.zaxxer.hikari.HikariDataSource - HikariPool-1 - Shutdown completed.
2022-06-20 17:10:44.944 [main] INFO  com.luobin.demo.edu.EduApplication - Starting EduApplication on LAPTOP-EMPL0VD0 with PID 1616 (C:\Users\YIMENG\Desktop\guli_parent_plus-master\service\service-edu\target\classes started by YIMENG in C:\Users\YIMENG\Desktop\guli_parent_plus-master)
2022-06-20 17:10:44.947 [main] INFO  com.luobin.demo.edu.EduApplication - The following profiles are active: dev
2022-06-20 17:10:46.101 [main] INFO  o.s.d.r.config.RepositoryConfigurationDelegate - Multiple Spring Data modules found, entering strict repository configuration mode!
2022-06-20 17:10:46.104 [main] INFO  o.s.d.r.config.RepositoryConfigurationDelegate - Bootstrapping Spring Data repositories in DEFAULT mode.
2022-06-20 17:10:46.145 [main] INFO  o.s.d.r.config.RepositoryConfigurationDelegate - Finished Spring Data repository scanning in 24ms. Found 0 repository interfaces.
2022-06-20 17:10:46.497 [main] INFO  o.s.c.s.PostProcessorRegistrationDelegate$BeanPostProcessorChecker - Bean 'org.springframework.transaction.annotation.ProxyTransactionManagementConfiguration' of type [org.springframework.transaction.annotation.ProxyTransactionManagementConfiguration] is not eligible for getting processed by all BeanPostProcessors (for example: not eligible for auto-proxying)
2022-06-20 17:10:46.800 [main] INFO  o.s.boot.web.embedded.tomcat.TomcatWebServer - Tomcat initialized with port(s): 8001 (http)
2022-06-20 17:10:46.811 [main] INFO  org.apache.coyote.http11.Http11NioProtocol - Initializing ProtocolHandler ["http-nio-8001"]
2022-06-20 17:10:46.812 [main] INFO  org.apache.catalina.core.StandardService - Starting service [Tomcat]
2022-06-20 17:10:46.813 [main] INFO  org.apache.catalina.core.StandardEngine - Starting Servlet engine: [Apache Tomcat/9.0.27]
2022-06-20 17:10:46.936 [main] INFO  o.a.c.core.ContainerBase.[Tomcat].[localhost].[/] - Initializing Spring embedded WebApplicationContext
2022-06-20 17:10:46.936 [main] INFO  org.springframework.web.context.ContextLoader - Root WebApplicationContext: initialization completed in 1907 ms
2022-06-20 17:10:47.187 [main] INFO  com.zaxxer.hikari.HikariDataSource - HikariPool-1 - Starting...
2022-06-20 17:10:47.598 [main] INFO  com.zaxxer.hikari.HikariDataSource - HikariPool-1 - Start completed.
2022-06-20 17:10:48.357 [main] INFO  s.d.s.w.PropertySourcedRequestMappingHandlerMapping - Mapped URL path [/v2/api-docs] onto method [springfox.documentation.swagger2.web.Swagger2Controller#getDocumentation(String, HttpServletRequest)]
2022-06-20 17:10:48.477 [main] INFO  o.s.scheduling.concurrent.ThreadPoolTaskExecutor - Initializing ExecutorService 'applicationTaskExecutor'
2022-06-20 17:10:49.014 [main] INFO  s.d.s.web.plugins.DocumentationPluginsBootstrapper - Context refreshed
2022-06-20 17:10:49.033 [main] INFO  s.d.s.web.plugins.DocumentationPluginsBootstrapper - Found 1 custom documentation plugin(s)
2022-06-20 17:10:49.076 [main] INFO  s.d.spring.web.scanners.ApiListingReferenceScanner - Scanning for api listing references
2022-06-20 17:10:49.298 [main] INFO  org.apache.coyote.http11.Http11NioProtocol - Starting ProtocolHandler ["http-nio-8001"]
2022-06-20 17:10:49.325 [main] INFO  o.s.boot.web.embedded.tomcat.TomcatWebServer - Tomcat started on port(s): 8001 (http) with context path ''
2022-06-20 17:10:49.329 [main] INFO  com.luobin.demo.edu.EduApplication - Started EduApplication in 5.069 seconds (JVM running for 6.189)
2022-06-20 17:12:19.183 [http-nio-8001-exec-1] INFO  o.a.c.core.ContainerBase.[Tomcat].[localhost].[/] - Initializing Spring DispatcherServlet 'dispatcherServlet'
2022-06-20 17:12:19.183 [http-nio-8001-exec-1] INFO  org.springframework.web.servlet.DispatcherServlet - Initializing Servlet 'dispatcherServlet'
2022-06-20 17:12:19.198 [http-nio-8001-exec-1] INFO  org.springframework.web.servlet.DispatcherServlet - Completed initialization in 14 ms
2022-06-20 17:12:29.680 [http-nio-8001-exec-3] INFO  c.l.demo.edu.service.impl.EduCourseServiceImpl - 传递进来的参数是：CourseInfoVo(teacherId=, subjectId=, subjectParentId=null, title=111111111111, price=0, lessonNum=0, cover=, description=1111111111111)
2022-06-20 17:12:29.694 [http-nio-8001-exec-3] INFO  c.l.demo.edu.service.impl.EduCourseServiceImpl - 传出去的 eduCourse 的数值是： EduCourse(id=null, teacherId=, subjectId=, subjectParentId=null, title=111111111111, price=0, lessonNum=0, cover=, buyCount=null, viewCount=null, version=null, status=null, isDeleted=null, gmtCreate=null, gmtModified=null)
2022-06-20 17:12:30.196 [http-nio-8001-exec-3] INFO  c.l.demo.edu.service.impl.EduCourseServiceImpl - 传出去的 eduCourseDescription 数据是 ： EduCourseDescription(id=null, description=1111111111111, gmtCreate=null, gmtModified=null)
2022-06-20 17:12:51.911 [http-nio-8001-exec-4] INFO  c.l.demo.edu.service.impl.EduCourseServiceImpl - 传递进来的参数是：CourseInfoVo(teacherId=, subjectId=, subjectParentId=null, title=111111111111, price=0, lessonNum=0, cover=, description=1111111111111)
2022-06-20 17:12:51.912 [http-nio-8001-exec-4] INFO  c.l.demo.edu.service.impl.EduCourseServiceImpl - 传出去的 eduCourse 的数值是： EduCourse(id=null, teacherId=, subjectId=, subjectParentId=null, title=111111111111, price=0, lessonNum=0, cover=, buyCount=null, viewCount=null, version=null, status=null, isDeleted=null, gmtCreate=null, gmtModified=null)
2022-06-20 17:12:52.057 [http-nio-8001-exec-4] INFO  c.l.demo.edu.service.impl.EduCourseServiceImpl - 传出去的 eduCourseDescription 数据是 ： EduCourseDescription(id=null, description=1111111111111, gmtCreate=null, gmtModified=null)
2022-06-20 17:12:53.491 [http-nio-8001-exec-5] INFO  c.l.demo.edu.service.impl.EduCourseServiceImpl - 传递进来的参数是：CourseInfoVo(teacherId=, subjectId=, subjectParentId=null, title=111111111111, price=0, lessonNum=0, cover=, description=1111111111111)
2022-06-20 17:12:53.491 [http-nio-8001-exec-5] INFO  c.l.demo.edu.service.impl.EduCourseServiceImpl - 传出去的 eduCourse 的数值是： EduCourse(id=null, teacherId=, subjectId=, subjectParentId=null, title=111111111111, price=0, lessonNum=0, cover=, buyCount=null, viewCount=null, version=null, status=null, isDeleted=null, gmtCreate=null, gmtModified=null)
2022-06-20 17:12:54.061 [http-nio-8001-exec-5] INFO  c.l.demo.edu.service.impl.EduCourseServiceImpl - 传出去的 eduCourseDescription 数据是 ： EduCourseDescription(id=null, description=1111111111111, gmtCreate=null, gmtModified=null)
2022-06-20 17:13:56.113 [http-nio-8001-exec-7] INFO  c.l.demo.edu.service.impl.EduCourseServiceImpl - 传递进来的参数是：CourseInfoVo(teacherId=, subjectId=, subjectParentId=null, title=, price=0, lessonNum=0, cover=, description=)
2022-06-20 17:13:56.114 [http-nio-8001-exec-7] INFO  c.l.demo.edu.service.impl.EduCourseServiceImpl - 传出去的 eduCourse 的数值是： EduCourse(id=null, teacherId=, subjectId=, subjectParentId=null, title=, price=0, lessonNum=0, cover=, buyCount=null, viewCount=null, version=null, status=null, isDeleted=null, gmtCreate=null, gmtModified=null)
2022-06-20 17:13:56.239 [http-nio-8001-exec-7] INFO  c.l.demo.edu.service.impl.EduCourseServiceImpl - 传出去的 eduCourseDescription 数据是 ： EduCourseDescription(id=null, description=, gmtCreate=null, gmtModified=null)
2022-06-20 17:14:01.819 [http-nio-8001-exec-8] INFO  c.l.demo.edu.service.impl.EduCourseServiceImpl - 传递进来的参数是：CourseInfoVo(teacherId=, subjectId=, subjectParentId=null, title=sdczdzx, price=0, lessonNum=0, cover=, description=xcdx)
2022-06-20 17:14:01.820 [http-nio-8001-exec-8] INFO  c.l.demo.edu.service.impl.EduCourseServiceImpl - 传出去的 eduCourse 的数值是： EduCourse(id=null, teacherId=, subjectId=, subjectParentId=null, title=sdczdzx, price=0, lessonNum=0, cover=, buyCount=null, viewCount=null, version=null, status=null, isDeleted=null, gmtCreate=null, gmtModified=null)
2022-06-20 17:14:01.856 [http-nio-8001-exec-8] INFO  c.l.demo.edu.service.impl.EduCourseServiceImpl - 传出去的 eduCourseDescription 数据是 ： EduCourseDescription(id=null, description=xcdx, gmtCreate=null, gmtModified=null)
2022-06-20 17:15:12.737 [http-nio-8001-exec-10] INFO  c.l.demo.edu.service.impl.EduCourseServiceImpl - 传递进来的参数是：CourseInfoVo(teacherId=, subjectId=, subjectParentId=null, title=22222222222222, price=0, lessonNum=0, cover=, description=222222222222)
2022-06-20 17:15:12.738 [http-nio-8001-exec-10] INFO  c.l.demo.edu.service.impl.EduCourseServiceImpl - 传出去的 eduCourse 的数值是： EduCourse(id=null, teacherId=, subjectId=, subjectParentId=null, title=22222222222222, price=0, lessonNum=0, cover=, buyCount=null, viewCount=null, version=null, status=null, isDeleted=null, gmtCreate=null, gmtModified=null)
2022-06-20 17:15:12.788 [http-nio-8001-exec-10] INFO  c.l.demo.edu.service.impl.EduCourseServiceImpl - 传出去的 eduCourseDescription 数据是 ： EduCourseDescription(id=null, description=222222222222, gmtCreate=null, gmtModified=null)
2022-06-20 20:23:49.127 [http-nio-8001-exec-8] INFO  c.l.demo.edu.service.impl.EduCourseServiceImpl - 传递进来的参数是：CourseInfoVo(teacherId=, subjectId=, subjectParentId=null, title=, price=0, lessonNum=0, cover=, description=)
2022-06-20 20:23:49.142 [http-nio-8001-exec-8] INFO  c.l.demo.edu.service.impl.EduCourseServiceImpl - 传出去的 eduCourse 的数值是： EduCourse(id=null, teacherId=, subjectId=, subjectParentId=null, title=, price=0, lessonNum=0, cover=, buyCount=null, viewCount=null, version=null, status=null, isDeleted=null, gmtCreate=null, gmtModified=null)
2022-06-20 20:23:49.558 [http-nio-8001-exec-8] INFO  c.l.demo.edu.service.impl.EduCourseServiceImpl - 传出去的 eduCourseDescription 数据是 ： EduCourseDescription(id=null, description=, gmtCreate=null, gmtModified=null)
2022-06-20 20:25:40.145 [http-nio-8001-exec-10] INFO  c.l.demo.edu.service.impl.EduCourseServiceImpl - 传递进来的参数是：CourseInfoVo(teacherId=, subjectId=, subjectParentId=null, title=, price=0, lessonNum=0, cover=, description=)
2022-06-20 20:25:40.146 [http-nio-8001-exec-10] INFO  c.l.demo.edu.service.impl.EduCourseServiceImpl - 传出去的 eduCourse 的数值是： EduCourse(id=null, teacherId=, subjectId=, subjectParentId=null, title=, price=0, lessonNum=0, cover=, buyCount=null, viewCount=null, version=null, status=null, isDeleted=null, gmtCreate=null, gmtModified=null)
2022-06-20 20:25:40.194 [http-nio-8001-exec-10] INFO  c.l.demo.edu.service.impl.EduCourseServiceImpl - 传出去的 eduCourseDescription 数据是 ： EduCourseDescription(id=null, description=, gmtCreate=null, gmtModified=null)
2022-06-20 20:25:49.585 [http-nio-8001-exec-1] INFO  c.l.demo.edu.service.impl.EduCourseServiceImpl - 传递进来的参数是：CourseInfoVo(teacherId=, subjectId=, subjectParentId=null, title=, price=0, lessonNum=0, cover=, description=)
2022-06-20 20:25:49.585 [http-nio-8001-exec-1] INFO  c.l.demo.edu.service.impl.EduCourseServiceImpl - 传出去的 eduCourse 的数值是： EduCourse(id=null, teacherId=, subjectId=, subjectParentId=null, title=, price=0, lessonNum=0, cover=, buyCount=null, viewCount=null, version=null, status=null, isDeleted=null, gmtCreate=null, gmtModified=null)
2022-06-20 20:25:49.957 [http-nio-8001-exec-1] INFO  c.l.demo.edu.service.impl.EduCourseServiceImpl - 传出去的 eduCourseDescription 数据是 ： EduCourseDescription(id=null, description=, gmtCreate=null, gmtModified=null)
2022-06-20 20:26:16.889 [http-nio-8001-exec-3] INFO  c.l.demo.edu.service.impl.EduCourseServiceImpl - 传递进来的参数是：CourseInfoVo(teacherId=, subjectId=, subjectParentId=null, title=, price=0, lessonNum=0, cover=, description=)
2022-06-20 20:26:16.895 [http-nio-8001-exec-3] INFO  c.l.demo.edu.service.impl.EduCourseServiceImpl - 传出去的 eduCourse 的数值是： EduCourse(id=null, teacherId=, subjectId=, subjectParentId=null, title=, price=0, lessonNum=0, cover=, buyCount=null, viewCount=null, version=null, status=null, isDeleted=null, gmtCreate=null, gmtModified=null)
2022-06-20 20:26:17.022 [http-nio-8001-exec-3] INFO  c.l.demo.edu.service.impl.EduCourseServiceImpl - 传出去的 eduCourseDescription 数据是 ： EduCourseDescription(id=null, description=, gmtCreate=null, gmtModified=null)
2022-06-20 20:26:30.410 [http-nio-8001-exec-5] INFO  c.l.demo.edu.service.impl.EduCourseServiceImpl - 传递进来的参数是：CourseInfoVo(teacherId=, subjectId=, subjectParentId=null, title=, price=0, lessonNum=0, cover=, description=)
2022-06-20 20:26:30.411 [http-nio-8001-exec-5] INFO  c.l.demo.edu.service.impl.EduCourseServiceImpl - 传出去的 eduCourse 的数值是： EduCourse(id=null, teacherId=, subjectId=, subjectParentId=null, title=, price=0, lessonNum=0, cover=, buyCount=null, viewCount=null, version=null, status=null, isDeleted=null, gmtCreate=null, gmtModified=null)
2022-06-20 20:26:30.448 [http-nio-8001-exec-5] INFO  c.l.demo.edu.service.impl.EduCourseServiceImpl - 传出去的 eduCourseDescription 数据是 ： EduCourseDescription(id=null, description=, gmtCreate=null, gmtModified=null)
2022-06-20 22:46:54.620 [http-nio-8001-exec-8] INFO  c.l.demo.edu.service.impl.EduCourseServiceImpl - 传递进来的参数是：CourseInfoVo(teacherId=1189426437876985857, subjectId=, subjectParentId=null, title=grtgtr, price=9, lessonNum=5, cover=, description=)
2022-06-20 22:46:54.621 [http-nio-8001-exec-8] INFO  c.l.demo.edu.service.impl.EduCourseServiceImpl - 传出去的 eduCourse 的数值是： EduCourse(id=null, teacherId=1189426437876985857, subjectId=, subjectParentId=null, title=grtgtr, price=9, lessonNum=5, cover=, buyCount=null, viewCount=null, version=null, status=null, isDeleted=null, gmtCreate=null, gmtModified=null)
2022-06-20 22:46:54.932 [http-nio-8001-exec-8] INFO  c.l.demo.edu.service.impl.EduCourseServiceImpl - 传出去的 eduCourseDescription 数据是 ： EduCourseDescription(id=null, description=, gmtCreate=null, gmtModified=null)
2022-06-20 22:50:34.458 [SpringContextShutdownHook] INFO  o.s.scheduling.concurrent.ThreadPoolTaskExecutor - Shutting down ExecutorService 'applicationTaskExecutor'
2022-06-20 22:50:34.463 [SpringContextShutdownHook] INFO  com.zaxxer.hikari.HikariDataSource - HikariPool-1 - Shutdown initiated...
2022-06-20 22:50:34.470 [SpringContextShutdownHook] INFO  com.zaxxer.hikari.HikariDataSource - HikariPool-1 - Shutdown completed.
2022-06-20 22:50:45.137 [main] INFO  com.luobin.demo.edu.EduApplication - Starting EduApplication on LAPTOP-EMPL0VD0 with PID 13588 (C:\Users\YIMENG\Desktop\guli_parent_plus-master\service\service-edu\target\classes started by YIMENG in C:\Users\YIMENG\Desktop\guli_parent_plus-master)
2022-06-20 22:50:45.141 [main] INFO  com.luobin.demo.edu.EduApplication - The following profiles are active: dev
2022-06-20 22:50:46.269 [main] INFO  o.s.d.r.config.RepositoryConfigurationDelegate - Multiple Spring Data modules found, entering strict repository configuration mode!
2022-06-20 22:50:46.272 [main] INFO  o.s.d.r.config.RepositoryConfigurationDelegate - Bootstrapping Spring Data repositories in DEFAULT mode.
2022-06-20 22:50:46.315 [main] INFO  o.s.d.r.config.RepositoryConfigurationDelegate - Finished Spring Data repository scanning in 23ms. Found 0 repository interfaces.
2022-06-20 22:50:46.672 [main] INFO  o.s.c.s.PostProcessorRegistrationDelegate$BeanPostProcessorChecker - Bean 'org.springframework.transaction.annotation.ProxyTransactionManagementConfiguration' of type [org.springframework.transaction.annotation.ProxyTransactionManagementConfiguration] is not eligible for getting processed by all BeanPostProcessors (for example: not eligible for auto-proxying)
2022-06-20 22:50:46.982 [main] INFO  o.s.boot.web.embedded.tomcat.TomcatWebServer - Tomcat initialized with port(s): 8001 (http)
2022-06-20 22:50:46.992 [main] INFO  org.apache.coyote.http11.Http11NioProtocol - Initializing ProtocolHandler ["http-nio-8001"]
2022-06-20 22:50:46.994 [main] INFO  org.apache.catalina.core.StandardService - Starting service [Tomcat]
2022-06-20 22:50:46.994 [main] INFO  org.apache.catalina.core.StandardEngine - Starting Servlet engine: [Apache Tomcat/9.0.27]
2022-06-20 22:50:47.116 [main] INFO  o.a.c.core.ContainerBase.[Tomcat].[localhost].[/] - Initializing Spring embedded WebApplicationContext
2022-06-20 22:50:47.117 [main] INFO  org.springframework.web.context.ContextLoader - Root WebApplicationContext: initialization completed in 1890 ms
2022-06-20 22:50:47.351 [main] INFO  com.zaxxer.hikari.HikariDataSource - HikariPool-1 - Starting...
2022-06-20 22:50:47.763 [main] INFO  com.zaxxer.hikari.HikariDataSource - HikariPool-1 - Start completed.
2022-06-20 22:50:48.505 [main] INFO  s.d.s.w.PropertySourcedRequestMappingHandlerMapping - Mapped URL path [/v2/api-docs] onto method [springfox.documentation.swagger2.web.Swagger2Controller#getDocumentation(String, HttpServletRequest)]
2022-06-20 22:50:48.631 [main] INFO  o.s.scheduling.concurrent.ThreadPoolTaskExecutor - Initializing ExecutorService 'applicationTaskExecutor'
2022-06-20 22:50:49.149 [main] INFO  s.d.s.web.plugins.DocumentationPluginsBootstrapper - Context refreshed
2022-06-20 22:50:49.176 [main] INFO  s.d.s.web.plugins.DocumentationPluginsBootstrapper - Found 1 custom documentation plugin(s)
2022-06-20 22:50:49.224 [main] INFO  s.d.spring.web.scanners.ApiListingReferenceScanner - Scanning for api listing references
2022-06-20 22:50:49.455 [main] INFO  org.apache.coyote.http11.Http11NioProtocol - Starting ProtocolHandler ["http-nio-8001"]
2022-06-20 22:50:49.480 [main] INFO  o.s.boot.web.embedded.tomcat.TomcatWebServer - Tomcat started on port(s): 8001 (http) with context path ''
2022-06-20 22:50:49.483 [main] INFO  com.luobin.demo.edu.EduApplication - Started EduApplication in 4.973 seconds (JVM running for 6.209)
2022-06-20 22:51:07.807 [http-nio-8001-exec-1] INFO  o.a.c.core.ContainerBase.[Tomcat].[localhost].[/] - Initializing Spring DispatcherServlet 'dispatcherServlet'
2022-06-20 22:51:07.807 [http-nio-8001-exec-1] INFO  org.springframework.web.servlet.DispatcherServlet - Initializing Servlet 'dispatcherServlet'
2022-06-20 22:51:07.821 [http-nio-8001-exec-1] INFO  org.springframework.web.servlet.DispatcherServlet - Completed initialization in 13 ms
2022-06-20 22:51:12.623 [http-nio-8001-exec-2] INFO  c.luobin.demo.edu.controller.EduTeacherController - /edu/teacher/findAll 这个接口查询到的所有讲师是：[EduTeacher(id=1, name=张三, intro=近年主持国家自然科学基金（6项）、江苏省重大科技成果转化项目（5项）、江苏省产学研前瞻性联合研究项目（3项）、省工业科技支撑、省高技术、省自然科学基金等省部级及其企业的主要科研项目40多个，多个项目在企业成功转化，产生了较好的经济、社会和环境效益。积极开展产学研科技合作，并与省内16家企业建立了江苏省研究生工作站，其中6家为江苏省优秀研究生工作站, career=高级, level=1, avatar=https://guli-file-190513.oss-cn-beijing.aliyuncs.com/avatar/default.jpg, sort=0, isDeleted=0, gmtCreate=Wed Oct 30 14:18:46 GMT+08:00 2019, gmtModified=Tue Nov 12 13:36:36 GMT+08:00 2019), EduTeacher(id=1189389726308478977, name=晴天, intro=高级讲师简介, career=高级讲师资历, level=2, avatar=https://online-teach-file.oss-cn-beijing.aliyuncs.com/teacher/2019/10/30/de47ee9b-7fec-43c5-8173-13c5f7f689b2.png, sort=1, isDeleted=0, gmtCreate=Wed Oct 30 11:53:03 GMT+08:00 2019, gmtModified=Wed Oct 30 11:53:03 GMT+08:00 2019), EduTeacher(id=1189390295668469762, name=李刚, intro=高级讲师简介, career=高级讲师, level=2, avatar=https://online-teach-file.oss-cn-beijing.aliyuncs.com/teacher/2019/10/30/b8aa36a2-db50-4eca-a6e3-cc6e608355e0.png, sort=2, isDeleted=0, gmtCreate=Wed Oct 30 11:55:19 GMT+08:00 2019, gmtModified=Tue Nov 12 13:37:52 GMT+08:00 2019), EduTeacher(id=1189426437876985857, name=王二, intro=高级讲师简介, career=高级讲师, level=1, avatar=https://online-teach-file.oss-cn-beijing.aliyuncs.com/teacher/2019/11/08/e44a2e92-2421-4ea3-bb49-46f2ec96ef88.png, sort=0, isDeleted=0, gmtCreate=Wed Oct 30 14:18:56 GMT+08:00 2019, gmtModified=Tue Nov 12 13:37:35 GMT+08:00 2019), EduTeacher(id=1189426464967995393, name=王五, intro=高级讲师简介, career=高级讲师, level=1, avatar=https://online-teach-file.oss-cn-beijing.aliyuncs.com/teacher/2019/10/30/65423f14-49a9-4092-baf5-6d0ef9686a85.png, sort=0, isDeleted=0, gmtCreate=Wed Oct 30 14:19:02 GMT+08:00 2019, gmtModified=Tue Nov 12 13:37:18 GMT+08:00 2019), EduTeacher(id=1192249914833055746, name=李四, intro=高级讲师简介, career=高级讲师, level=1, avatar=https://online-teach-file.oss-cn-beijing.aliyuncs.com/teacher/2019/11/07/91871e25-fd83-4af6-845f-ea8d471d825d.png, sort=0, isDeleted=0, gmtCreate=Thu Nov 07 09:18:25 GMT+08:00 2019, gmtModified=Tue Nov 12 13:37:01 GMT+08:00 2019), EduTeacher(id=1536599072654303233, name=vdfsvdfv, intro=sdvsdfvdfsvsd, career=vdfvdsfv, level=1, avatar=null, sort=0, isDeleted=0, gmtCreate=Tue Jun 14 14:39:02 GMT+08:00 2022, gmtModified=Tue Jun 14 14:39:02 GMT+08:00 2022)]
