2022-06-19 09:40:25.066 [http-nio-8001-exec-2] INFO  c.l.demo.edu.service.impl.EduSubjectServiceImpl - 数据库查询出来的二级分类所有结果是：[EduSubject(id=1537714206202191873, title=vue, parentId=1537714205472382977, sort=0, gmtCreate=Fri Jun 17 16:30:11 GMT+08:00 2022, gmtModified=Fri Jun 17 16:30:11 GMT+08:00 2022), EduSubject(id=1537714206466433025, title=html, parentId=1537714205472382977, sort=0, gmtCreate=Fri Jun 17 16:30:11 GMT+08:00 2022, gmtModified=Fri Jun 17 16:30:11 GMT+08:00 2022), EduSubject(id=1537714206801977346, title=javascript, parentId=1537714205472382977, sort=0, gmtCreate=Fri Jun 17 16:30:11 GMT+08:00 2022, gmtModified=Fri Jun 17 16:30:11 GMT+08:00 2022), EduSubject(id=1537714207322071042, title=java, parentId=1537714207066218498, sort=0, gmtCreate=Fri Jun 17 16:30:11 GMT+08:00 2022, gmtModified=Fri Jun 17 16:30:11 GMT+08:00 2022), EduSubject(id=1537714207590506497, title=python, parentId=1537714207066218498, sort=0, gmtCreate=Fri Jun 17 16:30:11 GMT+08:00 2022, gmtModified=Fri Jun 17 16:30:11 GMT+08:00 2022), EduSubject(id=1537714208236429313, title=1.0, parentId=1537714207976382466, sort=0, gmtCreate=Fri Jun 17 16:30:11 GMT+08:00 2022, gmtModified=Fri Jun 17 16:30:11 GMT+08:00 2022), EduSubject(id=1537714208823631873, title=2.0, parentId=1537714208500670465, sort=0, gmtCreate=Fri Jun 17 16:30:11 GMT+08:00 2022, gmtModified=Fri Jun 17 16:30:11 GMT+08:00 2022)]
2022-06-19 09:40:25.068 [http-nio-8001-exec-2] INFO  c.l.demo.edu.service.impl.EduSubjectServiceImpl - 数据库查询出来的二级分类所有结果是：[EduSubject(id=1537714206202191873, title=vue, parentId=1537714205472382977, sort=0, gmtCreate=Fri Jun 17 16:30:11 GMT+08:00 2022, gmtModified=Fri Jun 17 16:30:11 GMT+08:00 2022), EduSubject(id=1537714206466433025, title=html, parentId=1537714205472382977, sort=0, gmtCreate=Fri Jun 17 16:30:11 GMT+08:00 2022, gmtModified=Fri Jun 17 16:30:11 GMT+08:00 2022), EduSubject(id=1537714206801977346, title=javascript, parentId=1537714205472382977, sort=0, gmtCreate=Fri Jun 17 16:30:11 GMT+08:00 2022, gmtModified=Fri Jun 17 16:30:11 GMT+08:00 2022), EduSubject(id=1537714207322071042, title=java, parentId=1537714207066218498, sort=0, gmtCreate=Fri Jun 17 16:30:11 GMT+08:00 2022, gmtModified=Fri Jun 17 16:30:11 GMT+08:00 2022), EduSubject(id=1537714207590506497, title=python, parentId=1537714207066218498, sort=0, gmtCreate=Fri Jun 17 16:30:11 GMT+08:00 2022, gmtModified=Fri Jun 17 16:30:11 GMT+08:00 2022), EduSubject(id=1537714208236429313, title=1.0, parentId=1537714207976382466, sort=0, gmtCreate=Fri Jun 17 16:30:11 GMT+08:00 2022, gmtModified=Fri Jun 17 16:30:11 GMT+08:00 2022), EduSubject(id=1537714208823631873, title=2.0, parentId=1537714208500670465, sort=0, gmtCreate=Fri Jun 17 16:30:11 GMT+08:00 2022, gmtModified=Fri Jun 17 16:30:11 GMT+08:00 2022)]
2022-06-19 09:40:25.092 [http-nio-8001-exec-2] INFO  c.l.demo.edu.service.impl.EduSubjectServiceImpl - 找到的二级分类是： [TwoSubject(id=1537714206202191873, title=vue), TwoSubject(id=1537714206466433025, title=html), TwoSubject(id=1537714206801977346, title=javascript)]
2022-06-19 09:40:25.094 [http-nio-8001-exec-2] INFO  c.l.demo.edu.service.impl.EduSubjectServiceImpl - 找到的二级分类是： [TwoSubject(id=1537714207322071042, title=java), TwoSubject(id=1537714207590506497, title=python)]
2022-06-19 09:40:25.095 [http-nio-8001-exec-2] INFO  c.l.demo.edu.service.impl.EduSubjectServiceImpl - 找到的二级分类是： [TwoSubject(id=1537714208236429313, title=1.0)]
2022-06-19 09:40:25.096 [http-nio-8001-exec-2] INFO  c.l.demo.edu.service.impl.EduSubjectServiceImpl - 找到的二级分类是： [TwoSubject(id=1537714208823631873, title=2.0)]
2022-06-19 12:06:36.574 [http-nio-8001-exec-3] INFO  c.l.demo.edu.service.impl.EduSubjectServiceImpl - 数据库查询出来的二级分类所有结果是：[EduSubject(id=1537714206202191873, title=vue, parentId=1537714205472382977, sort=0, gmtCreate=Fri Jun 17 16:30:11 GMT+08:00 2022, gmtModified=Fri Jun 17 16:30:11 GMT+08:00 2022), EduSubject(id=1537714206466433025, title=html, parentId=1537714205472382977, sort=0, gmtCreate=Fri Jun 17 16:30:11 GMT+08:00 2022, gmtModified=Fri Jun 17 16:30:11 GMT+08:00 2022), EduSubject(id=1537714206801977346, title=javascript, parentId=1537714205472382977, sort=0, gmtCreate=Fri Jun 17 16:30:11 GMT+08:00 2022, gmtModified=Fri Jun 17 16:30:11 GMT+08:00 2022), EduSubject(id=1537714207322071042, title=java, parentId=1537714207066218498, sort=0, gmtCreate=Fri Jun 17 16:30:11 GMT+08:00 2022, gmtModified=Fri Jun 17 16:30:11 GMT+08:00 2022), EduSubject(id=1537714207590506497, title=python, parentId=1537714207066218498, sort=0, gmtCreate=Fri Jun 17 16:30:11 GMT+08:00 2022, gmtModified=Fri Jun 17 16:30:11 GMT+08:00 2022), EduSubject(id=1537714208236429313, title=1.0, parentId=1537714207976382466, sort=0, gmtCreate=Fri Jun 17 16:30:11 GMT+08:00 2022, gmtModified=Fri Jun 17 16:30:11 GMT+08:00 2022), EduSubject(id=1537714208823631873, title=2.0, parentId=1537714208500670465, sort=0, gmtCreate=Fri Jun 17 16:30:11 GMT+08:00 2022, gmtModified=Fri Jun 17 16:30:11 GMT+08:00 2022)]
2022-06-19 12:06:36.576 [http-nio-8001-exec-3] INFO  c.l.demo.edu.service.impl.EduSubjectServiceImpl - 数据库查询出来的二级分类所有结果是：[EduSubject(id=1537714206202191873, title=vue, parentId=1537714205472382977, sort=0, gmtCreate=Fri Jun 17 16:30:11 GMT+08:00 2022, gmtModified=Fri Jun 17 16:30:11 GMT+08:00 2022), EduSubject(id=1537714206466433025, title=html, parentId=1537714205472382977, sort=0, gmtCreate=Fri Jun 17 16:30:11 GMT+08:00 2022, gmtModified=Fri Jun 17 16:30:11 GMT+08:00 2022), EduSubject(id=1537714206801977346, title=javascript, parentId=1537714205472382977, sort=0, gmtCreate=Fri Jun 17 16:30:11 GMT+08:00 2022, gmtModified=Fri Jun 17 16:30:11 GMT+08:00 2022), EduSubject(id=1537714207322071042, title=java, parentId=1537714207066218498, sort=0, gmtCreate=Fri Jun 17 16:30:11 GMT+08:00 2022, gmtModified=Fri Jun 17 16:30:11 GMT+08:00 2022), EduSubject(id=1537714207590506497, title=python, parentId=1537714207066218498, sort=0, gmtCreate=Fri Jun 17 16:30:11 GMT+08:00 2022, gmtModified=Fri Jun 17 16:30:11 GMT+08:00 2022), EduSubject(id=1537714208236429313, title=1.0, parentId=1537714207976382466, sort=0, gmtCreate=Fri Jun 17 16:30:11 GMT+08:00 2022, gmtModified=Fri Jun 17 16:30:11 GMT+08:00 2022), EduSubject(id=1537714208823631873, title=2.0, parentId=1537714208500670465, sort=0, gmtCreate=Fri Jun 17 16:30:11 GMT+08:00 2022, gmtModified=Fri Jun 17 16:30:11 GMT+08:00 2022)]
2022-06-19 12:06:36.577 [http-nio-8001-exec-3] INFO  c.l.demo.edu.service.impl.EduSubjectServiceImpl - 找到的二级分类是： [TwoSubject(id=1537714206202191873, title=vue), TwoSubject(id=1537714206466433025, title=html), TwoSubject(id=1537714206801977346, title=javascript)]
2022-06-19 12:06:36.578 [http-nio-8001-exec-3] INFO  c.l.demo.edu.service.impl.EduSubjectServiceImpl - 找到的二级分类是： [TwoSubject(id=1537714207322071042, title=java), TwoSubject(id=1537714207590506497, title=python)]
2022-06-19 12:06:36.579 [http-nio-8001-exec-3] INFO  c.l.demo.edu.service.impl.EduSubjectServiceImpl - 找到的二级分类是： [TwoSubject(id=1537714208236429313, title=1.0)]
2022-06-19 12:06:36.580 [http-nio-8001-exec-3] INFO  c.l.demo.edu.service.impl.EduSubjectServiceImpl - 找到的二级分类是： [TwoSubject(id=1537714208823631873, title=2.0)]
2022-06-19 13:18:04.335 [SpringContextShutdownHook] INFO  o.s.scheduling.concurrent.ThreadPoolTaskExecutor - Shutting down ExecutorService 'applicationTaskExecutor'
2022-06-19 13:18:04.342 [SpringContextShutdownHook] INFO  com.zaxxer.hikari.HikariDataSource - HikariPool-1 - Shutdown initiated...
2022-06-19 13:18:04.354 [SpringContextShutdownHook] INFO  com.zaxxer.hikari.HikariDataSource - HikariPool-1 - Shutdown completed.
2022-06-19 13:18:17.432 [main] INFO  com.luobin.demo.edu.EduApplication - Starting EduApplication on LAPTOP-EMPL0VD0 with PID 5180 (C:\Users\YIMENG\Desktop\guli_parent_plus-master\service\service-edu\target\classes started by YIMENG in C:\Users\YIMENG\Desktop\guli_parent_plus-master)
2022-06-19 13:18:17.435 [main] INFO  com.luobin.demo.edu.EduApplication - The following profiles are active: dev
2022-06-19 13:18:18.791 [main] INFO  o.s.d.r.config.RepositoryConfigurationDelegate - Multiple Spring Data modules found, entering strict repository configuration mode!
2022-06-19 13:18:18.800 [main] INFO  o.s.d.r.config.RepositoryConfigurationDelegate - Bootstrapping Spring Data repositories in DEFAULT mode.
2022-06-19 13:18:18.864 [main] INFO  o.s.d.r.config.RepositoryConfigurationDelegate - Finished Spring Data repository scanning in 34ms. Found 0 repository interfaces.
2022-06-19 13:18:19.374 [main] INFO  o.s.c.s.PostProcessorRegistrationDelegate$BeanPostProcessorChecker - Bean 'org.springframework.transaction.annotation.ProxyTransactionManagementConfiguration' of type [org.springframework.transaction.annotation.ProxyTransactionManagementConfiguration] is not eligible for getting processed by all BeanPostProcessors (for example: not eligible for auto-proxying)
2022-06-19 13:18:19.749 [main] INFO  o.s.boot.web.embedded.tomcat.TomcatWebServer - Tomcat initialized with port(s): 8001 (http)
2022-06-19 13:18:19.767 [main] INFO  org.apache.coyote.http11.Http11NioProtocol - Initializing ProtocolHandler ["http-nio-8001"]
2022-06-19 13:18:19.768 [main] INFO  org.apache.catalina.core.StandardService - Starting service [Tomcat]
2022-06-19 13:18:19.769 [main] INFO  org.apache.catalina.core.StandardEngine - Starting Servlet engine: [Apache Tomcat/9.0.27]
2022-06-19 13:18:20.018 [main] INFO  o.a.c.core.ContainerBase.[Tomcat].[localhost].[/] - Initializing Spring embedded WebApplicationContext
2022-06-19 13:18:20.018 [main] INFO  org.springframework.web.context.ContextLoader - Root WebApplicationContext: initialization completed in 2533 ms
2022-06-19 13:18:20.352 [main] INFO  com.zaxxer.hikari.HikariDataSource - HikariPool-1 - Starting...
2022-06-19 13:18:20.812 [main] INFO  com.zaxxer.hikari.HikariDataSource - HikariPool-1 - Start completed.
2022-06-19 13:18:21.749 [main] INFO  s.d.s.w.PropertySourcedRequestMappingHandlerMapping - Mapped URL path [/v2/api-docs] onto method [springfox.documentation.swagger2.web.Swagger2Controller#getDocumentation(String, HttpServletRequest)]
2022-06-19 13:18:21.931 [main] INFO  o.s.scheduling.concurrent.ThreadPoolTaskExecutor - Initializing ExecutorService 'applicationTaskExecutor'
2022-06-19 13:18:22.546 [main] INFO  s.d.s.web.plugins.DocumentationPluginsBootstrapper - Context refreshed
2022-06-19 13:18:22.573 [main] INFO  s.d.s.web.plugins.DocumentationPluginsBootstrapper - Found 1 custom documentation plugin(s)
2022-06-19 13:18:22.635 [main] INFO  s.d.spring.web.scanners.ApiListingReferenceScanner - Scanning for api listing references
2022-06-19 13:18:22.932 [main] INFO  org.apache.coyote.http11.Http11NioProtocol - Starting ProtocolHandler ["http-nio-8001"]
2022-06-19 13:18:22.960 [main] INFO  o.s.boot.web.embedded.tomcat.TomcatWebServer - Tomcat started on port(s): 8001 (http) with context path ''
2022-06-19 13:18:22.963 [main] INFO  com.luobin.demo.edu.EduApplication - Started EduApplication in 6.121 seconds (JVM running for 7.195)
2022-06-19 13:18:47.978 [http-nio-8001-exec-1] INFO  o.a.c.core.ContainerBase.[Tomcat].[localhost].[/] - Initializing Spring DispatcherServlet 'dispatcherServlet'
2022-06-19 13:18:47.979 [http-nio-8001-exec-1] INFO  org.springframework.web.servlet.DispatcherServlet - Initializing Servlet 'dispatcherServlet'
2022-06-19 13:18:47.987 [http-nio-8001-exec-1] INFO  org.springframework.web.servlet.DispatcherServlet - Completed initialization in 8 ms
2022-06-19 13:22:35.350 [SpringContextShutdownHook] INFO  o.s.scheduling.concurrent.ThreadPoolTaskExecutor - Shutting down ExecutorService 'applicationTaskExecutor'
2022-06-19 13:22:35.351 [SpringContextShutdownHook] INFO  com.zaxxer.hikari.HikariDataSource - HikariPool-1 - Shutdown initiated...
2022-06-19 13:22:35.363 [SpringContextShutdownHook] INFO  com.zaxxer.hikari.HikariDataSource - HikariPool-1 - Shutdown completed.
2022-06-19 13:22:45.011 [main] INFO  com.luobin.demo.edu.EduApplication - Starting EduApplication on LAPTOP-EMPL0VD0 with PID 13848 (C:\Users\YIMENG\Desktop\guli_parent_plus-master\service\service-edu\target\classes started by YIMENG in C:\Users\YIMENG\Desktop\guli_parent_plus-master)
2022-06-19 13:22:45.015 [main] INFO  com.luobin.demo.edu.EduApplication - The following profiles are active: dev
2022-06-19 13:22:46.764 [main] INFO  o.s.d.r.config.RepositoryConfigurationDelegate - Multiple Spring Data modules found, entering strict repository configuration mode!
2022-06-19 13:22:46.768 [main] INFO  o.s.d.r.config.RepositoryConfigurationDelegate - Bootstrapping Spring Data repositories in DEFAULT mode.
2022-06-19 13:22:46.806 [main] INFO  o.s.d.r.config.RepositoryConfigurationDelegate - Finished Spring Data repository scanning in 22ms. Found 0 repository interfaces.
2022-06-19 13:22:47.149 [main] INFO  o.s.c.s.PostProcessorRegistrationDelegate$BeanPostProcessorChecker - Bean 'org.springframework.transaction.annotation.ProxyTransactionManagementConfiguration' of type [org.springframework.transaction.annotation.ProxyTransactionManagementConfiguration] is not eligible for getting processed by all BeanPostProcessors (for example: not eligible for auto-proxying)
2022-06-19 13:22:47.469 [main] INFO  o.s.boot.web.embedded.tomcat.TomcatWebServer - Tomcat initialized with port(s): 8001 (http)
2022-06-19 13:22:47.480 [main] INFO  org.apache.coyote.http11.Http11NioProtocol - Initializing ProtocolHandler ["http-nio-8001"]
2022-06-19 13:22:47.481 [main] INFO  org.apache.catalina.core.StandardService - Starting service [Tomcat]
2022-06-19 13:22:47.481 [main] INFO  org.apache.catalina.core.StandardEngine - Starting Servlet engine: [Apache Tomcat/9.0.27]
2022-06-19 13:22:47.621 [main] INFO  o.a.c.core.ContainerBase.[Tomcat].[localhost].[/] - Initializing Spring embedded WebApplicationContext
2022-06-19 13:22:47.621 [main] INFO  org.springframework.web.context.ContextLoader - Root WebApplicationContext: initialization completed in 2538 ms
2022-06-19 13:22:47.869 [main] INFO  com.zaxxer.hikari.HikariDataSource - HikariPool-1 - Starting...
2022-06-19 13:22:48.301 [main] INFO  com.zaxxer.hikari.HikariDataSource - HikariPool-1 - Start completed.
2022-06-19 13:22:49.076 [main] INFO  s.d.s.w.PropertySourcedRequestMappingHandlerMapping - Mapped URL path [/v2/api-docs] onto method [springfox.documentation.swagger2.web.Swagger2Controller#getDocumentation(String, HttpServletRequest)]
2022-06-19 13:22:49.210 [main] INFO  o.s.scheduling.concurrent.ThreadPoolTaskExecutor - Initializing ExecutorService 'applicationTaskExecutor'
2022-06-19 13:22:49.803 [main] INFO  s.d.s.web.plugins.DocumentationPluginsBootstrapper - Context refreshed
2022-06-19 13:22:49.823 [main] INFO  s.d.s.web.plugins.DocumentationPluginsBootstrapper - Found 1 custom documentation plugin(s)
2022-06-19 13:22:49.861 [main] INFO  s.d.spring.web.scanners.ApiListingReferenceScanner - Scanning for api listing references
2022-06-19 13:22:50.188 [main] INFO  org.apache.coyote.http11.Http11NioProtocol - Starting ProtocolHandler ["http-nio-8001"]
2022-06-19 13:22:50.220 [main] INFO  o.s.boot.web.embedded.tomcat.TomcatWebServer - Tomcat started on port(s): 8001 (http) with context path ''
2022-06-19 13:22:50.226 [main] INFO  com.luobin.demo.edu.EduApplication - Started EduApplication in 5.901 seconds (JVM running for 7.161)
2022-06-19 13:22:51.048 [http-nio-8001-exec-1] INFO  o.a.c.core.ContainerBase.[Tomcat].[localhost].[/] - Initializing Spring DispatcherServlet 'dispatcherServlet'
2022-06-19 13:22:51.049 [http-nio-8001-exec-1] INFO  org.springframework.web.servlet.DispatcherServlet - Initializing Servlet 'dispatcherServlet'
2022-06-19 13:22:51.061 [http-nio-8001-exec-1] INFO  org.springframework.web.servlet.DispatcherServlet - Completed initialization in 12 ms
2022-06-19 13:24:35.394 [SpringContextShutdownHook] INFO  o.s.scheduling.concurrent.ThreadPoolTaskExecutor - Shutting down ExecutorService 'applicationTaskExecutor'
2022-06-19 13:24:35.396 [SpringContextShutdownHook] INFO  com.zaxxer.hikari.HikariDataSource - HikariPool-1 - Shutdown initiated...
2022-06-19 13:24:35.416 [SpringContextShutdownHook] INFO  com.zaxxer.hikari.HikariDataSource - HikariPool-1 - Shutdown completed.
2022-06-19 13:24:42.741 [main] INFO  com.luobin.demo.edu.EduApplication - Starting EduApplication on LAPTOP-EMPL0VD0 with PID 22732 (C:\Users\YIMENG\Desktop\guli_parent_plus-master\service\service-edu\target\classes started by YIMENG in C:\Users\YIMENG\Desktop\guli_parent_plus-master)
2022-06-19 13:24:42.744 [main] INFO  com.luobin.demo.edu.EduApplication - The following profiles are active: dev
2022-06-19 13:24:43.963 [main] INFO  o.s.d.r.config.RepositoryConfigurationDelegate - Multiple Spring Data modules found, entering strict repository configuration mode!
2022-06-19 13:24:43.966 [main] INFO  o.s.d.r.config.RepositoryConfigurationDelegate - Bootstrapping Spring Data repositories in DEFAULT mode.
2022-06-19 13:24:44.008 [main] INFO  o.s.d.r.config.RepositoryConfigurationDelegate - Finished Spring Data repository scanning in 24ms. Found 0 repository interfaces.
2022-06-19 13:24:44.358 [main] INFO  o.s.c.s.PostProcessorRegistrationDelegate$BeanPostProcessorChecker - Bean 'org.springframework.transaction.annotation.ProxyTransactionManagementConfiguration' of type [org.springframework.transaction.annotation.ProxyTransactionManagementConfiguration] is not eligible for getting processed by all BeanPostProcessors (for example: not eligible for auto-proxying)
2022-06-19 13:24:44.650 [main] INFO  o.s.boot.web.embedded.tomcat.TomcatWebServer - Tomcat initialized with port(s): 8001 (http)
2022-06-19 13:24:44.660 [main] INFO  org.apache.coyote.http11.Http11NioProtocol - Initializing ProtocolHandler ["http-nio-8001"]
2022-06-19 13:24:44.660 [main] INFO  org.apache.catalina.core.StandardService - Starting service [Tomcat]
2022-06-19 13:24:44.661 [main] INFO  org.apache.catalina.core.StandardEngine - Starting Servlet engine: [Apache Tomcat/9.0.27]
2022-06-19 13:24:44.784 [main] INFO  o.a.c.core.ContainerBase.[Tomcat].[localhost].[/] - Initializing Spring embedded WebApplicationContext
2022-06-19 13:24:44.785 [main] INFO  org.springframework.web.context.ContextLoader - Root WebApplicationContext: initialization completed in 1992 ms
2022-06-19 13:24:45.017 [main] INFO  com.zaxxer.hikari.HikariDataSource - HikariPool-1 - Starting...
2022-06-19 13:24:45.422 [main] INFO  com.zaxxer.hikari.HikariDataSource - HikariPool-1 - Start completed.
2022-06-19 13:24:46.153 [main] INFO  s.d.s.w.PropertySourcedRequestMappingHandlerMapping - Mapped URL path [/v2/api-docs] onto method [springfox.documentation.swagger2.web.Swagger2Controller#getDocumentation(String, HttpServletRequest)]
2022-06-19 13:24:46.267 [main] INFO  o.s.scheduling.concurrent.ThreadPoolTaskExecutor - Initializing ExecutorService 'applicationTaskExecutor'
2022-06-19 13:24:46.772 [main] INFO  s.d.s.web.plugins.DocumentationPluginsBootstrapper - Context refreshed
2022-06-19 13:24:46.790 [main] INFO  s.d.s.web.plugins.DocumentationPluginsBootstrapper - Found 1 custom documentation plugin(s)
2022-06-19 13:24:46.830 [main] INFO  s.d.spring.web.scanners.ApiListingReferenceScanner - Scanning for api listing references
2022-06-19 13:24:47.046 [main] INFO  org.apache.coyote.http11.Http11NioProtocol - Starting ProtocolHandler ["http-nio-8001"]
2022-06-19 13:24:47.072 [main] INFO  o.s.boot.web.embedded.tomcat.TomcatWebServer - Tomcat started on port(s): 8001 (http) with context path ''
2022-06-19 13:24:47.075 [main] INFO  com.luobin.demo.edu.EduApplication - Started EduApplication in 4.881 seconds (JVM running for 5.984)
2022-06-19 13:24:52.332 [http-nio-8001-exec-1] INFO  o.a.c.core.ContainerBase.[Tomcat].[localhost].[/] - Initializing Spring DispatcherServlet 'dispatcherServlet'
2022-06-19 13:24:52.333 [http-nio-8001-exec-1] INFO  org.springframework.web.servlet.DispatcherServlet - Initializing Servlet 'dispatcherServlet'
2022-06-19 13:24:52.342 [http-nio-8001-exec-1] INFO  org.springframework.web.servlet.DispatcherServlet - Completed initialization in 9 ms
2022-06-19 15:53:13.040 [SpringContextShutdownHook] INFO  o.s.scheduling.concurrent.ThreadPoolTaskExecutor - Shutting down ExecutorService 'applicationTaskExecutor'
2022-06-19 15:53:13.041 [SpringContextShutdownHook] INFO  com.zaxxer.hikari.HikariDataSource - HikariPool-1 - Shutdown initiated...
2022-06-19 15:53:13.055 [SpringContextShutdownHook] INFO  com.zaxxer.hikari.HikariDataSource - HikariPool-1 - Shutdown completed.
2022-06-19 15:53:23.949 [main] INFO  com.luobin.demo.edu.EduApplication - Starting EduApplication on LAPTOP-EMPL0VD0 with PID 23148 (C:\Users\YIMENG\Desktop\guli_parent_plus-master\service\service-edu\target\classes started by YIMENG in C:\Users\YIMENG\Desktop\guli_parent_plus-master)
2022-06-19 15:53:23.953 [main] INFO  com.luobin.demo.edu.EduApplication - The following profiles are active: dev
2022-06-19 15:53:25.261 [main] INFO  o.s.d.r.config.RepositoryConfigurationDelegate - Multiple Spring Data modules found, entering strict repository configuration mode!
2022-06-19 15:53:25.265 [main] INFO  o.s.d.r.config.RepositoryConfigurationDelegate - Bootstrapping Spring Data repositories in DEFAULT mode.
2022-06-19 15:53:25.306 [main] INFO  o.s.d.r.config.RepositoryConfigurationDelegate - Finished Spring Data repository scanning in 22ms. Found 0 repository interfaces.
2022-06-19 15:53:25.662 [main] INFO  o.s.c.s.PostProcessorRegistrationDelegate$BeanPostProcessorChecker - Bean 'org.springframework.transaction.annotation.ProxyTransactionManagementConfiguration' of type [org.springframework.transaction.annotation.ProxyTransactionManagementConfiguration] is not eligible for getting processed by all BeanPostProcessors (for example: not eligible for auto-proxying)
2022-06-19 15:53:25.976 [main] INFO  o.s.boot.web.embedded.tomcat.TomcatWebServer - Tomcat initialized with port(s): 8001 (http)
2022-06-19 15:53:25.987 [main] INFO  org.apache.coyote.http11.Http11NioProtocol - Initializing ProtocolHandler ["http-nio-8001"]
2022-06-19 15:53:25.988 [main] INFO  org.apache.catalina.core.StandardService - Starting service [Tomcat]
2022-06-19 15:53:25.989 [main] INFO  org.apache.catalina.core.StandardEngine - Starting Servlet engine: [Apache Tomcat/9.0.27]
2022-06-19 15:53:26.108 [main] INFO  o.a.c.core.ContainerBase.[Tomcat].[localhost].[/] - Initializing Spring embedded WebApplicationContext
2022-06-19 15:53:26.108 [main] INFO  org.springframework.web.context.ContextLoader - Root WebApplicationContext: initialization completed in 2078 ms
2022-06-19 15:53:26.338 [main] INFO  com.zaxxer.hikari.HikariDataSource - HikariPool-1 - Starting...
2022-06-19 15:53:26.831 [main] INFO  com.zaxxer.hikari.HikariDataSource - HikariPool-1 - Start completed.
2022-06-19 15:53:27.562 [main] INFO  s.d.s.w.PropertySourcedRequestMappingHandlerMapping - Mapped URL path [/v2/api-docs] onto method [springfox.documentation.swagger2.web.Swagger2Controller#getDocumentation(String, HttpServletRequest)]
2022-06-19 15:53:27.682 [main] INFO  o.s.scheduling.concurrent.ThreadPoolTaskExecutor - Initializing ExecutorService 'applicationTaskExecutor'
2022-06-19 15:53:28.187 [main] INFO  s.d.s.web.plugins.DocumentationPluginsBootstrapper - Context refreshed
2022-06-19 15:53:28.205 [main] INFO  s.d.s.web.plugins.DocumentationPluginsBootstrapper - Found 1 custom documentation plugin(s)
2022-06-19 15:53:28.249 [main] INFO  s.d.spring.web.scanners.ApiListingReferenceScanner - Scanning for api listing references
2022-06-19 15:53:28.518 [main] INFO  org.apache.coyote.http11.Http11NioProtocol - Starting ProtocolHandler ["http-nio-8001"]
2022-06-19 15:53:28.566 [main] INFO  o.s.boot.web.embedded.tomcat.TomcatWebServer - Tomcat started on port(s): 8001 (http) with context path ''
2022-06-19 15:53:28.571 [main] INFO  com.luobin.demo.edu.EduApplication - Started EduApplication in 5.162 seconds (JVM running for 6.34)
2022-06-19 15:53:38.227 [http-nio-8001-exec-10] INFO  o.a.c.core.ContainerBase.[Tomcat].[localhost].[/] - Initializing Spring DispatcherServlet 'dispatcherServlet'
2022-06-19 15:53:38.228 [http-nio-8001-exec-10] INFO  org.springframework.web.servlet.DispatcherServlet - Initializing Servlet 'dispatcherServlet'
2022-06-19 15:53:38.238 [http-nio-8001-exec-10] INFO  org.springframework.web.servlet.DispatcherServlet - Completed initialization in 9 ms
2022-06-19 15:53:55.512 [http-nio-8001-exec-6] INFO  c.l.demo.edu.service.impl.EduCourseServiceImpl - 传递进来的参数是：CourseInfoVo(teacherId=string, subjectId=string, subjectParentId=string, title=string, price=0, lessonNum=0, cover=string, description=string)
2022-06-19 15:53:55.526 [http-nio-8001-exec-6] INFO  c.l.demo.edu.service.impl.EduCourseServiceImpl - 传出去的 eduCourse 的数值是： EduCourse(id=null, teacherId=string, subjectId=string, subjectParentId=string, title=string, price=0, lessonNum=0, cover=string, buyCount=null, viewCount=null, version=null, status=null, isDeleted=null, gmtCreate=null, gmtModified=null)
2022-06-19 15:53:56.092 [http-nio-8001-exec-6] INFO  c.l.demo.edu.service.impl.EduCourseServiceImpl - 传出去的 eduCourseDescription 数据是 ： EduCourseDescription(id=null, description=string, gmtCreate=null, gmtModified=null)
2022-06-19 16:41:59.748 [SpringContextShutdownHook] INFO  o.s.scheduling.concurrent.ThreadPoolTaskExecutor - Shutting down ExecutorService 'applicationTaskExecutor'
2022-06-19 16:41:59.749 [SpringContextShutdownHook] INFO  com.zaxxer.hikari.HikariDataSource - HikariPool-1 - Shutdown initiated...
2022-06-19 16:41:59.763 [SpringContextShutdownHook] INFO  com.zaxxer.hikari.HikariDataSource - HikariPool-1 - Shutdown completed.
2022-06-19 16:42:08.541 [main] INFO  com.luobin.demo.edu.EduApplication - Starting EduApplication on LAPTOP-EMPL0VD0 with PID 14076 (C:\Users\YIMENG\Desktop\guli_parent_plus-master\service\service-edu\target\classes started by YIMENG in C:\Users\YIMENG\Desktop\guli_parent_plus-master)
2022-06-19 16:42:08.544 [main] INFO  com.luobin.demo.edu.EduApplication - The following profiles are active: dev
2022-06-19 16:42:09.846 [main] INFO  o.s.d.r.config.RepositoryConfigurationDelegate - Multiple Spring Data modules found, entering strict repository configuration mode!
2022-06-19 16:42:09.849 [main] INFO  o.s.d.r.config.RepositoryConfigurationDelegate - Bootstrapping Spring Data repositories in DEFAULT mode.
2022-06-19 16:42:09.891 [main] INFO  o.s.d.r.config.RepositoryConfigurationDelegate - Finished Spring Data repository scanning in 24ms. Found 0 repository interfaces.
2022-06-19 16:42:10.255 [main] INFO  o.s.c.s.PostProcessorRegistrationDelegate$BeanPostProcessorChecker - Bean 'org.springframework.transaction.annotation.ProxyTransactionManagementConfiguration' of type [org.springframework.transaction.annotation.ProxyTransactionManagementConfiguration] is not eligible for getting processed by all BeanPostProcessors (for example: not eligible for auto-proxying)
2022-06-19 16:42:10.565 [main] INFO  o.s.boot.web.embedded.tomcat.TomcatWebServer - Tomcat initialized with port(s): 8001 (http)
2022-06-19 16:42:10.575 [main] INFO  org.apache.coyote.http11.Http11NioProtocol - Initializing ProtocolHandler ["http-nio-8001"]
2022-06-19 16:42:10.576 [main] INFO  org.apache.catalina.core.StandardService - Starting service [Tomcat]
2022-06-19 16:42:10.576 [main] INFO  org.apache.catalina.core.StandardEngine - Starting Servlet engine: [Apache Tomcat/9.0.27]
2022-06-19 16:42:10.717 [main] INFO  o.a.c.core.ContainerBase.[Tomcat].[localhost].[/] - Initializing Spring embedded WebApplicationContext
2022-06-19 16:42:10.717 [main] INFO  org.springframework.web.context.ContextLoader - Root WebApplicationContext: initialization completed in 2121 ms
2022-06-19 16:42:10.996 [main] INFO  com.zaxxer.hikari.HikariDataSource - HikariPool-1 - Starting...
2022-06-19 16:42:11.448 [main] INFO  com.zaxxer.hikari.HikariDataSource - HikariPool-1 - Start completed.
2022-06-19 16:42:12.222 [main] INFO  s.d.s.w.PropertySourcedRequestMappingHandlerMapping - Mapped URL path [/v2/api-docs] onto method [springfox.documentation.swagger2.web.Swagger2Controller#getDocumentation(String, HttpServletRequest)]
2022-06-19 16:42:12.332 [main] INFO  o.s.scheduling.concurrent.ThreadPoolTaskExecutor - Initializing ExecutorService 'applicationTaskExecutor'
2022-06-19 16:42:12.840 [main] INFO  s.d.s.web.plugins.DocumentationPluginsBootstrapper - Context refreshed
2022-06-19 16:42:12.868 [main] INFO  s.d.s.web.plugins.DocumentationPluginsBootstrapper - Found 1 custom documentation plugin(s)
2022-06-19 16:42:12.911 [main] INFO  s.d.spring.web.scanners.ApiListingReferenceScanner - Scanning for api listing references
2022-06-19 16:42:13.127 [main] INFO  org.apache.coyote.http11.Http11NioProtocol - Starting ProtocolHandler ["http-nio-8001"]
2022-06-19 16:42:13.151 [main] INFO  o.s.boot.web.embedded.tomcat.TomcatWebServer - Tomcat started on port(s): 8001 (http) with context path ''
2022-06-19 16:42:13.155 [main] INFO  com.luobin.demo.edu.EduApplication - Started EduApplication in 5.143 seconds (JVM running for 6.371)
2022-06-19 16:43:47.274 [http-nio-8001-exec-3] INFO  o.a.c.core.ContainerBase.[Tomcat].[localhost].[/] - Initializing Spring DispatcherServlet 'dispatcherServlet'
2022-06-19 16:43:47.274 [http-nio-8001-exec-3] INFO  org.springframework.web.servlet.DispatcherServlet - Initializing Servlet 'dispatcherServlet'
2022-06-19 16:43:47.283 [http-nio-8001-exec-3] INFO  org.springframework.web.servlet.DispatcherServlet - Completed initialization in 8 ms
2022-06-19 16:43:47.379 [http-nio-8001-exec-1] INFO  c.l.demo.edu.service.impl.EduCourseServiceImpl - 传递进来的参数是：CourseInfoVo(teacherId=string, subjectId=string, subjectParentId=string, title=string666666, price=0, lessonNum=0, cover=string, description=string666666)
2022-06-19 16:43:47.379 [http-nio-8001-exec-3] INFO  c.l.demo.edu.service.impl.EduCourseServiceImpl - 传递进来的参数是：CourseInfoVo(teacherId=string, subjectId=string, subjectParentId=string, title=string666666, price=0, lessonNum=0, cover=string, description=string666666)
2022-06-19 16:43:47.400 [http-nio-8001-exec-1] INFO  c.l.demo.edu.service.impl.EduCourseServiceImpl - 传出去的 eduCourse 的数值是： EduCourse(id=null, teacherId=string, subjectId=string, subjectParentId=string, title=string666666, price=0, lessonNum=0, cover=string, buyCount=null, viewCount=null, version=null, status=null, isDeleted=null, gmtCreate=null, gmtModified=null)
2022-06-19 16:43:47.401 [http-nio-8001-exec-3] INFO  c.l.demo.edu.service.impl.EduCourseServiceImpl - 传出去的 eduCourse 的数值是： EduCourse(id=null, teacherId=string, subjectId=string, subjectParentId=string, title=string666666, price=0, lessonNum=0, cover=string, buyCount=null, viewCount=null, version=null, status=null, isDeleted=null, gmtCreate=null, gmtModified=null)
2022-06-19 16:43:48.181 [http-nio-8001-exec-3] INFO  c.l.demo.edu.service.impl.EduCourseServiceImpl - 传出去的 eduCourseDescription 数据是 ： EduCourseDescription(id=null, description=string666666, gmtCreate=null, gmtModified=null)
2022-06-19 16:43:48.182 [http-nio-8001-exec-1] INFO  c.l.demo.edu.service.impl.EduCourseServiceImpl - 传出去的 eduCourseDescription 数据是 ： EduCourseDescription(id=null, description=string666666, gmtCreate=null, gmtModified=null)
2022-06-19 16:46:53.558 [http-nio-8001-exec-5] INFO  c.l.demo.edu.service.impl.EduCourseServiceImpl - 传递进来的参数是：CourseInfoVo(teacherId=string, subjectId=string, subjectParentId=string, title=string666666, price=0, lessonNum=0, cover=string, description=string666666)
2022-06-19 16:46:53.558 [http-nio-8001-exec-5] INFO  c.l.demo.edu.service.impl.EduCourseServiceImpl - 传出去的 eduCourse 的数值是： EduCourse(id=null, teacherId=string, subjectId=string, subjectParentId=string, title=string666666, price=0, lessonNum=0, cover=string, buyCount=null, viewCount=null, version=null, status=null, isDeleted=null, gmtCreate=null, gmtModified=null)
2022-06-19 16:46:53.927 [http-nio-8001-exec-5] INFO  c.l.demo.edu.service.impl.EduCourseServiceImpl - 传出去的 eduCourseDescription 数据是 ： EduCourseDescription(id=null, description=string666666, gmtCreate=null, gmtModified=null)
2022-06-19 16:46:59.485 [http-nio-8001-exec-6] INFO  c.l.demo.edu.service.impl.EduCourseServiceImpl - 传递进来的参数是：CourseInfoVo(teacherId=string, subjectId=string, subjectParentId=string, title=string666666, price=0, lessonNum=0, cover=string, description=string666666)
2022-06-19 16:46:59.486 [http-nio-8001-exec-6] INFO  c.l.demo.edu.service.impl.EduCourseServiceImpl - 传出去的 eduCourse 的数值是： EduCourse(id=null, teacherId=string, subjectId=string, subjectParentId=string, title=string666666, price=0, lessonNum=0, cover=string, buyCount=null, viewCount=null, version=null, status=null, isDeleted=null, gmtCreate=null, gmtModified=null)
2022-06-19 16:46:59.619 [http-nio-8001-exec-6] INFO  c.l.demo.edu.service.impl.EduCourseServiceImpl - 传出去的 eduCourseDescription 数据是 ： EduCourseDescription(id=null, description=string666666, gmtCreate=null, gmtModified=null)
2022-06-19 18:14:19.770 [http-nio-8001-exec-4] INFO  c.l.demo.edu.service.impl.EduSubjectServiceImpl - 数据库查询出来的二级分类所有结果是：[EduSubject(id=1537714206202191873, title=vue, parentId=1537714205472382977, sort=0, gmtCreate=Fri Jun 17 16:30:11 GMT+08:00 2022, gmtModified=Fri Jun 17 16:30:11 GMT+08:00 2022), EduSubject(id=1537714206466433025, title=html, parentId=1537714205472382977, sort=0, gmtCreate=Fri Jun 17 16:30:11 GMT+08:00 2022, gmtModified=Fri Jun 17 16:30:11 GMT+08:00 2022), EduSubject(id=1537714206801977346, title=javascript, parentId=1537714205472382977, sort=0, gmtCreate=Fri Jun 17 16:30:11 GMT+08:00 2022, gmtModified=Fri Jun 17 16:30:11 GMT+08:00 2022), EduSubject(id=1537714207322071042, title=java, parentId=1537714207066218498, sort=0, gmtCreate=Fri Jun 17 16:30:11 GMT+08:00 2022, gmtModified=Fri Jun 17 16:30:11 GMT+08:00 2022), EduSubject(id=1537714207590506497, title=python, parentId=1537714207066218498, sort=0, gmtCreate=Fri Jun 17 16:30:11 GMT+08:00 2022, gmtModified=Fri Jun 17 16:30:11 GMT+08:00 2022), EduSubject(id=1537714208236429313, title=1.0, parentId=1537714207976382466, sort=0, gmtCreate=Fri Jun 17 16:30:11 GMT+08:00 2022, gmtModified=Fri Jun 17 16:30:11 GMT+08:00 2022), EduSubject(id=1537714208823631873, title=2.0, parentId=1537714208500670465, sort=0, gmtCreate=Fri Jun 17 16:30:11 GMT+08:00 2022, gmtModified=Fri Jun 17 16:30:11 GMT+08:00 2022)]
2022-06-19 18:14:19.771 [http-nio-8001-exec-4] INFO  c.l.demo.edu.service.impl.EduSubjectServiceImpl - 数据库查询出来的二级分类所有结果是：[EduSubject(id=1537714206202191873, title=vue, parentId=1537714205472382977, sort=0, gmtCreate=Fri Jun 17 16:30:11 GMT+08:00 2022, gmtModified=Fri Jun 17 16:30:11 GMT+08:00 2022), EduSubject(id=1537714206466433025, title=html, parentId=1537714205472382977, sort=0, gmtCreate=Fri Jun 17 16:30:11 GMT+08:00 2022, gmtModified=Fri Jun 17 16:30:11 GMT+08:00 2022), EduSubject(id=1537714206801977346, title=javascript, parentId=1537714205472382977, sort=0, gmtCreate=Fri Jun 17 16:30:11 GMT+08:00 2022, gmtModified=Fri Jun 17 16:30:11 GMT+08:00 2022), EduSubject(id=1537714207322071042, title=java, parentId=1537714207066218498, sort=0, gmtCreate=Fri Jun 17 16:30:11 GMT+08:00 2022, gmtModified=Fri Jun 17 16:30:11 GMT+08:00 2022), EduSubject(id=1537714207590506497, title=python, parentId=1537714207066218498, sort=0, gmtCreate=Fri Jun 17 16:30:11 GMT+08:00 2022, gmtModified=Fri Jun 17 16:30:11 GMT+08:00 2022), EduSubject(id=1537714208236429313, title=1.0, parentId=1537714207976382466, sort=0, gmtCreate=Fri Jun 17 16:30:11 GMT+08:00 2022, gmtModified=Fri Jun 17 16:30:11 GMT+08:00 2022), EduSubject(id=1537714208823631873, title=2.0, parentId=1537714208500670465, sort=0, gmtCreate=Fri Jun 17 16:30:11 GMT+08:00 2022, gmtModified=Fri Jun 17 16:30:11 GMT+08:00 2022)]
2022-06-19 18:14:19.786 [http-nio-8001-exec-4] INFO  c.l.demo.edu.service.impl.EduSubjectServiceImpl - 找到的二级分类是： [TwoSubject(id=1537714206202191873, title=vue), TwoSubject(id=1537714206466433025, title=html), TwoSubject(id=1537714206801977346, title=javascript)]
2022-06-19 18:14:19.788 [http-nio-8001-exec-4] INFO  c.l.demo.edu.service.impl.EduSubjectServiceImpl - 找到的二级分类是： [TwoSubject(id=1537714207322071042, title=java), TwoSubject(id=1537714207590506497, title=python)]
2022-06-19 18:14:19.788 [http-nio-8001-exec-4] INFO  c.l.demo.edu.service.impl.EduSubjectServiceImpl - 找到的二级分类是： [TwoSubject(id=1537714208236429313, title=1.0)]
2022-06-19 18:14:19.788 [http-nio-8001-exec-4] INFO  c.l.demo.edu.service.impl.EduSubjectServiceImpl - 找到的二级分类是： [TwoSubject(id=1537714208823631873, title=2.0)]
2022-06-19 18:29:24.939 [http-nio-8001-exec-3] INFO  c.l.demo.edu.service.impl.EduSubjectServiceImpl - 数据库查询出来的二级分类所有结果是：[EduSubject(id=1537714206202191873, title=vue, parentId=1537714205472382977, sort=0, gmtCreate=Fri Jun 17 16:30:11 GMT+08:00 2022, gmtModified=Fri Jun 17 16:30:11 GMT+08:00 2022), EduSubject(id=1537714206466433025, title=html, parentId=1537714205472382977, sort=0, gmtCreate=Fri Jun 17 16:30:11 GMT+08:00 2022, gmtModified=Fri Jun 17 16:30:11 GMT+08:00 2022), EduSubject(id=1537714206801977346, title=javascript, parentId=1537714205472382977, sort=0, gmtCreate=Fri Jun 17 16:30:11 GMT+08:00 2022, gmtModified=Fri Jun 17 16:30:11 GMT+08:00 2022), EduSubject(id=1537714207322071042, title=java, parentId=1537714207066218498, sort=0, gmtCreate=Fri Jun 17 16:30:11 GMT+08:00 2022, gmtModified=Fri Jun 17 16:30:11 GMT+08:00 2022), EduSubject(id=1537714207590506497, title=python, parentId=1537714207066218498, sort=0, gmtCreate=Fri Jun 17 16:30:11 GMT+08:00 2022, gmtModified=Fri Jun 17 16:30:11 GMT+08:00 2022), EduSubject(id=1537714208236429313, title=1.0, parentId=1537714207976382466, sort=0, gmtCreate=Fri Jun 17 16:30:11 GMT+08:00 2022, gmtModified=Fri Jun 17 16:30:11 GMT+08:00 2022), EduSubject(id=1537714208823631873, title=2.0, parentId=1537714208500670465, sort=0, gmtCreate=Fri Jun 17 16:30:11 GMT+08:00 2022, gmtModified=Fri Jun 17 16:30:11 GMT+08:00 2022)]
2022-06-19 18:29:24.940 [http-nio-8001-exec-3] INFO  c.l.demo.edu.service.impl.EduSubjectServiceImpl - 数据库查询出来的二级分类所有结果是：[EduSubject(id=1537714206202191873, title=vue, parentId=1537714205472382977, sort=0, gmtCreate=Fri Jun 17 16:30:11 GMT+08:00 2022, gmtModified=Fri Jun 17 16:30:11 GMT+08:00 2022), EduSubject(id=1537714206466433025, title=html, parentId=1537714205472382977, sort=0, gmtCreate=Fri Jun 17 16:30:11 GMT+08:00 2022, gmtModified=Fri Jun 17 16:30:11 GMT+08:00 2022), EduSubject(id=1537714206801977346, title=javascript, parentId=1537714205472382977, sort=0, gmtCreate=Fri Jun 17 16:30:11 GMT+08:00 2022, gmtModified=Fri Jun 17 16:30:11 GMT+08:00 2022), EduSubject(id=1537714207322071042, title=java, parentId=1537714207066218498, sort=0, gmtCreate=Fri Jun 17 16:30:11 GMT+08:00 2022, gmtModified=Fri Jun 17 16:30:11 GMT+08:00 2022), EduSubject(id=1537714207590506497, title=python, parentId=1537714207066218498, sort=0, gmtCreate=Fri Jun 17 16:30:11 GMT+08:00 2022, gmtModified=Fri Jun 17 16:30:11 GMT+08:00 2022), EduSubject(id=1537714208236429313, title=1.0, parentId=1537714207976382466, sort=0, gmtCreate=Fri Jun 17 16:30:11 GMT+08:00 2022, gmtModified=Fri Jun 17 16:30:11 GMT+08:00 2022), EduSubject(id=1537714208823631873, title=2.0, parentId=1537714208500670465, sort=0, gmtCreate=Fri Jun 17 16:30:11 GMT+08:00 2022, gmtModified=Fri Jun 17 16:30:11 GMT+08:00 2022)]
2022-06-19 18:29:24.940 [http-nio-8001-exec-3] INFO  c.l.demo.edu.service.impl.EduSubjectServiceImpl - 找到的二级分类是： [TwoSubject(id=1537714206202191873, title=vue), TwoSubject(id=1537714206466433025, title=html), TwoSubject(id=1537714206801977346, title=javascript)]
2022-06-19 18:29:24.941 [http-nio-8001-exec-3] INFO  c.l.demo.edu.service.impl.EduSubjectServiceImpl - 找到的二级分类是： [TwoSubject(id=1537714207322071042, title=java), TwoSubject(id=1537714207590506497, title=python)]
2022-06-19 18:29:24.941 [http-nio-8001-exec-3] INFO  c.l.demo.edu.service.impl.EduSubjectServiceImpl - 找到的二级分类是： [TwoSubject(id=1537714208236429313, title=1.0)]
2022-06-19 18:29:24.942 [http-nio-8001-exec-3] INFO  c.l.demo.edu.service.impl.EduSubjectServiceImpl - 找到的二级分类是： [TwoSubject(id=1537714208823631873, title=2.0)]
2022-06-19 18:29:27.349 [http-nio-8001-exec-1] INFO  c.l.demo.edu.service.impl.EduSubjectServiceImpl - 数据库查询出来的二级分类所有结果是：[EduSubject(id=1537714206202191873, title=vue, parentId=1537714205472382977, sort=0, gmtCreate=Fri Jun 17 16:30:11 GMT+08:00 2022, gmtModified=Fri Jun 17 16:30:11 GMT+08:00 2022), EduSubject(id=1537714206466433025, title=html, parentId=1537714205472382977, sort=0, gmtCreate=Fri Jun 17 16:30:11 GMT+08:00 2022, gmtModified=Fri Jun 17 16:30:11 GMT+08:00 2022), EduSubject(id=1537714206801977346, title=javascript, parentId=1537714205472382977, sort=0, gmtCreate=Fri Jun 17 16:30:11 GMT+08:00 2022, gmtModified=Fri Jun 17 16:30:11 GMT+08:00 2022), EduSubject(id=1537714207322071042, title=java, parentId=1537714207066218498, sort=0, gmtCreate=Fri Jun 17 16:30:11 GMT+08:00 2022, gmtModified=Fri Jun 17 16:30:11 GMT+08:00 2022), EduSubject(id=1537714207590506497, title=python, parentId=1537714207066218498, sort=0, gmtCreate=Fri Jun 17 16:30:11 GMT+08:00 2022, gmtModified=Fri Jun 17 16:30:11 GMT+08:00 2022), EduSubject(id=1537714208236429313, title=1.0, parentId=1537714207976382466, sort=0, gmtCreate=Fri Jun 17 16:30:11 GMT+08:00 2022, gmtModified=Fri Jun 17 16:30:11 GMT+08:00 2022), EduSubject(id=1537714208823631873, title=2.0, parentId=1537714208500670465, sort=0, gmtCreate=Fri Jun 17 16:30:11 GMT+08:00 2022, gmtModified=Fri Jun 17 16:30:11 GMT+08:00 2022)]
2022-06-19 18:29:27.350 [http-nio-8001-exec-1] INFO  c.l.demo.edu.service.impl.EduSubjectServiceImpl - 数据库查询出来的二级分类所有结果是：[EduSubject(id=1537714206202191873, title=vue, parentId=1537714205472382977, sort=0, gmtCreate=Fri Jun 17 16:30:11 GMT+08:00 2022, gmtModified=Fri Jun 17 16:30:11 GMT+08:00 2022), EduSubject(id=1537714206466433025, title=html, parentId=1537714205472382977, sort=0, gmtCreate=Fri Jun 17 16:30:11 GMT+08:00 2022, gmtModified=Fri Jun 17 16:30:11 GMT+08:00 2022), EduSubject(id=1537714206801977346, title=javascript, parentId=1537714205472382977, sort=0, gmtCreate=Fri Jun 17 16:30:11 GMT+08:00 2022, gmtModified=Fri Jun 17 16:30:11 GMT+08:00 2022), EduSubject(id=1537714207322071042, title=java, parentId=1537714207066218498, sort=0, gmtCreate=Fri Jun 17 16:30:11 GMT+08:00 2022, gmtModified=Fri Jun 17 16:30:11 GMT+08:00 2022), EduSubject(id=1537714207590506497, title=python, parentId=1537714207066218498, sort=0, gmtCreate=Fri Jun 17 16:30:11 GMT+08:00 2022, gmtModified=Fri Jun 17 16:30:11 GMT+08:00 2022), EduSubject(id=1537714208236429313, title=1.0, parentId=1537714207976382466, sort=0, gmtCreate=Fri Jun 17 16:30:11 GMT+08:00 2022, gmtModified=Fri Jun 17 16:30:11 GMT+08:00 2022), EduSubject(id=1537714208823631873, title=2.0, parentId=1537714208500670465, sort=0, gmtCreate=Fri Jun 17 16:30:11 GMT+08:00 2022, gmtModified=Fri Jun 17 16:30:11 GMT+08:00 2022)]
2022-06-19 18:29:27.352 [http-nio-8001-exec-1] INFO  c.l.demo.edu.service.impl.EduSubjectServiceImpl - 找到的二级分类是： [TwoSubject(id=1537714206202191873, title=vue), TwoSubject(id=1537714206466433025, title=html), TwoSubject(id=1537714206801977346, title=javascript)]
2022-06-19 18:29:27.353 [http-nio-8001-exec-1] INFO  c.l.demo.edu.service.impl.EduSubjectServiceImpl - 找到的二级分类是： [TwoSubject(id=1537714207322071042, title=java), TwoSubject(id=1537714207590506497, title=python)]
2022-06-19 18:29:27.354 [http-nio-8001-exec-1] INFO  c.l.demo.edu.service.impl.EduSubjectServiceImpl - 找到的二级分类是： [TwoSubject(id=1537714208236429313, title=1.0)]
2022-06-19 18:29:27.354 [http-nio-8001-exec-1] INFO  c.l.demo.edu.service.impl.EduSubjectServiceImpl - 找到的二级分类是： [TwoSubject(id=1537714208823631873, title=2.0)]
2022-06-19 18:29:30.222 [http-nio-8001-exec-4] INFO  c.l.demo.edu.service.impl.EduSubjectServiceImpl - 数据库查询出来的二级分类所有结果是：[EduSubject(id=1537714206202191873, title=vue, parentId=1537714205472382977, sort=0, gmtCreate=Fri Jun 17 16:30:11 GMT+08:00 2022, gmtModified=Fri Jun 17 16:30:11 GMT+08:00 2022), EduSubject(id=1537714206466433025, title=html, parentId=1537714205472382977, sort=0, gmtCreate=Fri Jun 17 16:30:11 GMT+08:00 2022, gmtModified=Fri Jun 17 16:30:11 GMT+08:00 2022), EduSubject(id=1537714206801977346, title=javascript, parentId=1537714205472382977, sort=0, gmtCreate=Fri Jun 17 16:30:11 GMT+08:00 2022, gmtModified=Fri Jun 17 16:30:11 GMT+08:00 2022), EduSubject(id=1537714207322071042, title=java, parentId=1537714207066218498, sort=0, gmtCreate=Fri Jun 17 16:30:11 GMT+08:00 2022, gmtModified=Fri Jun 17 16:30:11 GMT+08:00 2022), EduSubject(id=1537714207590506497, title=python, parentId=1537714207066218498, sort=0, gmtCreate=Fri Jun 17 16:30:11 GMT+08:00 2022, gmtModified=Fri Jun 17 16:30:11 GMT+08:00 2022), EduSubject(id=1537714208236429313, title=1.0, parentId=1537714207976382466, sort=0, gmtCreate=Fri Jun 17 16:30:11 GMT+08:00 2022, gmtModified=Fri Jun 17 16:30:11 GMT+08:00 2022), EduSubject(id=1537714208823631873, title=2.0, parentId=1537714208500670465, sort=0, gmtCreate=Fri Jun 17 16:30:11 GMT+08:00 2022, gmtModified=Fri Jun 17 16:30:11 GMT+08:00 2022)]
2022-06-19 18:29:30.222 [http-nio-8001-exec-4] INFO  c.l.demo.edu.service.impl.EduSubjectServiceImpl - 数据库查询出来的二级分类所有结果是：[EduSubject(id=1537714206202191873, title=vue, parentId=1537714205472382977, sort=0, gmtCreate=Fri Jun 17 16:30:11 GMT+08:00 2022, gmtModified=Fri Jun 17 16:30:11 GMT+08:00 2022), EduSubject(id=1537714206466433025, title=html, parentId=1537714205472382977, sort=0, gmtCreate=Fri Jun 17 16:30:11 GMT+08:00 2022, gmtModified=Fri Jun 17 16:30:11 GMT+08:00 2022), EduSubject(id=1537714206801977346, title=javascript, parentId=1537714205472382977, sort=0, gmtCreate=Fri Jun 17 16:30:11 GMT+08:00 2022, gmtModified=Fri Jun 17 16:30:11 GMT+08:00 2022), EduSubject(id=1537714207322071042, title=java, parentId=1537714207066218498, sort=0, gmtCreate=Fri Jun 17 16:30:11 GMT+08:00 2022, gmtModified=Fri Jun 17 16:30:11 GMT+08:00 2022), EduSubject(id=1537714207590506497, title=python, parentId=1537714207066218498, sort=0, gmtCreate=Fri Jun 17 16:30:11 GMT+08:00 2022, gmtModified=Fri Jun 17 16:30:11 GMT+08:00 2022), EduSubject(id=1537714208236429313, title=1.0, parentId=1537714207976382466, sort=0, gmtCreate=Fri Jun 17 16:30:11 GMT+08:00 2022, gmtModified=Fri Jun 17 16:30:11 GMT+08:00 2022), EduSubject(id=1537714208823631873, title=2.0, parentId=1537714208500670465, sort=0, gmtCreate=Fri Jun 17 16:30:11 GMT+08:00 2022, gmtModified=Fri Jun 17 16:30:11 GMT+08:00 2022)]
2022-06-19 18:29:30.223 [http-nio-8001-exec-4] INFO  c.l.demo.edu.service.impl.EduSubjectServiceImpl - 找到的二级分类是： [TwoSubject(id=1537714206202191873, title=vue), TwoSubject(id=1537714206466433025, title=html), TwoSubject(id=1537714206801977346, title=javascript)]
2022-06-19 18:29:30.223 [http-nio-8001-exec-4] INFO  c.l.demo.edu.service.impl.EduSubjectServiceImpl - 找到的二级分类是： [TwoSubject(id=1537714207322071042, title=java), TwoSubject(id=1537714207590506497, title=python)]
2022-06-19 18:29:30.223 [http-nio-8001-exec-4] INFO  c.l.demo.edu.service.impl.EduSubjectServiceImpl - 找到的二级分类是： [TwoSubject(id=1537714208236429313, title=1.0)]
2022-06-19 18:29:30.224 [http-nio-8001-exec-4] INFO  c.l.demo.edu.service.impl.EduSubjectServiceImpl - 找到的二级分类是： [TwoSubject(id=1537714208823631873, title=2.0)]
2022-06-19 18:29:31.425 [http-nio-8001-exec-2] INFO  c.l.demo.edu.service.impl.EduSubjectServiceImpl - 数据库查询出来的二级分类所有结果是：[EduSubject(id=1537714206202191873, title=vue, parentId=1537714205472382977, sort=0, gmtCreate=Fri Jun 17 16:30:11 GMT+08:00 2022, gmtModified=Fri Jun 17 16:30:11 GMT+08:00 2022), EduSubject(id=1537714206466433025, title=html, parentId=1537714205472382977, sort=0, gmtCreate=Fri Jun 17 16:30:11 GMT+08:00 2022, gmtModified=Fri Jun 17 16:30:11 GMT+08:00 2022), EduSubject(id=1537714206801977346, title=javascript, parentId=1537714205472382977, sort=0, gmtCreate=Fri Jun 17 16:30:11 GMT+08:00 2022, gmtModified=Fri Jun 17 16:30:11 GMT+08:00 2022), EduSubject(id=1537714207322071042, title=java, parentId=1537714207066218498, sort=0, gmtCreate=Fri Jun 17 16:30:11 GMT+08:00 2022, gmtModified=Fri Jun 17 16:30:11 GMT+08:00 2022), EduSubject(id=1537714207590506497, title=python, parentId=1537714207066218498, sort=0, gmtCreate=Fri Jun 17 16:30:11 GMT+08:00 2022, gmtModified=Fri Jun 17 16:30:11 GMT+08:00 2022), EduSubject(id=1537714208236429313, title=1.0, parentId=1537714207976382466, sort=0, gmtCreate=Fri Jun 17 16:30:11 GMT+08:00 2022, gmtModified=Fri Jun 17 16:30:11 GMT+08:00 2022), EduSubject(id=1537714208823631873, title=2.0, parentId=1537714208500670465, sort=0, gmtCreate=Fri Jun 17 16:30:11 GMT+08:00 2022, gmtModified=Fri Jun 17 16:30:11 GMT+08:00 2022)]
2022-06-19 18:29:31.425 [http-nio-8001-exec-2] INFO  c.l.demo.edu.service.impl.EduSubjectServiceImpl - 数据库查询出来的二级分类所有结果是：[EduSubject(id=1537714206202191873, title=vue, parentId=1537714205472382977, sort=0, gmtCreate=Fri Jun 17 16:30:11 GMT+08:00 2022, gmtModified=Fri Jun 17 16:30:11 GMT+08:00 2022), EduSubject(id=1537714206466433025, title=html, parentId=1537714205472382977, sort=0, gmtCreate=Fri Jun 17 16:30:11 GMT+08:00 2022, gmtModified=Fri Jun 17 16:30:11 GMT+08:00 2022), EduSubject(id=1537714206801977346, title=javascript, parentId=1537714205472382977, sort=0, gmtCreate=Fri Jun 17 16:30:11 GMT+08:00 2022, gmtModified=Fri Jun 17 16:30:11 GMT+08:00 2022), EduSubject(id=1537714207322071042, title=java, parentId=1537714207066218498, sort=0, gmtCreate=Fri Jun 17 16:30:11 GMT+08:00 2022, gmtModified=Fri Jun 17 16:30:11 GMT+08:00 2022), EduSubject(id=1537714207590506497, title=python, parentId=1537714207066218498, sort=0, gmtCreate=Fri Jun 17 16:30:11 GMT+08:00 2022, gmtModified=Fri Jun 17 16:30:11 GMT+08:00 2022), EduSubject(id=1537714208236429313, title=1.0, parentId=1537714207976382466, sort=0, gmtCreate=Fri Jun 17 16:30:11 GMT+08:00 2022, gmtModified=Fri Jun 17 16:30:11 GMT+08:00 2022), EduSubject(id=1537714208823631873, title=2.0, parentId=1537714208500670465, sort=0, gmtCreate=Fri Jun 17 16:30:11 GMT+08:00 2022, gmtModified=Fri Jun 17 16:30:11 GMT+08:00 2022)]
2022-06-19 18:29:31.426 [http-nio-8001-exec-2] INFO  c.l.demo.edu.service.impl.EduSubjectServiceImpl - 找到的二级分类是： [TwoSubject(id=1537714206202191873, title=vue), TwoSubject(id=1537714206466433025, title=html), TwoSubject(id=1537714206801977346, title=javascript)]
2022-06-19 18:29:31.426 [http-nio-8001-exec-2] INFO  c.l.demo.edu.service.impl.EduSubjectServiceImpl - 找到的二级分类是： [TwoSubject(id=1537714207322071042, title=java), TwoSubject(id=1537714207590506497, title=python)]
2022-06-19 18:29:31.426 [http-nio-8001-exec-2] INFO  c.l.demo.edu.service.impl.EduSubjectServiceImpl - 找到的二级分类是： [TwoSubject(id=1537714208236429313, title=1.0)]
2022-06-19 18:29:31.427 [http-nio-8001-exec-2] INFO  c.l.demo.edu.service.impl.EduSubjectServiceImpl - 找到的二级分类是： [TwoSubject(id=1537714208823631873, title=2.0)]
2022-06-19 18:29:33.782 [http-nio-8001-exec-5] INFO  c.l.demo.edu.service.impl.EduSubjectServiceImpl - 数据库查询出来的二级分类所有结果是：[EduSubject(id=1537714206202191873, title=vue, parentId=1537714205472382977, sort=0, gmtCreate=Fri Jun 17 16:30:11 GMT+08:00 2022, gmtModified=Fri Jun 17 16:30:11 GMT+08:00 2022), EduSubject(id=1537714206466433025, title=html, parentId=1537714205472382977, sort=0, gmtCreate=Fri Jun 17 16:30:11 GMT+08:00 2022, gmtModified=Fri Jun 17 16:30:11 GMT+08:00 2022), EduSubject(id=1537714206801977346, title=javascript, parentId=1537714205472382977, sort=0, gmtCreate=Fri Jun 17 16:30:11 GMT+08:00 2022, gmtModified=Fri Jun 17 16:30:11 GMT+08:00 2022), EduSubject(id=1537714207322071042, title=java, parentId=1537714207066218498, sort=0, gmtCreate=Fri Jun 17 16:30:11 GMT+08:00 2022, gmtModified=Fri Jun 17 16:30:11 GMT+08:00 2022), EduSubject(id=1537714207590506497, title=python, parentId=1537714207066218498, sort=0, gmtCreate=Fri Jun 17 16:30:11 GMT+08:00 2022, gmtModified=Fri Jun 17 16:30:11 GMT+08:00 2022), EduSubject(id=1537714208236429313, title=1.0, parentId=1537714207976382466, sort=0, gmtCreate=Fri Jun 17 16:30:11 GMT+08:00 2022, gmtModified=Fri Jun 17 16:30:11 GMT+08:00 2022), EduSubject(id=1537714208823631873, title=2.0, parentId=1537714208500670465, sort=0, gmtCreate=Fri Jun 17 16:30:11 GMT+08:00 2022, gmtModified=Fri Jun 17 16:30:11 GMT+08:00 2022)]
2022-06-19 18:29:33.783 [http-nio-8001-exec-5] INFO  c.l.demo.edu.service.impl.EduSubjectServiceImpl - 数据库查询出来的二级分类所有结果是：[EduSubject(id=1537714206202191873, title=vue, parentId=1537714205472382977, sort=0, gmtCreate=Fri Jun 17 16:30:11 GMT+08:00 2022, gmtModified=Fri Jun 17 16:30:11 GMT+08:00 2022), EduSubject(id=1537714206466433025, title=html, parentId=1537714205472382977, sort=0, gmtCreate=Fri Jun 17 16:30:11 GMT+08:00 2022, gmtModified=Fri Jun 17 16:30:11 GMT+08:00 2022), EduSubject(id=1537714206801977346, title=javascript, parentId=1537714205472382977, sort=0, gmtCreate=Fri Jun 17 16:30:11 GMT+08:00 2022, gmtModified=Fri Jun 17 16:30:11 GMT+08:00 2022), EduSubject(id=1537714207322071042, title=java, parentId=1537714207066218498, sort=0, gmtCreate=Fri Jun 17 16:30:11 GMT+08:00 2022, gmtModified=Fri Jun 17 16:30:11 GMT+08:00 2022), EduSubject(id=1537714207590506497, title=python, parentId=1537714207066218498, sort=0, gmtCreate=Fri Jun 17 16:30:11 GMT+08:00 2022, gmtModified=Fri Jun 17 16:30:11 GMT+08:00 2022), EduSubject(id=1537714208236429313, title=1.0, parentId=1537714207976382466, sort=0, gmtCreate=Fri Jun 17 16:30:11 GMT+08:00 2022, gmtModified=Fri Jun 17 16:30:11 GMT+08:00 2022), EduSubject(id=1537714208823631873, title=2.0, parentId=1537714208500670465, sort=0, gmtCreate=Fri Jun 17 16:30:11 GMT+08:00 2022, gmtModified=Fri Jun 17 16:30:11 GMT+08:00 2022)]
2022-06-19 18:29:33.783 [http-nio-8001-exec-5] INFO  c.l.demo.edu.service.impl.EduSubjectServiceImpl - 找到的二级分类是： [TwoSubject(id=1537714206202191873, title=vue), TwoSubject(id=1537714206466433025, title=html), TwoSubject(id=1537714206801977346, title=javascript)]
2022-06-19 18:29:33.784 [http-nio-8001-exec-5] INFO  c.l.demo.edu.service.impl.EduSubjectServiceImpl - 找到的二级分类是： [TwoSubject(id=1537714207322071042, title=java), TwoSubject(id=1537714207590506497, title=python)]
2022-06-19 18:29:33.785 [http-nio-8001-exec-5] INFO  c.l.demo.edu.service.impl.EduSubjectServiceImpl - 找到的二级分类是： [TwoSubject(id=1537714208236429313, title=1.0)]
2022-06-19 18:29:33.785 [http-nio-8001-exec-5] INFO  c.l.demo.edu.service.impl.EduSubjectServiceImpl - 找到的二级分类是： [TwoSubject(id=1537714208823631873, title=2.0)]
2022-06-19 18:29:35.952 [http-nio-8001-exec-6] INFO  c.l.demo.edu.service.impl.EduSubjectServiceImpl - 数据库查询出来的二级分类所有结果是：[EduSubject(id=1537714206202191873, title=vue, parentId=1537714205472382977, sort=0, gmtCreate=Fri Jun 17 16:30:11 GMT+08:00 2022, gmtModified=Fri Jun 17 16:30:11 GMT+08:00 2022), EduSubject(id=1537714206466433025, title=html, parentId=1537714205472382977, sort=0, gmtCreate=Fri Jun 17 16:30:11 GMT+08:00 2022, gmtModified=Fri Jun 17 16:30:11 GMT+08:00 2022), EduSubject(id=1537714206801977346, title=javascript, parentId=1537714205472382977, sort=0, gmtCreate=Fri Jun 17 16:30:11 GMT+08:00 2022, gmtModified=Fri Jun 17 16:30:11 GMT+08:00 2022), EduSubject(id=1537714207322071042, title=java, parentId=1537714207066218498, sort=0, gmtCreate=Fri Jun 17 16:30:11 GMT+08:00 2022, gmtModified=Fri Jun 17 16:30:11 GMT+08:00 2022), EduSubject(id=1537714207590506497, title=python, parentId=1537714207066218498, sort=0, gmtCreate=Fri Jun 17 16:30:11 GMT+08:00 2022, gmtModified=Fri Jun 17 16:30:11 GMT+08:00 2022), EduSubject(id=1537714208236429313, title=1.0, parentId=1537714207976382466, sort=0, gmtCreate=Fri Jun 17 16:30:11 GMT+08:00 2022, gmtModified=Fri Jun 17 16:30:11 GMT+08:00 2022), EduSubject(id=1537714208823631873, title=2.0, parentId=1537714208500670465, sort=0, gmtCreate=Fri Jun 17 16:30:11 GMT+08:00 2022, gmtModified=Fri Jun 17 16:30:11 GMT+08:00 2022)]
2022-06-19 18:29:35.953 [http-nio-8001-exec-6] INFO  c.l.demo.edu.service.impl.EduSubjectServiceImpl - 数据库查询出来的二级分类所有结果是：[EduSubject(id=1537714206202191873, title=vue, parentId=1537714205472382977, sort=0, gmtCreate=Fri Jun 17 16:30:11 GMT+08:00 2022, gmtModified=Fri Jun 17 16:30:11 GMT+08:00 2022), EduSubject(id=1537714206466433025, title=html, parentId=1537714205472382977, sort=0, gmtCreate=Fri Jun 17 16:30:11 GMT+08:00 2022, gmtModified=Fri Jun 17 16:30:11 GMT+08:00 2022), EduSubject(id=1537714206801977346, title=javascript, parentId=1537714205472382977, sort=0, gmtCreate=Fri Jun 17 16:30:11 GMT+08:00 2022, gmtModified=Fri Jun 17 16:30:11 GMT+08:00 2022), EduSubject(id=1537714207322071042, title=java, parentId=1537714207066218498, sort=0, gmtCreate=Fri Jun 17 16:30:11 GMT+08:00 2022, gmtModified=Fri Jun 17 16:30:11 GMT+08:00 2022), EduSubject(id=1537714207590506497, title=python, parentId=1537714207066218498, sort=0, gmtCreate=Fri Jun 17 16:30:11 GMT+08:00 2022, gmtModified=Fri Jun 17 16:30:11 GMT+08:00 2022), EduSubject(id=1537714208236429313, title=1.0, parentId=1537714207976382466, sort=0, gmtCreate=Fri Jun 17 16:30:11 GMT+08:00 2022, gmtModified=Fri Jun 17 16:30:11 GMT+08:00 2022), EduSubject(id=1537714208823631873, title=2.0, parentId=1537714208500670465, sort=0, gmtCreate=Fri Jun 17 16:30:11 GMT+08:00 2022, gmtModified=Fri Jun 17 16:30:11 GMT+08:00 2022)]
2022-06-19 18:29:35.953 [http-nio-8001-exec-6] INFO  c.l.demo.edu.service.impl.EduSubjectServiceImpl - 找到的二级分类是： [TwoSubject(id=1537714206202191873, title=vue), TwoSubject(id=1537714206466433025, title=html), TwoSubject(id=1537714206801977346, title=javascript)]
2022-06-19 18:29:35.954 [http-nio-8001-exec-6] INFO  c.l.demo.edu.service.impl.EduSubjectServiceImpl - 找到的二级分类是： [TwoSubject(id=1537714207322071042, title=java), TwoSubject(id=1537714207590506497, title=python)]
2022-06-19 18:29:35.954 [http-nio-8001-exec-6] INFO  c.l.demo.edu.service.impl.EduSubjectServiceImpl - 找到的二级分类是： [TwoSubject(id=1537714208236429313, title=1.0)]
2022-06-19 18:29:35.955 [http-nio-8001-exec-6] INFO  c.l.demo.edu.service.impl.EduSubjectServiceImpl - 找到的二级分类是： [TwoSubject(id=1537714208823631873, title=2.0)]
2022-06-19 20:47:41.320 [http-nio-8001-exec-1] INFO  c.l.demo.edu.service.impl.EduSubjectServiceImpl - 数据库查询出来的二级分类所有结果是：[EduSubject(id=1537714206202191873, title=vue, parentId=1537714205472382977, sort=0, gmtCreate=Fri Jun 17 16:30:11 GMT+08:00 2022, gmtModified=Fri Jun 17 16:30:11 GMT+08:00 2022), EduSubject(id=1537714206466433025, title=html, parentId=1537714205472382977, sort=0, gmtCreate=Fri Jun 17 16:30:11 GMT+08:00 2022, gmtModified=Fri Jun 17 16:30:11 GMT+08:00 2022), EduSubject(id=1537714206801977346, title=javascript, parentId=1537714205472382977, sort=0, gmtCreate=Fri Jun 17 16:30:11 GMT+08:00 2022, gmtModified=Fri Jun 17 16:30:11 GMT+08:00 2022), EduSubject(id=1537714207322071042, title=java, parentId=1537714207066218498, sort=0, gmtCreate=Fri Jun 17 16:30:11 GMT+08:00 2022, gmtModified=Fri Jun 17 16:30:11 GMT+08:00 2022), EduSubject(id=1537714207590506497, title=python, parentId=1537714207066218498, sort=0, gmtCreate=Fri Jun 17 16:30:11 GMT+08:00 2022, gmtModified=Fri Jun 17 16:30:11 GMT+08:00 2022), EduSubject(id=1537714208236429313, title=1.0, parentId=1537714207976382466, sort=0, gmtCreate=Fri Jun 17 16:30:11 GMT+08:00 2022, gmtModified=Fri Jun 17 16:30:11 GMT+08:00 2022), EduSubject(id=1537714208823631873, title=2.0, parentId=1537714208500670465, sort=0, gmtCreate=Fri Jun 17 16:30:11 GMT+08:00 2022, gmtModified=Fri Jun 17 16:30:11 GMT+08:00 2022)]
2022-06-19 20:47:41.321 [http-nio-8001-exec-1] INFO  c.l.demo.edu.service.impl.EduSubjectServiceImpl - 数据库查询出来的二级分类所有结果是：[EduSubject(id=1537714206202191873, title=vue, parentId=1537714205472382977, sort=0, gmtCreate=Fri Jun 17 16:30:11 GMT+08:00 2022, gmtModified=Fri Jun 17 16:30:11 GMT+08:00 2022), EduSubject(id=1537714206466433025, title=html, parentId=1537714205472382977, sort=0, gmtCreate=Fri Jun 17 16:30:11 GMT+08:00 2022, gmtModified=Fri Jun 17 16:30:11 GMT+08:00 2022), EduSubject(id=1537714206801977346, title=javascript, parentId=1537714205472382977, sort=0, gmtCreate=Fri Jun 17 16:30:11 GMT+08:00 2022, gmtModified=Fri Jun 17 16:30:11 GMT+08:00 2022), EduSubject(id=1537714207322071042, title=java, parentId=1537714207066218498, sort=0, gmtCreate=Fri Jun 17 16:30:11 GMT+08:00 2022, gmtModified=Fri Jun 17 16:30:11 GMT+08:00 2022), EduSubject(id=1537714207590506497, title=python, parentId=1537714207066218498, sort=0, gmtCreate=Fri Jun 17 16:30:11 GMT+08:00 2022, gmtModified=Fri Jun 17 16:30:11 GMT+08:00 2022), EduSubject(id=1537714208236429313, title=1.0, parentId=1537714207976382466, sort=0, gmtCreate=Fri Jun 17 16:30:11 GMT+08:00 2022, gmtModified=Fri Jun 17 16:30:11 GMT+08:00 2022), EduSubject(id=1537714208823631873, title=2.0, parentId=1537714208500670465, sort=0, gmtCreate=Fri Jun 17 16:30:11 GMT+08:00 2022, gmtModified=Fri Jun 17 16:30:11 GMT+08:00 2022)]
2022-06-19 20:47:41.321 [http-nio-8001-exec-1] INFO  c.l.demo.edu.service.impl.EduSubjectServiceImpl - 找到的二级分类是： [TwoSubject(id=1537714206202191873, title=vue), TwoSubject(id=1537714206466433025, title=html), TwoSubject(id=1537714206801977346, title=javascript)]
2022-06-19 20:47:41.322 [http-nio-8001-exec-1] INFO  c.l.demo.edu.service.impl.EduSubjectServiceImpl - 找到的二级分类是： [TwoSubject(id=1537714207322071042, title=java), TwoSubject(id=1537714207590506497, title=python)]
2022-06-19 20:47:41.322 [http-nio-8001-exec-1] INFO  c.l.demo.edu.service.impl.EduSubjectServiceImpl - 找到的二级分类是： [TwoSubject(id=1537714208236429313, title=1.0)]
2022-06-19 20:47:41.323 [http-nio-8001-exec-1] INFO  c.l.demo.edu.service.impl.EduSubjectServiceImpl - 找到的二级分类是： [TwoSubject(id=1537714208823631873, title=2.0)]
2022-06-19 20:58:05.664 [http-nio-8001-exec-3] INFO  c.l.demo.edu.service.impl.EduSubjectServiceImpl - 数据库查询出来的二级分类所有结果是：[EduSubject(id=1537714206202191873, title=vue, parentId=1537714205472382977, sort=0, gmtCreate=Fri Jun 17 16:30:11 GMT+08:00 2022, gmtModified=Fri Jun 17 16:30:11 GMT+08:00 2022), EduSubject(id=1537714206466433025, title=html, parentId=1537714205472382977, sort=0, gmtCreate=Fri Jun 17 16:30:11 GMT+08:00 2022, gmtModified=Fri Jun 17 16:30:11 GMT+08:00 2022), EduSubject(id=1537714206801977346, title=javascript, parentId=1537714205472382977, sort=0, gmtCreate=Fri Jun 17 16:30:11 GMT+08:00 2022, gmtModified=Fri Jun 17 16:30:11 GMT+08:00 2022), EduSubject(id=1537714207322071042, title=java, parentId=1537714207066218498, sort=0, gmtCreate=Fri Jun 17 16:30:11 GMT+08:00 2022, gmtModified=Fri Jun 17 16:30:11 GMT+08:00 2022), EduSubject(id=1537714207590506497, title=python, parentId=1537714207066218498, sort=0, gmtCreate=Fri Jun 17 16:30:11 GMT+08:00 2022, gmtModified=Fri Jun 17 16:30:11 GMT+08:00 2022), EduSubject(id=1537714208236429313, title=1.0, parentId=1537714207976382466, sort=0, gmtCreate=Fri Jun 17 16:30:11 GMT+08:00 2022, gmtModified=Fri Jun 17 16:30:11 GMT+08:00 2022), EduSubject(id=1537714208823631873, title=2.0, parentId=1537714208500670465, sort=0, gmtCreate=Fri Jun 17 16:30:11 GMT+08:00 2022, gmtModified=Fri Jun 17 16:30:11 GMT+08:00 2022)]
2022-06-19 20:58:05.665 [http-nio-8001-exec-3] INFO  c.l.demo.edu.service.impl.EduSubjectServiceImpl - 数据库查询出来的二级分类所有结果是：[EduSubject(id=1537714206202191873, title=vue, parentId=1537714205472382977, sort=0, gmtCreate=Fri Jun 17 16:30:11 GMT+08:00 2022, gmtModified=Fri Jun 17 16:30:11 GMT+08:00 2022), EduSubject(id=1537714206466433025, title=html, parentId=1537714205472382977, sort=0, gmtCreate=Fri Jun 17 16:30:11 GMT+08:00 2022, gmtModified=Fri Jun 17 16:30:11 GMT+08:00 2022), EduSubject(id=1537714206801977346, title=javascript, parentId=1537714205472382977, sort=0, gmtCreate=Fri Jun 17 16:30:11 GMT+08:00 2022, gmtModified=Fri Jun 17 16:30:11 GMT+08:00 2022), EduSubject(id=1537714207322071042, title=java, parentId=1537714207066218498, sort=0, gmtCreate=Fri Jun 17 16:30:11 GMT+08:00 2022, gmtModified=Fri Jun 17 16:30:11 GMT+08:00 2022), EduSubject(id=1537714207590506497, title=python, parentId=1537714207066218498, sort=0, gmtCreate=Fri Jun 17 16:30:11 GMT+08:00 2022, gmtModified=Fri Jun 17 16:30:11 GMT+08:00 2022), EduSubject(id=1537714208236429313, title=1.0, parentId=1537714207976382466, sort=0, gmtCreate=Fri Jun 17 16:30:11 GMT+08:00 2022, gmtModified=Fri Jun 17 16:30:11 GMT+08:00 2022), EduSubject(id=1537714208823631873, title=2.0, parentId=1537714208500670465, sort=0, gmtCreate=Fri Jun 17 16:30:11 GMT+08:00 2022, gmtModified=Fri Jun 17 16:30:11 GMT+08:00 2022)]
2022-06-19 20:58:05.665 [http-nio-8001-exec-3] INFO  c.l.demo.edu.service.impl.EduSubjectServiceImpl - 找到的二级分类是： [TwoSubject(id=1537714206202191873, title=vue), TwoSubject(id=1537714206466433025, title=html), TwoSubject(id=1537714206801977346, title=javascript)]
2022-06-19 20:58:05.666 [http-nio-8001-exec-3] INFO  c.l.demo.edu.service.impl.EduSubjectServiceImpl - 找到的二级分类是： [TwoSubject(id=1537714207322071042, title=java), TwoSubject(id=1537714207590506497, title=python)]
2022-06-19 20:58:05.666 [http-nio-8001-exec-3] INFO  c.l.demo.edu.service.impl.EduSubjectServiceImpl - 找到的二级分类是： [TwoSubject(id=1537714208236429313, title=1.0)]
2022-06-19 20:58:05.667 [http-nio-8001-exec-3] INFO  c.l.demo.edu.service.impl.EduSubjectServiceImpl - 找到的二级分类是： [TwoSubject(id=1537714208823631873, title=2.0)]
