2022-06-29 11:12:38.303 [SpringContextShutdownHook] INFO  o.s.c.alibaba.nacos.registry.NacosServiceRegistry - De-registering from Nacos Server now...
2022-06-29 11:12:38.409 [SpringContextShutdownHook] INFO  o.s.c.alibaba.nacos.registry.NacosServiceRegistry - De-registration finished.
2022-06-29 11:12:39.512 [SpringContextShutdownHook] INFO  o.s.scheduling.concurrent.ThreadPoolTaskExecutor - Shutting down ExecutorService 'applicationTaskExecutor'
2022-06-29 11:12:39.706 [SpringContextShutdownHook] INFO  com.zaxxer.hikari.HikariDataSource - HikariPool-1 - Shutdown initiated...
2022-06-29 11:12:39.790 [SpringContextShutdownHook] INFO  com.zaxxer.hikari.HikariDataSource - HikariPool-1 - Shutdown completed.
2022-06-29 11:12:54.312 [main] INFO  o.s.c.s.PostProcessorRegistrationDelegate$BeanPostProcessorChecker - Bean 'org.springframework.cloud.autoconfigure.ConfigurationPropertiesRebinderAutoConfiguration' of type [org.springframework.cloud.autoconfigure.ConfigurationPropertiesRebinderAutoConfiguration] is not eligible for getting processed by all BeanPostProcessors (for example: not eligible for auto-proxying)
2022-06-29 11:12:55.833 [main] INFO  com.luobin.demo.edu.EduApplication - The following profiles are active: dev
2022-06-29 11:12:57.062 [main] INFO  o.s.d.r.config.RepositoryConfigurationDelegate - Multiple Spring Data modules found, entering strict repository configuration mode!
2022-06-29 11:12:57.064 [main] INFO  o.s.d.r.config.RepositoryConfigurationDelegate - Bootstrapping Spring Data repositories in DEFAULT mode.
2022-06-29 11:12:57.105 [main] INFO  o.s.d.r.config.RepositoryConfigurationDelegate - Finished Spring Data repository scanning in 25ms. Found 0 repository interfaces.
2022-06-29 11:12:57.426 [main] INFO  o.springframework.cloud.context.scope.GenericScope - BeanFactory id=75bb2f4c-5417-3e0f-b2e1-2546a3aaa54d
2022-06-29 11:12:57.554 [main] INFO  o.s.c.s.PostProcessorRegistrationDelegate$BeanPostProcessorChecker - Bean 'org.springframework.transaction.annotation.ProxyTransactionManagementConfiguration' of type [org.springframework.transaction.annotation.ProxyTransactionManagementConfiguration] is not eligible for getting processed by all BeanPostProcessors (for example: not eligible for auto-proxying)
2022-06-29 11:12:57.597 [main] INFO  o.s.c.s.PostProcessorRegistrationDelegate$BeanPostProcessorChecker - Bean 'org.springframework.cloud.autoconfigure.ConfigurationPropertiesRebinderAutoConfiguration' of type [org.springframework.cloud.autoconfigure.ConfigurationPropertiesRebinderAutoConfiguration] is not eligible for getting processed by all BeanPostProcessors (for example: not eligible for auto-proxying)
2022-06-29 11:12:57.915 [main] INFO  o.s.boot.web.embedded.tomcat.TomcatWebServer - Tomcat initialized with port(s): 8001 (http)
2022-06-29 11:12:57.927 [main] INFO  org.apache.coyote.http11.Http11NioProtocol - Initializing ProtocolHandler ["http-nio-8001"]
2022-06-29 11:12:57.928 [main] INFO  org.apache.catalina.core.StandardService - Starting service [Tomcat]
2022-06-29 11:12:57.929 [main] INFO  org.apache.catalina.core.StandardEngine - Starting Servlet engine: [Apache Tomcat/9.0.27]
2022-06-29 11:12:58.112 [main] INFO  o.a.c.core.ContainerBase.[Tomcat].[localhost].[/] - Initializing Spring embedded WebApplicationContext
2022-06-29 11:12:58.112 [main] INFO  org.springframework.web.context.ContextLoader - Root WebApplicationContext: initialization completed in 2259 ms
2022-06-29 11:12:58.479 [main] INFO  com.zaxxer.hikari.HikariDataSource - HikariPool-1 - Starting...
2022-06-29 11:12:58.944 [main] INFO  com.zaxxer.hikari.HikariDataSource - HikariPool-1 - Start completed.
2022-06-29 11:12:59.929 [main] INFO  s.d.s.w.PropertySourcedRequestMappingHandlerMapping - Mapped URL path [/v2/api-docs] onto method [springfox.documentation.swagger2.web.Swagger2Controller#getDocumentation(String, HttpServletRequest)]
2022-06-29 11:12:59.949 [main] INFO  com.netflix.config.sources.URLConfigurationSource - To enable URLs as dynamic configuration sources, define System property archaius.configurationSource.additionalUrls or make config.properties available on classpath.
2022-06-29 11:12:59.953 [main] INFO  com.netflix.config.sources.URLConfigurationSource - To enable URLs as dynamic configuration sources, define System property archaius.configurationSource.additionalUrls or make config.properties available on classpath.
2022-06-29 11:13:00.080 [main] INFO  o.s.scheduling.concurrent.ThreadPoolTaskExecutor - Initializing ExecutorService 'applicationTaskExecutor'
2022-06-29 11:13:02.001 [main] INFO  org.springframework.cloud.commons.util.InetUtils - Cannot determine local hostname
2022-06-29 11:13:02.050 [main] INFO  o.s.scheduling.concurrent.ThreadPoolTaskScheduler - Initializing ExecutorService
2022-06-29 11:13:03.449 [main] INFO  org.springframework.cloud.commons.util.InetUtils - Cannot determine local hostname
2022-06-29 11:13:04.846 [main] INFO  org.springframework.cloud.commons.util.InetUtils - Cannot determine local hostname
2022-06-29 11:13:04.955 [main] INFO  s.d.s.web.plugins.DocumentationPluginsBootstrapper - Context refreshed
2022-06-29 11:13:04.991 [main] INFO  s.d.s.web.plugins.DocumentationPluginsBootstrapper - Found 1 custom documentation plugin(s)
2022-06-29 11:13:05.040 [main] INFO  s.d.spring.web.scanners.ApiListingReferenceScanner - Scanning for api listing references
2022-06-29 11:13:05.298 [main] INFO  org.apache.coyote.http11.Http11NioProtocol - Starting ProtocolHandler ["http-nio-8001"]
2022-06-29 11:13:05.322 [main] INFO  o.s.boot.web.embedded.tomcat.TomcatWebServer - Tomcat started on port(s): 8001 (http) with context path ''
2022-06-29 11:13:05.333 [main] INFO  o.s.c.alibaba.nacos.registry.NacosServiceRegistry - nacos registry, service-edu 192.168.149.1:8001 register finished
2022-06-29 11:13:06.738 [main] INFO  org.springframework.cloud.commons.util.InetUtils - Cannot determine local hostname
2022-06-29 11:13:06.741 [main] INFO  com.luobin.demo.edu.EduApplication - Started EduApplication in 14.658 seconds (JVM running for 15.991)
2022-06-29 11:13:30.952 [http-nio-8001-exec-1] INFO  o.a.c.core.ContainerBase.[Tomcat].[localhost].[/] - Initializing Spring DispatcherServlet 'dispatcherServlet'
2022-06-29 11:13:30.952 [http-nio-8001-exec-1] INFO  org.springframework.web.servlet.DispatcherServlet - Initializing Servlet 'dispatcherServlet'
2022-06-29 11:13:30.962 [http-nio-8001-exec-1] INFO  org.springframework.web.servlet.DispatcherServlet - Completed initialization in 10 ms
2022-06-29 11:13:49.027 [http-nio-8001-exec-2] INFO  c.l.d.e.c.bannerfront.IndexFrontController - 根据 id 查询的讲师热度排名前 四 的是：[EduTeacher(id=1536599072654303233, name=vdfsvdfv, intro=sdvsdfvdfsvsd, career=vdfvdsfv, level=1, avatar=null, sort=0, isDeleted=0, gmtCreate=Tue Jun 14 14:39:02 GMT+08:00 2022, gmtModified=Tue Jun 14 14:39:02 GMT+08:00 2022), EduTeacher(id=1192249914833055746, name=李四, intro=高级讲师简介, career=高级讲师, level=1, avatar=https://online-teach-file.oss-cn-beijing.aliyuncs.com/teacher/2019/11/07/91871e25-fd83-4af6-845f-ea8d471d825d.png, sort=0, isDeleted=0, gmtCreate=Thu Nov 07 09:18:25 GMT+08:00 2019, gmtModified=Tue Nov 12 13:37:01 GMT+08:00 2019), EduTeacher(id=1189426464967995393, name=王五, intro=高级讲师简介, career=高级讲师, level=1, avatar=https://online-teach-file.oss-cn-beijing.aliyuncs.com/teacher/2019/10/30/65423f14-49a9-4092-baf5-6d0ef9686a85.png, sort=0, isDeleted=0, gmtCreate=Wed Oct 30 14:19:02 GMT+08:00 2019, gmtModified=Tue Nov 12 13:37:18 GMT+08:00 2019), EduTeacher(id=1189426437876985857, name=王二, intro=高级讲师简介, career=高级讲师, level=1, avatar=https://online-teach-file.oss-cn-beijing.aliyuncs.com/teacher/2019/11/08/e44a2e92-2421-4ea3-bb49-46f2ec96ef88.png, sort=0, isDeleted=0, gmtCreate=Wed Oct 30 14:18:56 GMT+08:00 2019, gmtModified=Tue Nov 12 13:37:35 GMT+08:00 2019)]
2022-06-29 11:13:49.028 [http-nio-8001-exec-2] INFO  c.l.d.e.c.bannerfront.IndexFrontController - 根据 id 查询的课程热度排名前 八 的是：[EduCourse(id=18, teacherId=1189389726308478977, subjectId=1178214681139539969, subjectParentId=1178214681118568449, title=Java精品课程, price=0.01, lessonNum=20, cover=http://guli-file.oss-cn-beijing.aliyuncs.com/cover/2019/03/06/866e9aca-b530-4f71-a690-72d4a4bfd1e7.jpg, buyCount=151, viewCount=737, version=6, status=Normal, isDeleted=0, gmtCreate=Mon Apr 02 21:28:46 GMT+08:00 2018, gmtModified=Mon Nov 18 11:14:52 GMT+08:00 2019), EduCourse(id=1540621495259140098, teacherId=, subjectId=, subjectParentId=, title=, price=0.00, lessonNum=2, cover=/static/img.png, buyCount=0, viewCount=0, version=1, status=Draft, isDeleted=null, gmtCreate=Sat Jun 25 17:02:43 GMT+08:00 2022, gmtModified=Sat Jun 25 17:02:43 GMT+08:00 2022), EduCourse(id=1540621367769075713, teacherId=, subjectId=, subjectParentId=, title=, price=0.00, lessonNum=1, cover=/static/img.png, buyCount=0, viewCount=0, version=1, status=Draft, isDeleted=null, gmtCreate=Sat Jun 25 17:02:12 GMT+08:00 2022, gmtModified=Sat Jun 25 17:02:12 GMT+08:00 2022), EduCourse(id=1540621266384359425, teacherId=, subjectId=, subjectParentId=, title=, price=0.00, lessonNum=1, cover=/static/img.png, buyCount=0, viewCount=0, version=1, status=Draft, isDeleted=null, gmtCreate=Sat Jun 25 17:01:48 GMT+08:00 2022, gmtModified=Sat Jun 25 17:01:48 GMT+08:00 2022), EduCourse(id=1540607603984338945, teacherId=, subjectId=, subjectParentId=, title=, price=0.00, lessonNum=1, cover=/static/img.png, buyCount=0, viewCount=0, version=1, status=Draft, isDeleted=null, gmtCreate=Sat Jun 25 16:07:31 GMT+08:00 2022, gmtModified=Sat Jun 25 16:07:31 GMT+08:00 2022), EduCourse(id=1540604990207332353, teacherId=, subjectId=, subjectParentId=, title=1, price=0.00, lessonNum=1, cover=/static/img.png, buyCount=0, viewCount=0, version=1, status=Draft, isDeleted=null, gmtCreate=Sat Jun 25 15:57:07 GMT+08:00 2022, gmtModified=Sat Jun 25 15:57:07 GMT+08:00 2022), EduCourse(id=1539882145995145218, teacherId=, subjectId=, subjectParentId=, title=, price=0.00, lessonNum=1, cover=/static/img.png, buyCount=0, viewCount=0, version=1, status=Draft, isDeleted=null, gmtCreate=Thu Jun 23 16:04:48 GMT+08:00 2022, gmtModified=Thu Jun 23 16:04:48 GMT+08:00 2022), EduCourse(id=1539882046216847361, teacherId=, subjectId=, subjectParentId=, title=, price=0.00, lessonNum=1, cover=/static/img.png, buyCount=0, viewCount=0, version=1, status=Draft, isDeleted=null, gmtCreate=Thu Jun 23 16:04:24 GMT+08:00 2022, gmtModified=Thu Jun 23 16:04:24 GMT+08:00 2022)]
2022-06-29 11:13:49.029 [http-nio-8001-exec-2] INFO  c.l.d.e.c.bannerfront.IndexFrontController - =============================================================================
2022-06-29 11:43:53.682 [SpringContextShutdownHook] INFO  o.s.c.alibaba.nacos.registry.NacosServiceRegistry - De-registering from Nacos Server now...
2022-06-29 11:43:53.688 [SpringContextShutdownHook] INFO  o.s.c.alibaba.nacos.registry.NacosServiceRegistry - De-registration finished.
2022-06-29 11:43:53.704 [SpringContextShutdownHook] INFO  o.s.scheduling.concurrent.ThreadPoolTaskExecutor - Shutting down ExecutorService 'applicationTaskExecutor'
2022-06-29 11:43:53.715 [SpringContextShutdownHook] INFO  com.zaxxer.hikari.HikariDataSource - HikariPool-1 - Shutdown initiated...
2022-06-29 11:43:53.733 [SpringContextShutdownHook] INFO  com.zaxxer.hikari.HikariDataSource - HikariPool-1 - Shutdown completed.
2022-06-29 11:44:00.249 [main] INFO  o.s.c.s.PostProcessorRegistrationDelegate$BeanPostProcessorChecker - Bean 'org.springframework.cloud.autoconfigure.ConfigurationPropertiesRebinderAutoConfiguration' of type [org.springframework.cloud.autoconfigure.ConfigurationPropertiesRebinderAutoConfiguration] is not eligible for getting processed by all BeanPostProcessors (for example: not eligible for auto-proxying)
2022-06-29 11:44:01.787 [main] INFO  com.luobin.demo.edu.EduApplication - The following profiles are active: dev
2022-06-29 11:44:02.776 [main] INFO  o.s.d.r.config.RepositoryConfigurationDelegate - Multiple Spring Data modules found, entering strict repository configuration mode!
2022-06-29 11:44:02.779 [main] INFO  o.s.d.r.config.RepositoryConfigurationDelegate - Bootstrapping Spring Data repositories in DEFAULT mode.
2022-06-29 11:44:02.816 [main] INFO  o.s.d.r.config.RepositoryConfigurationDelegate - Finished Spring Data repository scanning in 21ms. Found 0 repository interfaces.
2022-06-29 11:44:03.074 [main] INFO  o.springframework.cloud.context.scope.GenericScope - BeanFactory id=75bb2f4c-5417-3e0f-b2e1-2546a3aaa54d
2022-06-29 11:44:03.197 [main] INFO  o.s.c.s.PostProcessorRegistrationDelegate$BeanPostProcessorChecker - Bean 'org.springframework.transaction.annotation.ProxyTransactionManagementConfiguration' of type [org.springframework.transaction.annotation.ProxyTransactionManagementConfiguration] is not eligible for getting processed by all BeanPostProcessors (for example: not eligible for auto-proxying)
2022-06-29 11:44:03.236 [main] INFO  o.s.c.s.PostProcessorRegistrationDelegate$BeanPostProcessorChecker - Bean 'org.springframework.cloud.autoconfigure.ConfigurationPropertiesRebinderAutoConfiguration' of type [org.springframework.cloud.autoconfigure.ConfigurationPropertiesRebinderAutoConfiguration] is not eligible for getting processed by all BeanPostProcessors (for example: not eligible for auto-proxying)
2022-06-29 11:44:03.516 [main] INFO  o.s.boot.web.embedded.tomcat.TomcatWebServer - Tomcat initialized with port(s): 8001 (http)
2022-06-29 11:44:03.528 [main] INFO  org.apache.coyote.http11.Http11NioProtocol - Initializing ProtocolHandler ["http-nio-8001"]
2022-06-29 11:44:03.529 [main] INFO  org.apache.catalina.core.StandardService - Starting service [Tomcat]
2022-06-29 11:44:03.529 [main] INFO  org.apache.catalina.core.StandardEngine - Starting Servlet engine: [Apache Tomcat/9.0.27]
2022-06-29 11:44:03.698 [main] INFO  o.a.c.core.ContainerBase.[Tomcat].[localhost].[/] - Initializing Spring embedded WebApplicationContext
2022-06-29 11:44:03.698 [main] INFO  org.springframework.web.context.ContextLoader - Root WebApplicationContext: initialization completed in 1894 ms
2022-06-29 11:44:04.045 [main] INFO  com.zaxxer.hikari.HikariDataSource - HikariPool-1 - Starting...
2022-06-29 11:44:04.376 [main] INFO  com.zaxxer.hikari.HikariDataSource - HikariPool-1 - Start completed.
2022-06-29 11:44:05.334 [main] INFO  s.d.s.w.PropertySourcedRequestMappingHandlerMapping - Mapped URL path [/v2/api-docs] onto method [springfox.documentation.swagger2.web.Swagger2Controller#getDocumentation(String, HttpServletRequest)]
2022-06-29 11:44:05.356 [main] INFO  com.netflix.config.sources.URLConfigurationSource - To enable URLs as dynamic configuration sources, define System property archaius.configurationSource.additionalUrls or make config.properties available on classpath.
2022-06-29 11:44:05.359 [main] INFO  com.netflix.config.sources.URLConfigurationSource - To enable URLs as dynamic configuration sources, define System property archaius.configurationSource.additionalUrls or make config.properties available on classpath.
2022-06-29 11:44:05.471 [main] INFO  o.s.scheduling.concurrent.ThreadPoolTaskExecutor - Initializing ExecutorService 'applicationTaskExecutor'
2022-06-29 11:44:07.392 [main] INFO  org.springframework.cloud.commons.util.InetUtils - Cannot determine local hostname
2022-06-29 11:44:07.437 [main] INFO  o.s.scheduling.concurrent.ThreadPoolTaskScheduler - Initializing ExecutorService
2022-06-29 11:44:08.851 [main] INFO  org.springframework.cloud.commons.util.InetUtils - Cannot determine local hostname
2022-06-29 11:44:10.260 [main] INFO  org.springframework.cloud.commons.util.InetUtils - Cannot determine local hostname
2022-06-29 11:44:10.371 [main] INFO  s.d.s.web.plugins.DocumentationPluginsBootstrapper - Context refreshed
2022-06-29 11:44:10.395 [main] INFO  s.d.s.web.plugins.DocumentationPluginsBootstrapper - Found 1 custom documentation plugin(s)
2022-06-29 11:44:10.442 [main] INFO  s.d.spring.web.scanners.ApiListingReferenceScanner - Scanning for api listing references
2022-06-29 11:44:10.675 [main] INFO  org.apache.coyote.http11.Http11NioProtocol - Starting ProtocolHandler ["http-nio-8001"]
2022-06-29 11:44:10.703 [main] INFO  o.s.boot.web.embedded.tomcat.TomcatWebServer - Tomcat started on port(s): 8001 (http) with context path ''
2022-06-29 11:44:10.714 [main] INFO  o.s.c.alibaba.nacos.registry.NacosServiceRegistry - nacos registry, service-edu 192.168.149.1:8001 register finished
2022-06-29 11:44:12.114 [main] INFO  org.springframework.cloud.commons.util.InetUtils - Cannot determine local hostname
2022-06-29 11:44:12.124 [main] INFO  com.luobin.demo.edu.EduApplication - Started EduApplication in 14.085 seconds (JVM running for 15.3)
