2022-06-18 11:38:03.424 [SpringContextShutdownHook] INFO  o.s.scheduling.concurrent.ThreadPoolTaskExecutor - Shutting down ExecutorService 'applicationTaskExecutor'
2022-06-18 11:38:03.437 [SpringContextShutdownHook] INFO  com.zaxxer.hikari.HikariDataSource - HikariPool-1 - Shutdown initiated...
2022-06-18 11:38:03.467 [SpringContextShutdownHook] INFO  com.zaxxer.hikari.HikariDataSource - HikariPool-1 - Shutdown completed.
2022-06-18 11:38:15.959 [main] INFO  com.luobin.demo.edu.EduApplication - Starting EduApplication on LAPTOP-EMPL0VD0 with PID 1060 (C:\Users\YIMENG\Desktop\guli_parent_plus-master\service\service-edu\target\classes started by YIMENG in C:\Users\YIMENG\Desktop\guli_parent_plus-master)
2022-06-18 11:38:15.964 [main] INFO  com.luobin.demo.edu.EduApplication - The following profiles are active: dev
2022-06-18 11:38:17.247 [main] INFO  o.s.d.r.config.RepositoryConfigurationDelegate - Multiple Spring Data modules found, entering strict repository configuration mode!
2022-06-18 11:38:17.250 [main] INFO  o.s.d.r.config.RepositoryConfigurationDelegate - Bootstrapping Spring Data repositories in DEFAULT mode.
2022-06-18 11:38:17.291 [main] INFO  o.s.d.r.config.RepositoryConfigurationDelegate - Finished Spring Data repository scanning in 21ms. Found 0 repository interfaces.
2022-06-18 11:38:17.684 [main] INFO  o.s.c.s.PostProcessorRegistrationDelegate$BeanPostProcessorChecker - Bean 'org.springframework.transaction.annotation.ProxyTransactionManagementConfiguration' of type [org.springframework.transaction.annotation.ProxyTransactionManagementConfiguration] is not eligible for getting processed by all BeanPostProcessors (for example: not eligible for auto-proxying)
2022-06-18 11:38:18.030 [main] INFO  o.s.boot.web.embedded.tomcat.TomcatWebServer - Tomcat initialized with port(s): 8001 (http)
2022-06-18 11:38:18.044 [main] INFO  org.apache.coyote.http11.Http11NioProtocol - Initializing ProtocolHandler ["http-nio-8001"]
2022-06-18 11:38:18.045 [main] INFO  org.apache.catalina.core.StandardService - Starting service [Tomcat]
2022-06-18 11:38:18.045 [main] INFO  org.apache.catalina.core.StandardEngine - Starting Servlet engine: [Apache Tomcat/9.0.27]
2022-06-18 11:38:18.193 [main] INFO  o.a.c.core.ContainerBase.[Tomcat].[localhost].[/] - Initializing Spring embedded WebApplicationContext
2022-06-18 11:38:18.193 [main] INFO  org.springframework.web.context.ContextLoader - Root WebApplicationContext: initialization completed in 2173 ms
2022-06-18 11:38:18.479 [main] INFO  com.zaxxer.hikari.HikariDataSource - HikariPool-1 - Starting...
2022-06-18 11:38:19.076 [main] INFO  com.zaxxer.hikari.HikariDataSource - HikariPool-1 - Start completed.
2022-06-18 11:38:20.009 [main] INFO  s.d.s.w.PropertySourcedRequestMappingHandlerMapping - Mapped URL path [/v2/api-docs] onto method [springfox.documentation.swagger2.web.Swagger2Controller#getDocumentation(String, HttpServletRequest)]
2022-06-18 11:38:20.152 [main] INFO  o.s.scheduling.concurrent.ThreadPoolTaskExecutor - Initializing ExecutorService 'applicationTaskExecutor'
2022-06-18 11:38:20.998 [main] INFO  s.d.s.web.plugins.DocumentationPluginsBootstrapper - Context refreshed
2022-06-18 11:38:21.027 [main] INFO  s.d.s.web.plugins.DocumentationPluginsBootstrapper - Found 1 custom documentation plugin(s)
2022-06-18 11:38:21.075 [main] INFO  s.d.spring.web.scanners.ApiListingReferenceScanner - Scanning for api listing references
2022-06-18 11:38:21.367 [main] INFO  org.apache.coyote.http11.Http11NioProtocol - Starting ProtocolHandler ["http-nio-8001"]
2022-06-18 11:38:21.403 [main] INFO  o.s.boot.web.embedded.tomcat.TomcatWebServer - Tomcat started on port(s): 8001 (http) with context path ''
2022-06-18 11:38:21.407 [main] INFO  com.luobin.demo.edu.EduApplication - Started EduApplication in 6.074 seconds (JVM running for 7.561)
2022-06-18 11:38:25.513 [http-nio-8001-exec-1] INFO  o.a.c.core.ContainerBase.[Tomcat].[localhost].[/] - Initializing Spring DispatcherServlet 'dispatcherServlet'
2022-06-18 11:38:25.513 [http-nio-8001-exec-1] INFO  org.springframework.web.servlet.DispatcherServlet - Initializing Servlet 'dispatcherServlet'
2022-06-18 11:38:25.523 [http-nio-8001-exec-1] INFO  org.springframework.web.servlet.DispatcherServlet - Completed initialization in 9 ms
2022-06-18 11:40:19.614 [SpringContextShutdownHook] INFO  o.s.scheduling.concurrent.ThreadPoolTaskExecutor - Shutting down ExecutorService 'applicationTaskExecutor'
2022-06-18 11:40:19.616 [SpringContextShutdownHook] INFO  com.zaxxer.hikari.HikariDataSource - HikariPool-1 - Shutdown initiated...
2022-06-18 11:40:19.627 [SpringContextShutdownHook] INFO  com.zaxxer.hikari.HikariDataSource - HikariPool-1 - Shutdown completed.
2022-06-18 11:40:25.375 [main] INFO  com.luobin.demo.edu.EduApplication - Starting EduApplication on LAPTOP-EMPL0VD0 with PID 18988 (C:\Users\YIMENG\Desktop\guli_parent_plus-master\service\service-edu\target\classes started by YIMENG in C:\Users\YIMENG\Desktop\guli_parent_plus-master)
2022-06-18 11:40:25.379 [main] INFO  com.luobin.demo.edu.EduApplication - The following profiles are active: dev
2022-06-18 11:40:26.635 [main] INFO  o.s.d.r.config.RepositoryConfigurationDelegate - Multiple Spring Data modules found, entering strict repository configuration mode!
2022-06-18 11:40:26.638 [main] INFO  o.s.d.r.config.RepositoryConfigurationDelegate - Bootstrapping Spring Data repositories in DEFAULT mode.
2022-06-18 11:40:26.679 [main] INFO  o.s.d.r.config.RepositoryConfigurationDelegate - Finished Spring Data repository scanning in 21ms. Found 0 repository interfaces.
2022-06-18 11:40:27.092 [main] INFO  o.s.c.s.PostProcessorRegistrationDelegate$BeanPostProcessorChecker - Bean 'org.springframework.transaction.annotation.ProxyTransactionManagementConfiguration' of type [org.springframework.transaction.annotation.ProxyTransactionManagementConfiguration] is not eligible for getting processed by all BeanPostProcessors (for example: not eligible for auto-proxying)
2022-06-18 11:40:27.425 [main] INFO  o.s.boot.web.embedded.tomcat.TomcatWebServer - Tomcat initialized with port(s): 8001 (http)
2022-06-18 11:40:27.438 [main] INFO  org.apache.coyote.http11.Http11NioProtocol - Initializing ProtocolHandler ["http-nio-8001"]
2022-06-18 11:40:27.439 [main] INFO  org.apache.catalina.core.StandardService - Starting service [Tomcat]
2022-06-18 11:40:27.439 [main] INFO  org.apache.catalina.core.StandardEngine - Starting Servlet engine: [Apache Tomcat/9.0.27]
2022-06-18 11:40:27.588 [main] INFO  o.a.c.core.ContainerBase.[Tomcat].[localhost].[/] - Initializing Spring embedded WebApplicationContext
2022-06-18 11:40:27.588 [main] INFO  org.springframework.web.context.ContextLoader - Root WebApplicationContext: initialization completed in 2149 ms
2022-06-18 11:40:27.964 [main] INFO  com.zaxxer.hikari.HikariDataSource - HikariPool-1 - Starting...
2022-06-18 11:40:28.459 [main] INFO  com.zaxxer.hikari.HikariDataSource - HikariPool-1 - Start completed.
2022-06-18 11:40:29.166 [main] INFO  s.d.s.w.PropertySourcedRequestMappingHandlerMapping - Mapped URL path [/v2/api-docs] onto method [springfox.documentation.swagger2.web.Swagger2Controller#getDocumentation(String, HttpServletRequest)]
2022-06-18 11:40:29.302 [main] INFO  o.s.scheduling.concurrent.ThreadPoolTaskExecutor - Initializing ExecutorService 'applicationTaskExecutor'
2022-06-18 11:40:29.909 [main] INFO  s.d.s.web.plugins.DocumentationPluginsBootstrapper - Context refreshed
2022-06-18 11:40:29.931 [main] INFO  s.d.s.web.plugins.DocumentationPluginsBootstrapper - Found 1 custom documentation plugin(s)
2022-06-18 11:40:29.989 [main] INFO  s.d.spring.web.scanners.ApiListingReferenceScanner - Scanning for api listing references
2022-06-18 11:40:30.221 [main] INFO  org.apache.coyote.http11.Http11NioProtocol - Starting ProtocolHandler ["http-nio-8001"]
2022-06-18 11:40:30.249 [main] INFO  o.s.boot.web.embedded.tomcat.TomcatWebServer - Tomcat started on port(s): 8001 (http) with context path ''
2022-06-18 11:40:30.254 [main] INFO  com.luobin.demo.edu.EduApplication - Started EduApplication in 5.518 seconds (JVM running for 6.798)
2022-06-18 11:40:37.223 [http-nio-8001-exec-1] INFO  o.a.c.core.ContainerBase.[Tomcat].[localhost].[/] - Initializing Spring DispatcherServlet 'dispatcherServlet'
2022-06-18 11:40:37.223 [http-nio-8001-exec-1] INFO  org.springframework.web.servlet.DispatcherServlet - Initializing Servlet 'dispatcherServlet'
2022-06-18 11:40:37.235 [http-nio-8001-exec-1] INFO  org.springframework.web.servlet.DispatcherServlet - Completed initialization in 11 ms
2022-06-18 11:43:28.653 [SpringContextShutdownHook] INFO  o.s.scheduling.concurrent.ThreadPoolTaskExecutor - Shutting down ExecutorService 'applicationTaskExecutor'
2022-06-18 11:43:28.654 [SpringContextShutdownHook] INFO  com.zaxxer.hikari.HikariDataSource - HikariPool-1 - Shutdown initiated...
2022-06-18 11:43:28.667 [SpringContextShutdownHook] INFO  com.zaxxer.hikari.HikariDataSource - HikariPool-1 - Shutdown completed.
2022-06-18 11:43:37.597 [main] INFO  com.luobin.demo.edu.EduApplication - Starting EduApplication on LAPTOP-EMPL0VD0 with PID 2084 (C:\Users\YIMENG\Desktop\guli_parent_plus-master\service\service-edu\target\classes started by YIMENG in C:\Users\YIMENG\Desktop\guli_parent_plus-master)
2022-06-18 11:43:37.602 [main] INFO  com.luobin.demo.edu.EduApplication - The following profiles are active: dev
2022-06-18 11:43:38.876 [main] INFO  o.s.d.r.config.RepositoryConfigurationDelegate - Multiple Spring Data modules found, entering strict repository configuration mode!
2022-06-18 11:43:38.880 [main] INFO  o.s.d.r.config.RepositoryConfigurationDelegate - Bootstrapping Spring Data repositories in DEFAULT mode.
2022-06-18 11:43:38.919 [main] INFO  o.s.d.r.config.RepositoryConfigurationDelegate - Finished Spring Data repository scanning in 20ms. Found 0 repository interfaces.
2022-06-18 11:43:39.349 [main] INFO  o.s.c.s.PostProcessorRegistrationDelegate$BeanPostProcessorChecker - Bean 'org.springframework.transaction.annotation.ProxyTransactionManagementConfiguration' of type [org.springframework.transaction.annotation.ProxyTransactionManagementConfiguration] is not eligible for getting processed by all BeanPostProcessors (for example: not eligible for auto-proxying)
2022-06-18 11:43:39.720 [main] INFO  o.s.boot.web.embedded.tomcat.TomcatWebServer - Tomcat initialized with port(s): 8001 (http)
2022-06-18 11:43:39.733 [main] INFO  org.apache.coyote.http11.Http11NioProtocol - Initializing ProtocolHandler ["http-nio-8001"]
2022-06-18 11:43:39.734 [main] INFO  org.apache.catalina.core.StandardService - Starting service [Tomcat]
2022-06-18 11:43:39.735 [main] INFO  org.apache.catalina.core.StandardEngine - Starting Servlet engine: [Apache Tomcat/9.0.27]
2022-06-18 11:43:39.891 [main] INFO  o.a.c.core.ContainerBase.[Tomcat].[localhost].[/] - Initializing Spring embedded WebApplicationContext
2022-06-18 11:43:39.892 [main] INFO  org.springframework.web.context.ContextLoader - Root WebApplicationContext: initialization completed in 2228 ms
2022-06-18 11:43:40.161 [main] INFO  com.zaxxer.hikari.HikariDataSource - HikariPool-1 - Starting...
2022-06-18 11:43:40.640 [main] INFO  com.zaxxer.hikari.HikariDataSource - HikariPool-1 - Start completed.
2022-06-18 11:43:41.438 [main] INFO  s.d.s.w.PropertySourcedRequestMappingHandlerMapping - Mapped URL path [/v2/api-docs] onto method [springfox.documentation.swagger2.web.Swagger2Controller#getDocumentation(String, HttpServletRequest)]
2022-06-18 11:43:41.586 [main] INFO  o.s.scheduling.concurrent.ThreadPoolTaskExecutor - Initializing ExecutorService 'applicationTaskExecutor'
2022-06-18 11:43:42.276 [main] INFO  s.d.s.web.plugins.DocumentationPluginsBootstrapper - Context refreshed
2022-06-18 11:43:42.297 [main] INFO  s.d.s.web.plugins.DocumentationPluginsBootstrapper - Found 1 custom documentation plugin(s)
2022-06-18 11:43:42.343 [main] INFO  s.d.spring.web.scanners.ApiListingReferenceScanner - Scanning for api listing references
2022-06-18 11:43:42.631 [main] INFO  org.apache.coyote.http11.Http11NioProtocol - Starting ProtocolHandler ["http-nio-8001"]
2022-06-18 11:43:42.661 [main] INFO  o.s.boot.web.embedded.tomcat.TomcatWebServer - Tomcat started on port(s): 8001 (http) with context path ''
2022-06-18 11:43:42.665 [main] INFO  com.luobin.demo.edu.EduApplication - Started EduApplication in 5.74 seconds (JVM running for 7.655)
2022-06-18 11:43:46.586 [http-nio-8001-exec-1] INFO  o.a.c.core.ContainerBase.[Tomcat].[localhost].[/] - Initializing Spring DispatcherServlet 'dispatcherServlet'
2022-06-18 11:43:46.587 [http-nio-8001-exec-1] INFO  org.springframework.web.servlet.DispatcherServlet - Initializing Servlet 'dispatcherServlet'
2022-06-18 11:43:46.598 [http-nio-8001-exec-1] INFO  org.springframework.web.servlet.DispatcherServlet - Completed initialization in 11 ms
2022-06-18 11:43:50.325 [http-nio-8001-exec-7] INFO  c.luobin.demo.edu.service.impl.SubjectServiceImpl - 找到的二级分类是： []
2022-06-18 11:43:50.325 [http-nio-8001-exec-7] INFO  c.luobin.demo.edu.service.impl.SubjectServiceImpl - 找到的二级分类是： []
2022-06-18 11:43:50.326 [http-nio-8001-exec-7] INFO  c.luobin.demo.edu.service.impl.SubjectServiceImpl - 找到的二级分类是： []
2022-06-18 11:43:50.326 [http-nio-8001-exec-7] INFO  c.luobin.demo.edu.service.impl.SubjectServiceImpl - 找到的二级分类是： []
2022-06-18 11:45:57.597 [SpringContextShutdownHook] INFO  o.s.scheduling.concurrent.ThreadPoolTaskExecutor - Shutting down ExecutorService 'applicationTaskExecutor'
2022-06-18 11:45:57.599 [SpringContextShutdownHook] INFO  com.zaxxer.hikari.HikariDataSource - HikariPool-1 - Shutdown initiated...
2022-06-18 11:45:57.606 [SpringContextShutdownHook] INFO  com.zaxxer.hikari.HikariDataSource - HikariPool-1 - Shutdown completed.
2022-06-18 11:46:06.752 [main] INFO  com.luobin.demo.edu.EduApplication - Starting EduApplication on LAPTOP-EMPL0VD0 with PID 2792 (C:\Users\YIMENG\Desktop\guli_parent_plus-master\service\service-edu\target\classes started by YIMENG in C:\Users\YIMENG\Desktop\guli_parent_plus-master)
2022-06-18 11:46:06.757 [main] INFO  com.luobin.demo.edu.EduApplication - The following profiles are active: dev
2022-06-18 11:46:08.915 [main] INFO  o.s.d.r.config.RepositoryConfigurationDelegate - Multiple Spring Data modules found, entering strict repository configuration mode!
2022-06-18 11:46:08.919 [main] INFO  o.s.d.r.config.RepositoryConfigurationDelegate - Bootstrapping Spring Data repositories in DEFAULT mode.
2022-06-18 11:46:08.962 [main] INFO  o.s.d.r.config.RepositoryConfigurationDelegate - Finished Spring Data repository scanning in 21ms. Found 0 repository interfaces.
2022-06-18 11:46:09.415 [main] INFO  o.s.c.s.PostProcessorRegistrationDelegate$BeanPostProcessorChecker - Bean 'org.springframework.transaction.annotation.ProxyTransactionManagementConfiguration' of type [org.springframework.transaction.annotation.ProxyTransactionManagementConfiguration] is not eligible for getting processed by all BeanPostProcessors (for example: not eligible for auto-proxying)
2022-06-18 11:46:09.794 [main] INFO  o.s.boot.web.embedded.tomcat.TomcatWebServer - Tomcat initialized with port(s): 8001 (http)
2022-06-18 11:46:09.809 [main] INFO  org.apache.coyote.http11.Http11NioProtocol - Initializing ProtocolHandler ["http-nio-8001"]
2022-06-18 11:46:09.810 [main] INFO  org.apache.catalina.core.StandardService - Starting service [Tomcat]
2022-06-18 11:46:09.810 [main] INFO  org.apache.catalina.core.StandardEngine - Starting Servlet engine: [Apache Tomcat/9.0.27]
2022-06-18 11:46:09.953 [main] INFO  o.a.c.core.ContainerBase.[Tomcat].[localhost].[/] - Initializing Spring embedded WebApplicationContext
2022-06-18 11:46:09.953 [main] INFO  org.springframework.web.context.ContextLoader - Root WebApplicationContext: initialization completed in 3055 ms
2022-06-18 11:46:10.248 [main] INFO  com.zaxxer.hikari.HikariDataSource - HikariPool-1 - Starting...
2022-06-18 11:46:10.760 [main] INFO  com.zaxxer.hikari.HikariDataSource - HikariPool-1 - Start completed.
2022-06-18 11:46:11.493 [main] INFO  s.d.s.w.PropertySourcedRequestMappingHandlerMapping - Mapped URL path [/v2/api-docs] onto method [springfox.documentation.swagger2.web.Swagger2Controller#getDocumentation(String, HttpServletRequest)]
2022-06-18 11:46:11.641 [main] INFO  o.s.scheduling.concurrent.ThreadPoolTaskExecutor - Initializing ExecutorService 'applicationTaskExecutor'
2022-06-18 11:46:12.288 [main] INFO  s.d.s.web.plugins.DocumentationPluginsBootstrapper - Context refreshed
2022-06-18 11:46:12.310 [main] INFO  s.d.s.web.plugins.DocumentationPluginsBootstrapper - Found 1 custom documentation plugin(s)
2022-06-18 11:46:12.358 [main] INFO  s.d.spring.web.scanners.ApiListingReferenceScanner - Scanning for api listing references
2022-06-18 11:46:12.597 [main] INFO  org.apache.coyote.http11.Http11NioProtocol - Starting ProtocolHandler ["http-nio-8001"]
2022-06-18 11:46:12.630 [main] INFO  o.s.boot.web.embedded.tomcat.TomcatWebServer - Tomcat started on port(s): 8001 (http) with context path ''
2022-06-18 11:46:12.633 [main] INFO  com.luobin.demo.edu.EduApplication - Started EduApplication in 6.803 seconds (JVM running for 8.283)
2022-06-18 11:46:14.618 [http-nio-8001-exec-2] INFO  o.a.c.core.ContainerBase.[Tomcat].[localhost].[/] - Initializing Spring DispatcherServlet 'dispatcherServlet'
2022-06-18 11:46:14.619 [http-nio-8001-exec-2] INFO  org.springframework.web.servlet.DispatcherServlet - Initializing Servlet 'dispatcherServlet'
2022-06-18 11:46:14.630 [http-nio-8001-exec-2] INFO  org.springframework.web.servlet.DispatcherServlet - Completed initialization in 11 ms
2022-06-18 11:46:20.593 [http-nio-8001-exec-8] INFO  c.luobin.demo.edu.service.impl.SubjectServiceImpl - 数据库查询出来的二级分类所有结果是：
2022-06-18 11:46:20.610 [http-nio-8001-exec-8] INFO  c.luobin.demo.edu.service.impl.SubjectServiceImpl - 找到的二级分类是： [TwoSubject(id=1537714206202191873, title=vue), TwoSubject(id=1537714206466433025, title=html), TwoSubject(id=1537714206801977346, title=javascript)]
2022-06-18 11:46:20.610 [http-nio-8001-exec-8] INFO  c.luobin.demo.edu.service.impl.SubjectServiceImpl - 找到的二级分类是： [TwoSubject(id=1537714207322071042, title=java), TwoSubject(id=1537714207590506497, title=python)]
2022-06-18 11:46:20.611 [http-nio-8001-exec-8] INFO  c.luobin.demo.edu.service.impl.SubjectServiceImpl - 找到的二级分类是： [TwoSubject(id=1537714208236429313, title=1.0)]
2022-06-18 11:46:20.611 [http-nio-8001-exec-8] INFO  c.luobin.demo.edu.service.impl.SubjectServiceImpl - 找到的二级分类是： [TwoSubject(id=1537714208823631873, title=2.0)]
2022-06-18 11:47:59.001 [SpringContextShutdownHook] INFO  o.s.scheduling.concurrent.ThreadPoolTaskExecutor - Shutting down ExecutorService 'applicationTaskExecutor'
2022-06-18 11:47:59.004 [SpringContextShutdownHook] INFO  com.zaxxer.hikari.HikariDataSource - HikariPool-1 - Shutdown initiated...
2022-06-18 11:47:59.012 [SpringContextShutdownHook] INFO  com.zaxxer.hikari.HikariDataSource - HikariPool-1 - Shutdown completed.
2022-06-18 11:48:06.897 [main] INFO  com.luobin.demo.edu.EduApplication - Starting EduApplication on LAPTOP-EMPL0VD0 with PID 7064 (C:\Users\YIMENG\Desktop\guli_parent_plus-master\service\service-edu\target\classes started by YIMENG in C:\Users\YIMENG\Desktop\guli_parent_plus-master)
2022-06-18 11:48:06.902 [main] INFO  com.luobin.demo.edu.EduApplication - The following profiles are active: dev
2022-06-18 11:48:08.178 [main] INFO  o.s.d.r.config.RepositoryConfigurationDelegate - Multiple Spring Data modules found, entering strict repository configuration mode!
2022-06-18 11:48:08.182 [main] INFO  o.s.d.r.config.RepositoryConfigurationDelegate - Bootstrapping Spring Data repositories in DEFAULT mode.
2022-06-18 11:48:08.225 [main] INFO  o.s.d.r.config.RepositoryConfigurationDelegate - Finished Spring Data repository scanning in 21ms. Found 0 repository interfaces.
2022-06-18 11:48:08.626 [main] INFO  o.s.c.s.PostProcessorRegistrationDelegate$BeanPostProcessorChecker - Bean 'org.springframework.transaction.annotation.ProxyTransactionManagementConfiguration' of type [org.springframework.transaction.annotation.ProxyTransactionManagementConfiguration] is not eligible for getting processed by all BeanPostProcessors (for example: not eligible for auto-proxying)
2022-06-18 11:48:08.958 [main] INFO  o.s.boot.web.embedded.tomcat.TomcatWebServer - Tomcat initialized with port(s): 8001 (http)
2022-06-18 11:48:08.970 [main] INFO  org.apache.coyote.http11.Http11NioProtocol - Initializing ProtocolHandler ["http-nio-8001"]
2022-06-18 11:48:08.971 [main] INFO  org.apache.catalina.core.StandardService - Starting service [Tomcat]
2022-06-18 11:48:08.972 [main] INFO  org.apache.catalina.core.StandardEngine - Starting Servlet engine: [Apache Tomcat/9.0.27]
2022-06-18 11:48:09.114 [main] INFO  o.a.c.core.ContainerBase.[Tomcat].[localhost].[/] - Initializing Spring embedded WebApplicationContext
2022-06-18 11:48:09.114 [main] INFO  org.springframework.web.context.ContextLoader - Root WebApplicationContext: initialization completed in 2154 ms
2022-06-18 11:48:09.381 [main] INFO  com.zaxxer.hikari.HikariDataSource - HikariPool-1 - Starting...
2022-06-18 11:48:09.837 [main] INFO  com.zaxxer.hikari.HikariDataSource - HikariPool-1 - Start completed.
2022-06-18 11:48:10.477 [main] INFO  s.d.s.w.PropertySourcedRequestMappingHandlerMapping - Mapped URL path [/v2/api-docs] onto method [springfox.documentation.swagger2.web.Swagger2Controller#getDocumentation(String, HttpServletRequest)]
2022-06-18 11:48:10.610 [main] INFO  o.s.scheduling.concurrent.ThreadPoolTaskExecutor - Initializing ExecutorService 'applicationTaskExecutor'
2022-06-18 11:48:11.216 [main] INFO  s.d.s.web.plugins.DocumentationPluginsBootstrapper - Context refreshed
2022-06-18 11:48:11.238 [main] INFO  s.d.s.web.plugins.DocumentationPluginsBootstrapper - Found 1 custom documentation plugin(s)
2022-06-18 11:48:11.282 [main] INFO  s.d.spring.web.scanners.ApiListingReferenceScanner - Scanning for api listing references
2022-06-18 11:48:11.513 [main] INFO  org.apache.coyote.http11.Http11NioProtocol - Starting ProtocolHandler ["http-nio-8001"]
2022-06-18 11:48:11.542 [main] INFO  o.s.boot.web.embedded.tomcat.TomcatWebServer - Tomcat started on port(s): 8001 (http) with context path ''
2022-06-18 11:48:11.546 [main] INFO  com.luobin.demo.edu.EduApplication - Started EduApplication in 5.319 seconds (JVM running for 6.613)
2022-06-18 11:48:26.967 [http-nio-8001-exec-1] INFO  o.a.c.core.ContainerBase.[Tomcat].[localhost].[/] - Initializing Spring DispatcherServlet 'dispatcherServlet'
2022-06-18 11:48:26.968 [http-nio-8001-exec-1] INFO  org.springframework.web.servlet.DispatcherServlet - Initializing Servlet 'dispatcherServlet'
2022-06-18 11:48:26.979 [http-nio-8001-exec-1] INFO  org.springframework.web.servlet.DispatcherServlet - Completed initialization in 11 ms
2022-06-18 11:48:30.594 [http-nio-8001-exec-7] INFO  c.luobin.demo.edu.service.impl.SubjectServiceImpl - 数据库查询出来的二级分类所有结果是：[EduSubject(id=1537714206202191873, title=vue, parentId=1537714205472382977, sort=0, gmtCreate=Fri Jun 17 16:30:11 GMT+08:00 2022, gmtModified=Fri Jun 17 16:30:11 GMT+08:00 2022), EduSubject(id=1537714206466433025, title=html, parentId=1537714205472382977, sort=0, gmtCreate=Fri Jun 17 16:30:11 GMT+08:00 2022, gmtModified=Fri Jun 17 16:30:11 GMT+08:00 2022), EduSubject(id=1537714206801977346, title=javascript, parentId=1537714205472382977, sort=0, gmtCreate=Fri Jun 17 16:30:11 GMT+08:00 2022, gmtModified=Fri Jun 17 16:30:11 GMT+08:00 2022), EduSubject(id=1537714207322071042, title=java, parentId=1537714207066218498, sort=0, gmtCreate=Fri Jun 17 16:30:11 GMT+08:00 2022, gmtModified=Fri Jun 17 16:30:11 GMT+08:00 2022), EduSubject(id=1537714207590506497, title=python, parentId=1537714207066218498, sort=0, gmtCreate=Fri Jun 17 16:30:11 GMT+08:00 2022, gmtModified=Fri Jun 17 16:30:11 GMT+08:00 2022), EduSubject(id=1537714208236429313, title=1.0, parentId=1537714207976382466, sort=0, gmtCreate=Fri Jun 17 16:30:11 GMT+08:00 2022, gmtModified=Fri Jun 17 16:30:11 GMT+08:00 2022), EduSubject(id=1537714208823631873, title=2.0, parentId=1537714208500670465, sort=0, gmtCreate=Fri Jun 17 16:30:11 GMT+08:00 2022, gmtModified=Fri Jun 17 16:30:11 GMT+08:00 2022)]
2022-06-18 11:48:30.608 [http-nio-8001-exec-7] INFO  c.luobin.demo.edu.service.impl.SubjectServiceImpl - 找到的二级分类是： [TwoSubject(id=1537714206202191873, title=vue), TwoSubject(id=1537714206466433025, title=html), TwoSubject(id=1537714206801977346, title=javascript)]
2022-06-18 11:48:30.609 [http-nio-8001-exec-7] INFO  c.luobin.demo.edu.service.impl.SubjectServiceImpl - 找到的二级分类是： [TwoSubject(id=1537714207322071042, title=java), TwoSubject(id=1537714207590506497, title=python)]
2022-06-18 11:48:30.610 [http-nio-8001-exec-7] INFO  c.luobin.demo.edu.service.impl.SubjectServiceImpl - 找到的二级分类是： [TwoSubject(id=1537714208236429313, title=1.0)]
2022-06-18 11:48:30.611 [http-nio-8001-exec-7] INFO  c.luobin.demo.edu.service.impl.SubjectServiceImpl - 找到的二级分类是： [TwoSubject(id=1537714208823631873, title=2.0)]
2022-06-18 16:15:14.325 [http-nio-8001-exec-10] INFO  c.luobin.demo.edu.service.impl.SubjectServiceImpl - 数据库查询出来的二级分类所有结果是：[EduSubject(id=1537714206202191873, title=vue, parentId=1537714205472382977, sort=0, gmtCreate=Fri Jun 17 16:30:11 GMT+08:00 2022, gmtModified=Fri Jun 17 16:30:11 GMT+08:00 2022), EduSubject(id=1537714206466433025, title=html, parentId=1537714205472382977, sort=0, gmtCreate=Fri Jun 17 16:30:11 GMT+08:00 2022, gmtModified=Fri Jun 17 16:30:11 GMT+08:00 2022), EduSubject(id=1537714206801977346, title=javascript, parentId=1537714205472382977, sort=0, gmtCreate=Fri Jun 17 16:30:11 GMT+08:00 2022, gmtModified=Fri Jun 17 16:30:11 GMT+08:00 2022), EduSubject(id=1537714207322071042, title=java, parentId=1537714207066218498, sort=0, gmtCreate=Fri Jun 17 16:30:11 GMT+08:00 2022, gmtModified=Fri Jun 17 16:30:11 GMT+08:00 2022), EduSubject(id=1537714207590506497, title=python, parentId=1537714207066218498, sort=0, gmtCreate=Fri Jun 17 16:30:11 GMT+08:00 2022, gmtModified=Fri Jun 17 16:30:11 GMT+08:00 2022), EduSubject(id=1537714208236429313, title=1.0, parentId=1537714207976382466, sort=0, gmtCreate=Fri Jun 17 16:30:11 GMT+08:00 2022, gmtModified=Fri Jun 17 16:30:11 GMT+08:00 2022), EduSubject(id=1537714208823631873, title=2.0, parentId=1537714208500670465, sort=0, gmtCreate=Fri Jun 17 16:30:11 GMT+08:00 2022, gmtModified=Fri Jun 17 16:30:11 GMT+08:00 2022)]
2022-06-18 16:15:14.326 [http-nio-8001-exec-10] INFO  c.luobin.demo.edu.service.impl.SubjectServiceImpl - 找到的二级分类是： [TwoSubject(id=1537714206202191873, title=vue), TwoSubject(id=1537714206466433025, title=html), TwoSubject(id=1537714206801977346, title=javascript)]
2022-06-18 16:15:14.327 [http-nio-8001-exec-10] INFO  c.luobin.demo.edu.service.impl.SubjectServiceImpl - 找到的二级分类是： [TwoSubject(id=1537714207322071042, title=java), TwoSubject(id=1537714207590506497, title=python)]
2022-06-18 16:15:14.328 [http-nio-8001-exec-10] INFO  c.luobin.demo.edu.service.impl.SubjectServiceImpl - 找到的二级分类是： [TwoSubject(id=1537714208236429313, title=1.0)]
2022-06-18 16:15:14.328 [http-nio-8001-exec-10] INFO  c.luobin.demo.edu.service.impl.SubjectServiceImpl - 找到的二级分类是： [TwoSubject(id=1537714208823631873, title=2.0)]
2022-06-18 16:16:27.373 [SpringContextShutdownHook] INFO  o.s.scheduling.concurrent.ThreadPoolTaskExecutor - Shutting down ExecutorService 'applicationTaskExecutor'
2022-06-18 16:16:27.411 [SpringContextShutdownHook] INFO  com.zaxxer.hikari.HikariDataSource - HikariPool-1 - Shutdown initiated...
2022-06-18 16:16:27.430 [SpringContextShutdownHook] INFO  com.zaxxer.hikari.HikariDataSource - HikariPool-1 - Shutdown completed.
2022-06-18 16:16:35.611 [main] INFO  com.luobin.demo.edu.EduApplication - Starting EduApplication on LAPTOP-EMPL0VD0 with PID 19568 (C:\Users\YIMENG\Desktop\guli_parent_plus-master\service\service-edu\target\classes started by YIMENG in C:\Users\YIMENG\Desktop\guli_parent_plus-master)
2022-06-18 16:16:35.614 [main] INFO  com.luobin.demo.edu.EduApplication - The following profiles are active: dev
2022-06-18 16:16:36.769 [main] INFO  o.s.d.r.config.RepositoryConfigurationDelegate - Multiple Spring Data modules found, entering strict repository configuration mode!
2022-06-18 16:16:36.784 [main] INFO  o.s.d.r.config.RepositoryConfigurationDelegate - Bootstrapping Spring Data repositories in DEFAULT mode.
2022-06-18 16:16:36.855 [main] INFO  o.s.d.r.config.RepositoryConfigurationDelegate - Finished Spring Data repository scanning in 26ms. Found 0 repository interfaces.
2022-06-18 16:16:37.199 [main] INFO  o.s.c.s.PostProcessorRegistrationDelegate$BeanPostProcessorChecker - Bean 'org.springframework.transaction.annotation.ProxyTransactionManagementConfiguration' of type [org.springframework.transaction.annotation.ProxyTransactionManagementConfiguration] is not eligible for getting processed by all BeanPostProcessors (for example: not eligible for auto-proxying)
2022-06-18 16:16:37.484 [main] INFO  o.s.boot.web.embedded.tomcat.TomcatWebServer - Tomcat initialized with port(s): 8001 (http)
2022-06-18 16:16:37.495 [main] INFO  org.apache.coyote.http11.Http11NioProtocol - Initializing ProtocolHandler ["http-nio-8001"]
2022-06-18 16:16:37.496 [main] INFO  org.apache.catalina.core.StandardService - Starting service [Tomcat]
2022-06-18 16:16:37.496 [main] INFO  org.apache.catalina.core.StandardEngine - Starting Servlet engine: [Apache Tomcat/9.0.27]
2022-06-18 16:16:37.614 [main] INFO  o.a.c.core.ContainerBase.[Tomcat].[localhost].[/] - Initializing Spring embedded WebApplicationContext
2022-06-18 16:16:37.615 [main] INFO  org.springframework.web.context.ContextLoader - Root WebApplicationContext: initialization completed in 1955 ms
2022-06-18 16:16:37.852 [main] INFO  com.zaxxer.hikari.HikariDataSource - HikariPool-1 - Starting...
2022-06-18 16:16:38.376 [main] INFO  com.zaxxer.hikari.HikariDataSource - HikariPool-1 - Start completed.
2022-06-18 16:16:38.953 [main] INFO  s.d.s.w.PropertySourcedRequestMappingHandlerMapping - Mapped URL path [/v2/api-docs] onto method [springfox.documentation.swagger2.web.Swagger2Controller#getDocumentation(String, HttpServletRequest)]
2022-06-18 16:16:39.074 [main] INFO  o.s.scheduling.concurrent.ThreadPoolTaskExecutor - Initializing ExecutorService 'applicationTaskExecutor'
2022-06-18 16:16:39.606 [main] INFO  s.d.s.web.plugins.DocumentationPluginsBootstrapper - Context refreshed
2022-06-18 16:16:39.622 [main] INFO  s.d.s.web.plugins.DocumentationPluginsBootstrapper - Found 1 custom documentation plugin(s)
2022-06-18 16:16:39.662 [main] INFO  s.d.spring.web.scanners.ApiListingReferenceScanner - Scanning for api listing references
2022-06-18 16:16:39.870 [main] INFO  org.apache.coyote.http11.Http11NioProtocol - Starting ProtocolHandler ["http-nio-8001"]
2022-06-18 16:16:39.897 [main] INFO  o.s.boot.web.embedded.tomcat.TomcatWebServer - Tomcat started on port(s): 8001 (http) with context path ''
2022-06-18 16:16:39.900 [main] INFO  com.luobin.demo.edu.EduApplication - Started EduApplication in 4.85 seconds (JVM running for 5.918)
2022-06-18 16:16:51.824 [http-nio-8001-exec-1] INFO  o.a.c.core.ContainerBase.[Tomcat].[localhost].[/] - Initializing Spring DispatcherServlet 'dispatcherServlet'
2022-06-18 16:16:51.824 [http-nio-8001-exec-1] INFO  org.springframework.web.servlet.DispatcherServlet - Initializing Servlet 'dispatcherServlet'
2022-06-18 16:16:51.837 [http-nio-8001-exec-1] INFO  org.springframework.web.servlet.DispatcherServlet - Completed initialization in 12 ms
2022-06-18 16:16:55.200 [http-nio-8001-exec-7] INFO  c.luobin.demo.edu.service.impl.SubjectServiceImpl - 数据库查询出来的二级分类所有结果是：[EduSubject(id=1537714206202191873, title=vue, parentId=1537714205472382977, sort=0, gmtCreate=Fri Jun 17 16:30:11 GMT+08:00 2022, gmtModified=Fri Jun 17 16:30:11 GMT+08:00 2022), EduSubject(id=1537714206466433025, title=html, parentId=1537714205472382977, sort=0, gmtCreate=Fri Jun 17 16:30:11 GMT+08:00 2022, gmtModified=Fri Jun 17 16:30:11 GMT+08:00 2022), EduSubject(id=1537714206801977346, title=javascript, parentId=1537714205472382977, sort=0, gmtCreate=Fri Jun 17 16:30:11 GMT+08:00 2022, gmtModified=Fri Jun 17 16:30:11 GMT+08:00 2022), EduSubject(id=1537714207322071042, title=java, parentId=1537714207066218498, sort=0, gmtCreate=Fri Jun 17 16:30:11 GMT+08:00 2022, gmtModified=Fri Jun 17 16:30:11 GMT+08:00 2022), EduSubject(id=1537714207590506497, title=python, parentId=1537714207066218498, sort=0, gmtCreate=Fri Jun 17 16:30:11 GMT+08:00 2022, gmtModified=Fri Jun 17 16:30:11 GMT+08:00 2022), EduSubject(id=1537714208236429313, title=1.0, parentId=1537714207976382466, sort=0, gmtCreate=Fri Jun 17 16:30:11 GMT+08:00 2022, gmtModified=Fri Jun 17 16:30:11 GMT+08:00 2022), EduSubject(id=1537714208823631873, title=2.0, parentId=1537714208500670465, sort=0, gmtCreate=Fri Jun 17 16:30:11 GMT+08:00 2022, gmtModified=Fri Jun 17 16:30:11 GMT+08:00 2022)]
2022-06-18 16:16:55.213 [http-nio-8001-exec-7] INFO  c.luobin.demo.edu.service.impl.SubjectServiceImpl - 找到的二级分类是： [TwoSubject(id=1537714206202191873, title=vue), TwoSubject(id=1537714206466433025, title=html), TwoSubject(id=1537714206801977346, title=javascript)]
2022-06-18 16:16:55.213 [http-nio-8001-exec-7] INFO  c.luobin.demo.edu.service.impl.SubjectServiceImpl - 找到的二级分类是： [TwoSubject(id=1537714207322071042, title=java), TwoSubject(id=1537714207590506497, title=python)]
2022-06-18 16:16:55.213 [http-nio-8001-exec-7] INFO  c.luobin.demo.edu.service.impl.SubjectServiceImpl - 找到的二级分类是： [TwoSubject(id=1537714208236429313, title=1.0)]
2022-06-18 16:16:55.214 [http-nio-8001-exec-7] INFO  c.luobin.demo.edu.service.impl.SubjectServiceImpl - 找到的二级分类是： [TwoSubject(id=1537714208823631873, title=2.0)]
2022-06-18 16:29:25.078 [http-nio-8001-exec-2] INFO  c.luobin.demo.edu.service.impl.SubjectServiceImpl - 数据库查询出来的二级分类所有结果是：[EduSubject(id=1537714206202191873, title=vue, parentId=1537714205472382977, sort=0, gmtCreate=Fri Jun 17 16:30:11 GMT+08:00 2022, gmtModified=Fri Jun 17 16:30:11 GMT+08:00 2022), EduSubject(id=1537714206466433025, title=html, parentId=1537714205472382977, sort=0, gmtCreate=Fri Jun 17 16:30:11 GMT+08:00 2022, gmtModified=Fri Jun 17 16:30:11 GMT+08:00 2022), EduSubject(id=1537714206801977346, title=javascript, parentId=1537714205472382977, sort=0, gmtCreate=Fri Jun 17 16:30:11 GMT+08:00 2022, gmtModified=Fri Jun 17 16:30:11 GMT+08:00 2022), EduSubject(id=1537714207322071042, title=java, parentId=1537714207066218498, sort=0, gmtCreate=Fri Jun 17 16:30:11 GMT+08:00 2022, gmtModified=Fri Jun 17 16:30:11 GMT+08:00 2022), EduSubject(id=1537714207590506497, title=python, parentId=1537714207066218498, sort=0, gmtCreate=Fri Jun 17 16:30:11 GMT+08:00 2022, gmtModified=Fri Jun 17 16:30:11 GMT+08:00 2022), EduSubject(id=1537714208236429313, title=1.0, parentId=1537714207976382466, sort=0, gmtCreate=Fri Jun 17 16:30:11 GMT+08:00 2022, gmtModified=Fri Jun 17 16:30:11 GMT+08:00 2022), EduSubject(id=1537714208823631873, title=2.0, parentId=1537714208500670465, sort=0, gmtCreate=Fri Jun 17 16:30:11 GMT+08:00 2022, gmtModified=Fri Jun 17 16:30:11 GMT+08:00 2022)]
2022-06-18 16:29:25.079 [http-nio-8001-exec-2] INFO  c.luobin.demo.edu.service.impl.SubjectServiceImpl - 找到的二级分类是： [TwoSubject(id=1537714206202191873, title=vue), TwoSubject(id=1537714206466433025, title=html), TwoSubject(id=1537714206801977346, title=javascript)]
2022-06-18 16:29:25.080 [http-nio-8001-exec-2] INFO  c.luobin.demo.edu.service.impl.SubjectServiceImpl - 找到的二级分类是： [TwoSubject(id=1537714207322071042, title=java), TwoSubject(id=1537714207590506497, title=python)]
2022-06-18 16:29:25.081 [http-nio-8001-exec-2] INFO  c.luobin.demo.edu.service.impl.SubjectServiceImpl - 找到的二级分类是： [TwoSubject(id=1537714208236429313, title=1.0)]
2022-06-18 16:29:25.081 [http-nio-8001-exec-2] INFO  c.luobin.demo.edu.service.impl.SubjectServiceImpl - 找到的二级分类是： [TwoSubject(id=1537714208823631873, title=2.0)]
2022-06-18 16:29:30.639 [http-nio-8001-exec-3] INFO  c.luobin.demo.edu.service.impl.SubjectServiceImpl - 数据库查询出来的二级分类所有结果是：[EduSubject(id=1537714206202191873, title=vue, parentId=1537714205472382977, sort=0, gmtCreate=Fri Jun 17 16:30:11 GMT+08:00 2022, gmtModified=Fri Jun 17 16:30:11 GMT+08:00 2022), EduSubject(id=1537714206466433025, title=html, parentId=1537714205472382977, sort=0, gmtCreate=Fri Jun 17 16:30:11 GMT+08:00 2022, gmtModified=Fri Jun 17 16:30:11 GMT+08:00 2022), EduSubject(id=1537714206801977346, title=javascript, parentId=1537714205472382977, sort=0, gmtCreate=Fri Jun 17 16:30:11 GMT+08:00 2022, gmtModified=Fri Jun 17 16:30:11 GMT+08:00 2022), EduSubject(id=1537714207322071042, title=java, parentId=1537714207066218498, sort=0, gmtCreate=Fri Jun 17 16:30:11 GMT+08:00 2022, gmtModified=Fri Jun 17 16:30:11 GMT+08:00 2022), EduSubject(id=1537714207590506497, title=python, parentId=1537714207066218498, sort=0, gmtCreate=Fri Jun 17 16:30:11 GMT+08:00 2022, gmtModified=Fri Jun 17 16:30:11 GMT+08:00 2022), EduSubject(id=1537714208236429313, title=1.0, parentId=1537714207976382466, sort=0, gmtCreate=Fri Jun 17 16:30:11 GMT+08:00 2022, gmtModified=Fri Jun 17 16:30:11 GMT+08:00 2022), EduSubject(id=1537714208823631873, title=2.0, parentId=1537714208500670465, sort=0, gmtCreate=Fri Jun 17 16:30:11 GMT+08:00 2022, gmtModified=Fri Jun 17 16:30:11 GMT+08:00 2022)]
2022-06-18 16:29:30.642 [http-nio-8001-exec-3] INFO  c.luobin.demo.edu.service.impl.SubjectServiceImpl - 找到的二级分类是： [TwoSubject(id=1537714206202191873, title=vue), TwoSubject(id=1537714206466433025, title=html), TwoSubject(id=1537714206801977346, title=javascript)]
2022-06-18 16:29:30.642 [http-nio-8001-exec-3] INFO  c.luobin.demo.edu.service.impl.SubjectServiceImpl - 找到的二级分类是： [TwoSubject(id=1537714207322071042, title=java), TwoSubject(id=1537714207590506497, title=python)]
2022-06-18 16:29:30.643 [http-nio-8001-exec-3] INFO  c.luobin.demo.edu.service.impl.SubjectServiceImpl - 找到的二级分类是： [TwoSubject(id=1537714208236429313, title=1.0)]
2022-06-18 16:29:30.643 [http-nio-8001-exec-3] INFO  c.luobin.demo.edu.service.impl.SubjectServiceImpl - 找到的二级分类是： [TwoSubject(id=1537714208823631873, title=2.0)]
2022-06-18 16:30:48.624 [http-nio-8001-exec-4] INFO  c.luobin.demo.edu.service.impl.SubjectServiceImpl - 数据库查询出来的二级分类所有结果是：[EduSubject(id=1537714206202191873, title=vue, parentId=1537714205472382977, sort=0, gmtCreate=Fri Jun 17 16:30:11 GMT+08:00 2022, gmtModified=Fri Jun 17 16:30:11 GMT+08:00 2022), EduSubject(id=1537714206466433025, title=html, parentId=1537714205472382977, sort=0, gmtCreate=Fri Jun 17 16:30:11 GMT+08:00 2022, gmtModified=Fri Jun 17 16:30:11 GMT+08:00 2022), EduSubject(id=1537714206801977346, title=javascript, parentId=1537714205472382977, sort=0, gmtCreate=Fri Jun 17 16:30:11 GMT+08:00 2022, gmtModified=Fri Jun 17 16:30:11 GMT+08:00 2022), EduSubject(id=1537714207322071042, title=java, parentId=1537714207066218498, sort=0, gmtCreate=Fri Jun 17 16:30:11 GMT+08:00 2022, gmtModified=Fri Jun 17 16:30:11 GMT+08:00 2022), EduSubject(id=1537714207590506497, title=python, parentId=1537714207066218498, sort=0, gmtCreate=Fri Jun 17 16:30:11 GMT+08:00 2022, gmtModified=Fri Jun 17 16:30:11 GMT+08:00 2022), EduSubject(id=1537714208236429313, title=1.0, parentId=1537714207976382466, sort=0, gmtCreate=Fri Jun 17 16:30:11 GMT+08:00 2022, gmtModified=Fri Jun 17 16:30:11 GMT+08:00 2022), EduSubject(id=1537714208823631873, title=2.0, parentId=1537714208500670465, sort=0, gmtCreate=Fri Jun 17 16:30:11 GMT+08:00 2022, gmtModified=Fri Jun 17 16:30:11 GMT+08:00 2022)]
2022-06-18 16:30:48.626 [http-nio-8001-exec-4] INFO  c.luobin.demo.edu.service.impl.SubjectServiceImpl - 找到的二级分类是： [TwoSubject(id=1537714206202191873, title=vue), TwoSubject(id=1537714206466433025, title=html), TwoSubject(id=1537714206801977346, title=javascript)]
2022-06-18 16:30:48.627 [http-nio-8001-exec-4] INFO  c.luobin.demo.edu.service.impl.SubjectServiceImpl - 找到的二级分类是： [TwoSubject(id=1537714207322071042, title=java), TwoSubject(id=1537714207590506497, title=python)]
2022-06-18 16:30:48.627 [http-nio-8001-exec-4] INFO  c.luobin.demo.edu.service.impl.SubjectServiceImpl - 找到的二级分类是： [TwoSubject(id=1537714208236429313, title=1.0)]
2022-06-18 16:30:48.628 [http-nio-8001-exec-4] INFO  c.luobin.demo.edu.service.impl.SubjectServiceImpl - 找到的二级分类是： [TwoSubject(id=1537714208823631873, title=2.0)]
2022-06-18 16:30:50.872 [http-nio-8001-exec-6] INFO  c.luobin.demo.edu.service.impl.SubjectServiceImpl - 数据库查询出来的二级分类所有结果是：[EduSubject(id=1537714206202191873, title=vue, parentId=1537714205472382977, sort=0, gmtCreate=Fri Jun 17 16:30:11 GMT+08:00 2022, gmtModified=Fri Jun 17 16:30:11 GMT+08:00 2022), EduSubject(id=1537714206466433025, title=html, parentId=1537714205472382977, sort=0, gmtCreate=Fri Jun 17 16:30:11 GMT+08:00 2022, gmtModified=Fri Jun 17 16:30:11 GMT+08:00 2022), EduSubject(id=1537714206801977346, title=javascript, parentId=1537714205472382977, sort=0, gmtCreate=Fri Jun 17 16:30:11 GMT+08:00 2022, gmtModified=Fri Jun 17 16:30:11 GMT+08:00 2022), EduSubject(id=1537714207322071042, title=java, parentId=1537714207066218498, sort=0, gmtCreate=Fri Jun 17 16:30:11 GMT+08:00 2022, gmtModified=Fri Jun 17 16:30:11 GMT+08:00 2022), EduSubject(id=1537714207590506497, title=python, parentId=1537714207066218498, sort=0, gmtCreate=Fri Jun 17 16:30:11 GMT+08:00 2022, gmtModified=Fri Jun 17 16:30:11 GMT+08:00 2022), EduSubject(id=1537714208236429313, title=1.0, parentId=1537714207976382466, sort=0, gmtCreate=Fri Jun 17 16:30:11 GMT+08:00 2022, gmtModified=Fri Jun 17 16:30:11 GMT+08:00 2022), EduSubject(id=1537714208823631873, title=2.0, parentId=1537714208500670465, sort=0, gmtCreate=Fri Jun 17 16:30:11 GMT+08:00 2022, gmtModified=Fri Jun 17 16:30:11 GMT+08:00 2022)]
2022-06-18 16:30:50.874 [http-nio-8001-exec-6] INFO  c.luobin.demo.edu.service.impl.SubjectServiceImpl - 找到的二级分类是： [TwoSubject(id=1537714206202191873, title=vue), TwoSubject(id=1537714206466433025, title=html), TwoSubject(id=1537714206801977346, title=javascript)]
2022-06-18 16:30:50.876 [http-nio-8001-exec-6] INFO  c.luobin.demo.edu.service.impl.SubjectServiceImpl - 找到的二级分类是： [TwoSubject(id=1537714207322071042, title=java), TwoSubject(id=1537714207590506497, title=python)]
2022-06-18 16:30:50.877 [http-nio-8001-exec-6] INFO  c.luobin.demo.edu.service.impl.SubjectServiceImpl - 找到的二级分类是： [TwoSubject(id=1537714208236429313, title=1.0)]
2022-06-18 16:30:50.878 [http-nio-8001-exec-6] INFO  c.luobin.demo.edu.service.impl.SubjectServiceImpl - 找到的二级分类是： [TwoSubject(id=1537714208823631873, title=2.0)]
2022-06-18 16:30:54.852 [http-nio-8001-exec-7] INFO  c.luobin.demo.edu.service.impl.SubjectServiceImpl - 数据库查询出来的二级分类所有结果是：[EduSubject(id=1537714206202191873, title=vue, parentId=1537714205472382977, sort=0, gmtCreate=Fri Jun 17 16:30:11 GMT+08:00 2022, gmtModified=Fri Jun 17 16:30:11 GMT+08:00 2022), EduSubject(id=1537714206466433025, title=html, parentId=1537714205472382977, sort=0, gmtCreate=Fri Jun 17 16:30:11 GMT+08:00 2022, gmtModified=Fri Jun 17 16:30:11 GMT+08:00 2022), EduSubject(id=1537714206801977346, title=javascript, parentId=1537714205472382977, sort=0, gmtCreate=Fri Jun 17 16:30:11 GMT+08:00 2022, gmtModified=Fri Jun 17 16:30:11 GMT+08:00 2022), EduSubject(id=1537714207322071042, title=java, parentId=1537714207066218498, sort=0, gmtCreate=Fri Jun 17 16:30:11 GMT+08:00 2022, gmtModified=Fri Jun 17 16:30:11 GMT+08:00 2022), EduSubject(id=1537714207590506497, title=python, parentId=1537714207066218498, sort=0, gmtCreate=Fri Jun 17 16:30:11 GMT+08:00 2022, gmtModified=Fri Jun 17 16:30:11 GMT+08:00 2022), EduSubject(id=1537714208236429313, title=1.0, parentId=1537714207976382466, sort=0, gmtCreate=Fri Jun 17 16:30:11 GMT+08:00 2022, gmtModified=Fri Jun 17 16:30:11 GMT+08:00 2022), EduSubject(id=1537714208823631873, title=2.0, parentId=1537714208500670465, sort=0, gmtCreate=Fri Jun 17 16:30:11 GMT+08:00 2022, gmtModified=Fri Jun 17 16:30:11 GMT+08:00 2022)]
2022-06-18 16:30:54.853 [http-nio-8001-exec-7] INFO  c.luobin.demo.edu.service.impl.SubjectServiceImpl - 找到的二级分类是： [TwoSubject(id=1537714206202191873, title=vue), TwoSubject(id=1537714206466433025, title=html), TwoSubject(id=1537714206801977346, title=javascript)]
2022-06-18 16:30:54.853 [http-nio-8001-exec-7] INFO  c.luobin.demo.edu.service.impl.SubjectServiceImpl - 找到的二级分类是： [TwoSubject(id=1537714207322071042, title=java), TwoSubject(id=1537714207590506497, title=python)]
2022-06-18 16:30:54.853 [http-nio-8001-exec-7] INFO  c.luobin.demo.edu.service.impl.SubjectServiceImpl - 找到的二级分类是： [TwoSubject(id=1537714208236429313, title=1.0)]
2022-06-18 16:30:54.854 [http-nio-8001-exec-7] INFO  c.luobin.demo.edu.service.impl.SubjectServiceImpl - 找到的二级分类是： [TwoSubject(id=1537714208823631873, title=2.0)]
2022-06-18 16:32:03.221 [http-nio-8001-exec-8] INFO  c.luobin.demo.edu.service.impl.SubjectServiceImpl - 数据库查询出来的二级分类所有结果是：[EduSubject(id=1537714206202191873, title=vue, parentId=1537714205472382977, sort=0, gmtCreate=Fri Jun 17 16:30:11 GMT+08:00 2022, gmtModified=Fri Jun 17 16:30:11 GMT+08:00 2022), EduSubject(id=1537714206466433025, title=html, parentId=1537714205472382977, sort=0, gmtCreate=Fri Jun 17 16:30:11 GMT+08:00 2022, gmtModified=Fri Jun 17 16:30:11 GMT+08:00 2022), EduSubject(id=1537714206801977346, title=javascript, parentId=1537714205472382977, sort=0, gmtCreate=Fri Jun 17 16:30:11 GMT+08:00 2022, gmtModified=Fri Jun 17 16:30:11 GMT+08:00 2022), EduSubject(id=1537714207322071042, title=java, parentId=1537714207066218498, sort=0, gmtCreate=Fri Jun 17 16:30:11 GMT+08:00 2022, gmtModified=Fri Jun 17 16:30:11 GMT+08:00 2022), EduSubject(id=1537714207590506497, title=python, parentId=1537714207066218498, sort=0, gmtCreate=Fri Jun 17 16:30:11 GMT+08:00 2022, gmtModified=Fri Jun 17 16:30:11 GMT+08:00 2022), EduSubject(id=1537714208236429313, title=1.0, parentId=1537714207976382466, sort=0, gmtCreate=Fri Jun 17 16:30:11 GMT+08:00 2022, gmtModified=Fri Jun 17 16:30:11 GMT+08:00 2022), EduSubject(id=1537714208823631873, title=2.0, parentId=1537714208500670465, sort=0, gmtCreate=Fri Jun 17 16:30:11 GMT+08:00 2022, gmtModified=Fri Jun 17 16:30:11 GMT+08:00 2022)]
2022-06-18 16:32:03.222 [http-nio-8001-exec-8] INFO  c.luobin.demo.edu.service.impl.SubjectServiceImpl - 找到的二级分类是： [TwoSubject(id=1537714206202191873, title=vue), TwoSubject(id=1537714206466433025, title=html), TwoSubject(id=1537714206801977346, title=javascript)]
2022-06-18 16:32:03.223 [http-nio-8001-exec-8] INFO  c.luobin.demo.edu.service.impl.SubjectServiceImpl - 找到的二级分类是： [TwoSubject(id=1537714207322071042, title=java), TwoSubject(id=1537714207590506497, title=python)]
2022-06-18 16:32:03.223 [http-nio-8001-exec-8] INFO  c.luobin.demo.edu.service.impl.SubjectServiceImpl - 找到的二级分类是： [TwoSubject(id=1537714208236429313, title=1.0)]
2022-06-18 16:32:03.224 [http-nio-8001-exec-8] INFO  c.luobin.demo.edu.service.impl.SubjectServiceImpl - 找到的二级分类是： [TwoSubject(id=1537714208823631873, title=2.0)]
2022-06-18 16:32:29.393 [http-nio-8001-exec-9] INFO  c.luobin.demo.edu.service.impl.SubjectServiceImpl - 数据库查询出来的二级分类所有结果是：[EduSubject(id=1537714206202191873, title=vue, parentId=1537714205472382977, sort=0, gmtCreate=Fri Jun 17 16:30:11 GMT+08:00 2022, gmtModified=Fri Jun 17 16:30:11 GMT+08:00 2022), EduSubject(id=1537714206466433025, title=html, parentId=1537714205472382977, sort=0, gmtCreate=Fri Jun 17 16:30:11 GMT+08:00 2022, gmtModified=Fri Jun 17 16:30:11 GMT+08:00 2022), EduSubject(id=1537714206801977346, title=javascript, parentId=1537714205472382977, sort=0, gmtCreate=Fri Jun 17 16:30:11 GMT+08:00 2022, gmtModified=Fri Jun 17 16:30:11 GMT+08:00 2022), EduSubject(id=1537714207322071042, title=java, parentId=1537714207066218498, sort=0, gmtCreate=Fri Jun 17 16:30:11 GMT+08:00 2022, gmtModified=Fri Jun 17 16:30:11 GMT+08:00 2022), EduSubject(id=1537714207590506497, title=python, parentId=1537714207066218498, sort=0, gmtCreate=Fri Jun 17 16:30:11 GMT+08:00 2022, gmtModified=Fri Jun 17 16:30:11 GMT+08:00 2022), EduSubject(id=1537714208236429313, title=1.0, parentId=1537714207976382466, sort=0, gmtCreate=Fri Jun 17 16:30:11 GMT+08:00 2022, gmtModified=Fri Jun 17 16:30:11 GMT+08:00 2022), EduSubject(id=1537714208823631873, title=2.0, parentId=1537714208500670465, sort=0, gmtCreate=Fri Jun 17 16:30:11 GMT+08:00 2022, gmtModified=Fri Jun 17 16:30:11 GMT+08:00 2022)]
2022-06-18 16:32:29.394 [http-nio-8001-exec-9] INFO  c.luobin.demo.edu.service.impl.SubjectServiceImpl - 找到的二级分类是： [TwoSubject(id=1537714206202191873, title=vue), TwoSubject(id=1537714206466433025, title=html), TwoSubject(id=1537714206801977346, title=javascript)]
2022-06-18 16:32:29.394 [http-nio-8001-exec-9] INFO  c.luobin.demo.edu.service.impl.SubjectServiceImpl - 找到的二级分类是： [TwoSubject(id=1537714207322071042, title=java), TwoSubject(id=1537714207590506497, title=python)]
2022-06-18 16:32:29.394 [http-nio-8001-exec-9] INFO  c.luobin.demo.edu.service.impl.SubjectServiceImpl - 找到的二级分类是： [TwoSubject(id=1537714208236429313, title=1.0)]
2022-06-18 16:32:29.395 [http-nio-8001-exec-9] INFO  c.luobin.demo.edu.service.impl.SubjectServiceImpl - 找到的二级分类是： [TwoSubject(id=1537714208823631873, title=2.0)]
2022-06-18 16:32:43.106 [http-nio-8001-exec-1] INFO  c.luobin.demo.edu.service.impl.SubjectServiceImpl - 数据库查询出来的二级分类所有结果是：[EduSubject(id=1537714206202191873, title=vue, parentId=1537714205472382977, sort=0, gmtCreate=Fri Jun 17 16:30:11 GMT+08:00 2022, gmtModified=Fri Jun 17 16:30:11 GMT+08:00 2022), EduSubject(id=1537714206466433025, title=html, parentId=1537714205472382977, sort=0, gmtCreate=Fri Jun 17 16:30:11 GMT+08:00 2022, gmtModified=Fri Jun 17 16:30:11 GMT+08:00 2022), EduSubject(id=1537714206801977346, title=javascript, parentId=1537714205472382977, sort=0, gmtCreate=Fri Jun 17 16:30:11 GMT+08:00 2022, gmtModified=Fri Jun 17 16:30:11 GMT+08:00 2022), EduSubject(id=1537714207322071042, title=java, parentId=1537714207066218498, sort=0, gmtCreate=Fri Jun 17 16:30:11 GMT+08:00 2022, gmtModified=Fri Jun 17 16:30:11 GMT+08:00 2022), EduSubject(id=1537714207590506497, title=python, parentId=1537714207066218498, sort=0, gmtCreate=Fri Jun 17 16:30:11 GMT+08:00 2022, gmtModified=Fri Jun 17 16:30:11 GMT+08:00 2022), EduSubject(id=1537714208236429313, title=1.0, parentId=1537714207976382466, sort=0, gmtCreate=Fri Jun 17 16:30:11 GMT+08:00 2022, gmtModified=Fri Jun 17 16:30:11 GMT+08:00 2022), EduSubject(id=1537714208823631873, title=2.0, parentId=1537714208500670465, sort=0, gmtCreate=Fri Jun 17 16:30:11 GMT+08:00 2022, gmtModified=Fri Jun 17 16:30:11 GMT+08:00 2022)]
2022-06-18 16:32:43.107 [http-nio-8001-exec-1] INFO  c.luobin.demo.edu.service.impl.SubjectServiceImpl - 找到的二级分类是： [TwoSubject(id=1537714206202191873, title=vue), TwoSubject(id=1537714206466433025, title=html), TwoSubject(id=1537714206801977346, title=javascript)]
2022-06-18 16:32:43.107 [http-nio-8001-exec-1] INFO  c.luobin.demo.edu.service.impl.SubjectServiceImpl - 找到的二级分类是： [TwoSubject(id=1537714207322071042, title=java), TwoSubject(id=1537714207590506497, title=python)]
2022-06-18 16:32:43.108 [http-nio-8001-exec-1] INFO  c.luobin.demo.edu.service.impl.SubjectServiceImpl - 找到的二级分类是： [TwoSubject(id=1537714208236429313, title=1.0)]
2022-06-18 16:32:43.108 [http-nio-8001-exec-1] INFO  c.luobin.demo.edu.service.impl.SubjectServiceImpl - 找到的二级分类是： [TwoSubject(id=1537714208823631873, title=2.0)]
2022-06-18 16:33:06.107 [http-nio-8001-exec-2] INFO  c.luobin.demo.edu.service.impl.SubjectServiceImpl - 数据库查询出来的二级分类所有结果是：[EduSubject(id=1537714206202191873, title=vue, parentId=1537714205472382977, sort=0, gmtCreate=Fri Jun 17 16:30:11 GMT+08:00 2022, gmtModified=Fri Jun 17 16:30:11 GMT+08:00 2022), EduSubject(id=1537714206466433025, title=html, parentId=1537714205472382977, sort=0, gmtCreate=Fri Jun 17 16:30:11 GMT+08:00 2022, gmtModified=Fri Jun 17 16:30:11 GMT+08:00 2022), EduSubject(id=1537714206801977346, title=javascript, parentId=1537714205472382977, sort=0, gmtCreate=Fri Jun 17 16:30:11 GMT+08:00 2022, gmtModified=Fri Jun 17 16:30:11 GMT+08:00 2022), EduSubject(id=1537714207322071042, title=java, parentId=1537714207066218498, sort=0, gmtCreate=Fri Jun 17 16:30:11 GMT+08:00 2022, gmtModified=Fri Jun 17 16:30:11 GMT+08:00 2022), EduSubject(id=1537714207590506497, title=python, parentId=1537714207066218498, sort=0, gmtCreate=Fri Jun 17 16:30:11 GMT+08:00 2022, gmtModified=Fri Jun 17 16:30:11 GMT+08:00 2022), EduSubject(id=1537714208236429313, title=1.0, parentId=1537714207976382466, sort=0, gmtCreate=Fri Jun 17 16:30:11 GMT+08:00 2022, gmtModified=Fri Jun 17 16:30:11 GMT+08:00 2022), EduSubject(id=1537714208823631873, title=2.0, parentId=1537714208500670465, sort=0, gmtCreate=Fri Jun 17 16:30:11 GMT+08:00 2022, gmtModified=Fri Jun 17 16:30:11 GMT+08:00 2022)]
2022-06-18 16:33:06.108 [http-nio-8001-exec-2] INFO  c.luobin.demo.edu.service.impl.SubjectServiceImpl - 找到的二级分类是： [TwoSubject(id=1537714206202191873, title=vue), TwoSubject(id=1537714206466433025, title=html), TwoSubject(id=1537714206801977346, title=javascript)]
2022-06-18 16:33:06.108 [http-nio-8001-exec-2] INFO  c.luobin.demo.edu.service.impl.SubjectServiceImpl - 找到的二级分类是： [TwoSubject(id=1537714207322071042, title=java), TwoSubject(id=1537714207590506497, title=python)]
2022-06-18 16:33:06.109 [http-nio-8001-exec-2] INFO  c.luobin.demo.edu.service.impl.SubjectServiceImpl - 找到的二级分类是： [TwoSubject(id=1537714208236429313, title=1.0)]
2022-06-18 16:33:06.109 [http-nio-8001-exec-2] INFO  c.luobin.demo.edu.service.impl.SubjectServiceImpl - 找到的二级分类是： [TwoSubject(id=1537714208823631873, title=2.0)]
2022-06-18 16:35:18.160 [http-nio-8001-exec-3] INFO  c.luobin.demo.edu.service.impl.SubjectServiceImpl - 数据库查询出来的二级分类所有结果是：[EduSubject(id=1537714206202191873, title=vue, parentId=1537714205472382977, sort=0, gmtCreate=Fri Jun 17 16:30:11 GMT+08:00 2022, gmtModified=Fri Jun 17 16:30:11 GMT+08:00 2022), EduSubject(id=1537714206466433025, title=html, parentId=1537714205472382977, sort=0, gmtCreate=Fri Jun 17 16:30:11 GMT+08:00 2022, gmtModified=Fri Jun 17 16:30:11 GMT+08:00 2022), EduSubject(id=1537714206801977346, title=javascript, parentId=1537714205472382977, sort=0, gmtCreate=Fri Jun 17 16:30:11 GMT+08:00 2022, gmtModified=Fri Jun 17 16:30:11 GMT+08:00 2022), EduSubject(id=1537714207322071042, title=java, parentId=1537714207066218498, sort=0, gmtCreate=Fri Jun 17 16:30:11 GMT+08:00 2022, gmtModified=Fri Jun 17 16:30:11 GMT+08:00 2022), EduSubject(id=1537714207590506497, title=python, parentId=1537714207066218498, sort=0, gmtCreate=Fri Jun 17 16:30:11 GMT+08:00 2022, gmtModified=Fri Jun 17 16:30:11 GMT+08:00 2022), EduSubject(id=1537714208236429313, title=1.0, parentId=1537714207976382466, sort=0, gmtCreate=Fri Jun 17 16:30:11 GMT+08:00 2022, gmtModified=Fri Jun 17 16:30:11 GMT+08:00 2022), EduSubject(id=1537714208823631873, title=2.0, parentId=1537714208500670465, sort=0, gmtCreate=Fri Jun 17 16:30:11 GMT+08:00 2022, gmtModified=Fri Jun 17 16:30:11 GMT+08:00 2022)]
2022-06-18 16:35:18.161 [http-nio-8001-exec-3] INFO  c.luobin.demo.edu.service.impl.SubjectServiceImpl - 找到的二级分类是： [TwoSubject(id=1537714206202191873, title=vue), TwoSubject(id=1537714206466433025, title=html), TwoSubject(id=1537714206801977346, title=javascript)]
2022-06-18 16:35:18.161 [http-nio-8001-exec-3] INFO  c.luobin.demo.edu.service.impl.SubjectServiceImpl - 找到的二级分类是： [TwoSubject(id=1537714207322071042, title=java), TwoSubject(id=1537714207590506497, title=python)]
2022-06-18 16:35:18.162 [http-nio-8001-exec-3] INFO  c.luobin.demo.edu.service.impl.SubjectServiceImpl - 找到的二级分类是： [TwoSubject(id=1537714208236429313, title=1.0)]
2022-06-18 16:35:18.162 [http-nio-8001-exec-3] INFO  c.luobin.demo.edu.service.impl.SubjectServiceImpl - 找到的二级分类是： [TwoSubject(id=1537714208823631873, title=2.0)]
2022-06-18 16:36:51.297 [http-nio-8001-exec-4] INFO  c.luobin.demo.edu.service.impl.SubjectServiceImpl - 数据库查询出来的二级分类所有结果是：[EduSubject(id=1537714206202191873, title=vue, parentId=1537714205472382977, sort=0, gmtCreate=Fri Jun 17 16:30:11 GMT+08:00 2022, gmtModified=Fri Jun 17 16:30:11 GMT+08:00 2022), EduSubject(id=1537714206466433025, title=html, parentId=1537714205472382977, sort=0, gmtCreate=Fri Jun 17 16:30:11 GMT+08:00 2022, gmtModified=Fri Jun 17 16:30:11 GMT+08:00 2022), EduSubject(id=1537714206801977346, title=javascript, parentId=1537714205472382977, sort=0, gmtCreate=Fri Jun 17 16:30:11 GMT+08:00 2022, gmtModified=Fri Jun 17 16:30:11 GMT+08:00 2022), EduSubject(id=1537714207322071042, title=java, parentId=1537714207066218498, sort=0, gmtCreate=Fri Jun 17 16:30:11 GMT+08:00 2022, gmtModified=Fri Jun 17 16:30:11 GMT+08:00 2022), EduSubject(id=1537714207590506497, title=python, parentId=1537714207066218498, sort=0, gmtCreate=Fri Jun 17 16:30:11 GMT+08:00 2022, gmtModified=Fri Jun 17 16:30:11 GMT+08:00 2022), EduSubject(id=1537714208236429313, title=1.0, parentId=1537714207976382466, sort=0, gmtCreate=Fri Jun 17 16:30:11 GMT+08:00 2022, gmtModified=Fri Jun 17 16:30:11 GMT+08:00 2022), EduSubject(id=1537714208823631873, title=2.0, parentId=1537714208500670465, sort=0, gmtCreate=Fri Jun 17 16:30:11 GMT+08:00 2022, gmtModified=Fri Jun 17 16:30:11 GMT+08:00 2022)]
2022-06-18 16:36:51.299 [http-nio-8001-exec-4] INFO  c.luobin.demo.edu.service.impl.SubjectServiceImpl - 找到的二级分类是： [TwoSubject(id=1537714206202191873, title=vue), TwoSubject(id=1537714206466433025, title=html), TwoSubject(id=1537714206801977346, title=javascript)]
2022-06-18 16:36:51.299 [http-nio-8001-exec-4] INFO  c.luobin.demo.edu.service.impl.SubjectServiceImpl - 找到的二级分类是： [TwoSubject(id=1537714207322071042, title=java), TwoSubject(id=1537714207590506497, title=python)]
2022-06-18 16:36:51.299 [http-nio-8001-exec-4] INFO  c.luobin.demo.edu.service.impl.SubjectServiceImpl - 找到的二级分类是： [TwoSubject(id=1537714208236429313, title=1.0)]
2022-06-18 16:36:51.300 [http-nio-8001-exec-4] INFO  c.luobin.demo.edu.service.impl.SubjectServiceImpl - 找到的二级分类是： [TwoSubject(id=1537714208823631873, title=2.0)]
2022-06-18 16:37:24.159 [http-nio-8001-exec-5] INFO  c.luobin.demo.edu.service.impl.SubjectServiceImpl - 数据库查询出来的二级分类所有结果是：[EduSubject(id=1537714206202191873, title=vue, parentId=1537714205472382977, sort=0, gmtCreate=Fri Jun 17 16:30:11 GMT+08:00 2022, gmtModified=Fri Jun 17 16:30:11 GMT+08:00 2022), EduSubject(id=1537714206466433025, title=html, parentId=1537714205472382977, sort=0, gmtCreate=Fri Jun 17 16:30:11 GMT+08:00 2022, gmtModified=Fri Jun 17 16:30:11 GMT+08:00 2022), EduSubject(id=1537714206801977346, title=javascript, parentId=1537714205472382977, sort=0, gmtCreate=Fri Jun 17 16:30:11 GMT+08:00 2022, gmtModified=Fri Jun 17 16:30:11 GMT+08:00 2022), EduSubject(id=1537714207322071042, title=java, parentId=1537714207066218498, sort=0, gmtCreate=Fri Jun 17 16:30:11 GMT+08:00 2022, gmtModified=Fri Jun 17 16:30:11 GMT+08:00 2022), EduSubject(id=1537714207590506497, title=python, parentId=1537714207066218498, sort=0, gmtCreate=Fri Jun 17 16:30:11 GMT+08:00 2022, gmtModified=Fri Jun 17 16:30:11 GMT+08:00 2022), EduSubject(id=1537714208236429313, title=1.0, parentId=1537714207976382466, sort=0, gmtCreate=Fri Jun 17 16:30:11 GMT+08:00 2022, gmtModified=Fri Jun 17 16:30:11 GMT+08:00 2022), EduSubject(id=1537714208823631873, title=2.0, parentId=1537714208500670465, sort=0, gmtCreate=Fri Jun 17 16:30:11 GMT+08:00 2022, gmtModified=Fri Jun 17 16:30:11 GMT+08:00 2022)]
2022-06-18 16:37:24.160 [http-nio-8001-exec-5] INFO  c.luobin.demo.edu.service.impl.SubjectServiceImpl - 找到的二级分类是： [TwoSubject(id=1537714206202191873, title=vue), TwoSubject(id=1537714206466433025, title=html), TwoSubject(id=1537714206801977346, title=javascript)]
2022-06-18 16:37:24.160 [http-nio-8001-exec-5] INFO  c.luobin.demo.edu.service.impl.SubjectServiceImpl - 找到的二级分类是： [TwoSubject(id=1537714207322071042, title=java), TwoSubject(id=1537714207590506497, title=python)]
2022-06-18 16:37:24.160 [http-nio-8001-exec-5] INFO  c.luobin.demo.edu.service.impl.SubjectServiceImpl - 找到的二级分类是： [TwoSubject(id=1537714208236429313, title=1.0)]
2022-06-18 16:37:24.161 [http-nio-8001-exec-5] INFO  c.luobin.demo.edu.service.impl.SubjectServiceImpl - 找到的二级分类是： [TwoSubject(id=1537714208823631873, title=2.0)]
2022-06-18 16:38:42.904 [http-nio-8001-exec-6] INFO  c.luobin.demo.edu.service.impl.SubjectServiceImpl - 数据库查询出来的二级分类所有结果是：[EduSubject(id=1537714206202191873, title=vue, parentId=1537714205472382977, sort=0, gmtCreate=Fri Jun 17 16:30:11 GMT+08:00 2022, gmtModified=Fri Jun 17 16:30:11 GMT+08:00 2022), EduSubject(id=1537714206466433025, title=html, parentId=1537714205472382977, sort=0, gmtCreate=Fri Jun 17 16:30:11 GMT+08:00 2022, gmtModified=Fri Jun 17 16:30:11 GMT+08:00 2022), EduSubject(id=1537714206801977346, title=javascript, parentId=1537714205472382977, sort=0, gmtCreate=Fri Jun 17 16:30:11 GMT+08:00 2022, gmtModified=Fri Jun 17 16:30:11 GMT+08:00 2022), EduSubject(id=1537714207322071042, title=java, parentId=1537714207066218498, sort=0, gmtCreate=Fri Jun 17 16:30:11 GMT+08:00 2022, gmtModified=Fri Jun 17 16:30:11 GMT+08:00 2022), EduSubject(id=1537714207590506497, title=python, parentId=1537714207066218498, sort=0, gmtCreate=Fri Jun 17 16:30:11 GMT+08:00 2022, gmtModified=Fri Jun 17 16:30:11 GMT+08:00 2022), EduSubject(id=1537714208236429313, title=1.0, parentId=1537714207976382466, sort=0, gmtCreate=Fri Jun 17 16:30:11 GMT+08:00 2022, gmtModified=Fri Jun 17 16:30:11 GMT+08:00 2022), EduSubject(id=1537714208823631873, title=2.0, parentId=1537714208500670465, sort=0, gmtCreate=Fri Jun 17 16:30:11 GMT+08:00 2022, gmtModified=Fri Jun 17 16:30:11 GMT+08:00 2022)]
2022-06-18 16:38:42.905 [http-nio-8001-exec-6] INFO  c.luobin.demo.edu.service.impl.SubjectServiceImpl - 找到的二级分类是： [TwoSubject(id=1537714206202191873, title=vue), TwoSubject(id=1537714206466433025, title=html), TwoSubject(id=1537714206801977346, title=javascript)]
2022-06-18 16:38:42.906 [http-nio-8001-exec-6] INFO  c.luobin.demo.edu.service.impl.SubjectServiceImpl - 找到的二级分类是： [TwoSubject(id=1537714207322071042, title=java), TwoSubject(id=1537714207590506497, title=python)]
2022-06-18 16:38:42.906 [http-nio-8001-exec-6] INFO  c.luobin.demo.edu.service.impl.SubjectServiceImpl - 找到的二级分类是： [TwoSubject(id=1537714208236429313, title=1.0)]
2022-06-18 16:38:42.907 [http-nio-8001-exec-6] INFO  c.luobin.demo.edu.service.impl.SubjectServiceImpl - 找到的二级分类是： [TwoSubject(id=1537714208823631873, title=2.0)]
2022-06-18 17:03:43.518 [http-nio-8001-exec-2] INFO  c.luobin.demo.edu.service.impl.SubjectServiceImpl - 数据库查询出来的二级分类所有结果是：[EduSubject(id=1537714206202191873, title=vue, parentId=1537714205472382977, sort=0, gmtCreate=Fri Jun 17 16:30:11 GMT+08:00 2022, gmtModified=Fri Jun 17 16:30:11 GMT+08:00 2022), EduSubject(id=1537714206466433025, title=html, parentId=1537714205472382977, sort=0, gmtCreate=Fri Jun 17 16:30:11 GMT+08:00 2022, gmtModified=Fri Jun 17 16:30:11 GMT+08:00 2022), EduSubject(id=1537714206801977346, title=javascript, parentId=1537714205472382977, sort=0, gmtCreate=Fri Jun 17 16:30:11 GMT+08:00 2022, gmtModified=Fri Jun 17 16:30:11 GMT+08:00 2022), EduSubject(id=1537714207322071042, title=java, parentId=1537714207066218498, sort=0, gmtCreate=Fri Jun 17 16:30:11 GMT+08:00 2022, gmtModified=Fri Jun 17 16:30:11 GMT+08:00 2022), EduSubject(id=1537714207590506497, title=python, parentId=1537714207066218498, sort=0, gmtCreate=Fri Jun 17 16:30:11 GMT+08:00 2022, gmtModified=Fri Jun 17 16:30:11 GMT+08:00 2022), EduSubject(id=1537714208236429313, title=1.0, parentId=1537714207976382466, sort=0, gmtCreate=Fri Jun 17 16:30:11 GMT+08:00 2022, gmtModified=Fri Jun 17 16:30:11 GMT+08:00 2022), EduSubject(id=1537714208823631873, title=2.0, parentId=1537714208500670465, sort=0, gmtCreate=Fri Jun 17 16:30:11 GMT+08:00 2022, gmtModified=Fri Jun 17 16:30:11 GMT+08:00 2022)]
2022-06-18 17:03:43.519 [http-nio-8001-exec-2] INFO  c.luobin.demo.edu.service.impl.SubjectServiceImpl - 找到的二级分类是： [TwoSubject(id=1537714206202191873, title=vue), TwoSubject(id=1537714206466433025, title=html), TwoSubject(id=1537714206801977346, title=javascript)]
2022-06-18 17:03:43.520 [http-nio-8001-exec-2] INFO  c.luobin.demo.edu.service.impl.SubjectServiceImpl - 找到的二级分类是： [TwoSubject(id=1537714207322071042, title=java), TwoSubject(id=1537714207590506497, title=python)]
2022-06-18 17:03:43.520 [http-nio-8001-exec-2] INFO  c.luobin.demo.edu.service.impl.SubjectServiceImpl - 找到的二级分类是： [TwoSubject(id=1537714208236429313, title=1.0)]
2022-06-18 17:03:43.520 [http-nio-8001-exec-2] INFO  c.luobin.demo.edu.service.impl.SubjectServiceImpl - 找到的二级分类是： [TwoSubject(id=1537714208823631873, title=2.0)]
2022-06-18 17:03:43.660 [http-nio-8001-exec-3] INFO  c.luobin.demo.edu.service.impl.SubjectServiceImpl - 数据库查询出来的二级分类所有结果是：[EduSubject(id=1537714206202191873, title=vue, parentId=1537714205472382977, sort=0, gmtCreate=Fri Jun 17 16:30:11 GMT+08:00 2022, gmtModified=Fri Jun 17 16:30:11 GMT+08:00 2022), EduSubject(id=1537714206466433025, title=html, parentId=1537714205472382977, sort=0, gmtCreate=Fri Jun 17 16:30:11 GMT+08:00 2022, gmtModified=Fri Jun 17 16:30:11 GMT+08:00 2022), EduSubject(id=1537714206801977346, title=javascript, parentId=1537714205472382977, sort=0, gmtCreate=Fri Jun 17 16:30:11 GMT+08:00 2022, gmtModified=Fri Jun 17 16:30:11 GMT+08:00 2022), EduSubject(id=1537714207322071042, title=java, parentId=1537714207066218498, sort=0, gmtCreate=Fri Jun 17 16:30:11 GMT+08:00 2022, gmtModified=Fri Jun 17 16:30:11 GMT+08:00 2022), EduSubject(id=1537714207590506497, title=python, parentId=1537714207066218498, sort=0, gmtCreate=Fri Jun 17 16:30:11 GMT+08:00 2022, gmtModified=Fri Jun 17 16:30:11 GMT+08:00 2022), EduSubject(id=1537714208236429313, title=1.0, parentId=1537714207976382466, sort=0, gmtCreate=Fri Jun 17 16:30:11 GMT+08:00 2022, gmtModified=Fri Jun 17 16:30:11 GMT+08:00 2022), EduSubject(id=1537714208823631873, title=2.0, parentId=1537714208500670465, sort=0, gmtCreate=Fri Jun 17 16:30:11 GMT+08:00 2022, gmtModified=Fri Jun 17 16:30:11 GMT+08:00 2022)]
2022-06-18 17:03:43.661 [http-nio-8001-exec-3] INFO  c.luobin.demo.edu.service.impl.SubjectServiceImpl - 找到的二级分类是： [TwoSubject(id=1537714206202191873, title=vue), TwoSubject(id=1537714206466433025, title=html), TwoSubject(id=1537714206801977346, title=javascript)]
2022-06-18 17:03:43.662 [http-nio-8001-exec-3] INFO  c.luobin.demo.edu.service.impl.SubjectServiceImpl - 找到的二级分类是： [TwoSubject(id=1537714207322071042, title=java), TwoSubject(id=1537714207590506497, title=python)]
2022-06-18 17:03:43.662 [http-nio-8001-exec-3] INFO  c.luobin.demo.edu.service.impl.SubjectServiceImpl - 找到的二级分类是： [TwoSubject(id=1537714208236429313, title=1.0)]
2022-06-18 17:03:43.663 [http-nio-8001-exec-3] INFO  c.luobin.demo.edu.service.impl.SubjectServiceImpl - 找到的二级分类是： [TwoSubject(id=1537714208823631873, title=2.0)]
2022-06-18 17:04:03.892 [http-nio-8001-exec-4] INFO  c.luobin.demo.edu.service.impl.SubjectServiceImpl - 数据库查询出来的二级分类所有结果是：[EduSubject(id=1537714206202191873, title=vue, parentId=1537714205472382977, sort=0, gmtCreate=Fri Jun 17 16:30:11 GMT+08:00 2022, gmtModified=Fri Jun 17 16:30:11 GMT+08:00 2022), EduSubject(id=1537714206466433025, title=html, parentId=1537714205472382977, sort=0, gmtCreate=Fri Jun 17 16:30:11 GMT+08:00 2022, gmtModified=Fri Jun 17 16:30:11 GMT+08:00 2022), EduSubject(id=1537714206801977346, title=javascript, parentId=1537714205472382977, sort=0, gmtCreate=Fri Jun 17 16:30:11 GMT+08:00 2022, gmtModified=Fri Jun 17 16:30:11 GMT+08:00 2022), EduSubject(id=1537714207322071042, title=java, parentId=1537714207066218498, sort=0, gmtCreate=Fri Jun 17 16:30:11 GMT+08:00 2022, gmtModified=Fri Jun 17 16:30:11 GMT+08:00 2022), EduSubject(id=1537714207590506497, title=python, parentId=1537714207066218498, sort=0, gmtCreate=Fri Jun 17 16:30:11 GMT+08:00 2022, gmtModified=Fri Jun 17 16:30:11 GMT+08:00 2022), EduSubject(id=1537714208236429313, title=1.0, parentId=1537714207976382466, sort=0, gmtCreate=Fri Jun 17 16:30:11 GMT+08:00 2022, gmtModified=Fri Jun 17 16:30:11 GMT+08:00 2022), EduSubject(id=1537714208823631873, title=2.0, parentId=1537714208500670465, sort=0, gmtCreate=Fri Jun 17 16:30:11 GMT+08:00 2022, gmtModified=Fri Jun 17 16:30:11 GMT+08:00 2022)]
2022-06-18 17:04:03.893 [http-nio-8001-exec-4] INFO  c.luobin.demo.edu.service.impl.SubjectServiceImpl - 找到的二级分类是： [TwoSubject(id=1537714206202191873, title=vue), TwoSubject(id=1537714206466433025, title=html), TwoSubject(id=1537714206801977346, title=javascript)]
2022-06-18 17:04:03.894 [http-nio-8001-exec-4] INFO  c.luobin.demo.edu.service.impl.SubjectServiceImpl - 找到的二级分类是： [TwoSubject(id=1537714207322071042, title=java), TwoSubject(id=1537714207590506497, title=python)]
2022-06-18 17:04:03.895 [http-nio-8001-exec-4] INFO  c.luobin.demo.edu.service.impl.SubjectServiceImpl - 找到的二级分类是： [TwoSubject(id=1537714208236429313, title=1.0)]
2022-06-18 17:04:03.895 [http-nio-8001-exec-4] INFO  c.luobin.demo.edu.service.impl.SubjectServiceImpl - 找到的二级分类是： [TwoSubject(id=1537714208823631873, title=2.0)]
2022-06-18 17:05:03.110 [http-nio-8001-exec-8] INFO  c.luobin.demo.edu.service.impl.SubjectServiceImpl - 数据库查询出来的二级分类所有结果是：[EduSubject(id=1537714206202191873, title=vue, parentId=1537714205472382977, sort=0, gmtCreate=Fri Jun 17 16:30:11 GMT+08:00 2022, gmtModified=Fri Jun 17 16:30:11 GMT+08:00 2022), EduSubject(id=1537714206466433025, title=html, parentId=1537714205472382977, sort=0, gmtCreate=Fri Jun 17 16:30:11 GMT+08:00 2022, gmtModified=Fri Jun 17 16:30:11 GMT+08:00 2022), EduSubject(id=1537714206801977346, title=javascript, parentId=1537714205472382977, sort=0, gmtCreate=Fri Jun 17 16:30:11 GMT+08:00 2022, gmtModified=Fri Jun 17 16:30:11 GMT+08:00 2022), EduSubject(id=1537714207322071042, title=java, parentId=1537714207066218498, sort=0, gmtCreate=Fri Jun 17 16:30:11 GMT+08:00 2022, gmtModified=Fri Jun 17 16:30:11 GMT+08:00 2022), EduSubject(id=1537714207590506497, title=python, parentId=1537714207066218498, sort=0, gmtCreate=Fri Jun 17 16:30:11 GMT+08:00 2022, gmtModified=Fri Jun 17 16:30:11 GMT+08:00 2022), EduSubject(id=1537714208236429313, title=1.0, parentId=1537714207976382466, sort=0, gmtCreate=Fri Jun 17 16:30:11 GMT+08:00 2022, gmtModified=Fri Jun 17 16:30:11 GMT+08:00 2022), EduSubject(id=1537714208823631873, title=2.0, parentId=1537714208500670465, sort=0, gmtCreate=Fri Jun 17 16:30:11 GMT+08:00 2022, gmtModified=Fri Jun 17 16:30:11 GMT+08:00 2022)]
2022-06-18 17:05:03.111 [http-nio-8001-exec-8] INFO  c.luobin.demo.edu.service.impl.SubjectServiceImpl - 找到的二级分类是： [TwoSubject(id=1537714206202191873, title=vue), TwoSubject(id=1537714206466433025, title=html), TwoSubject(id=1537714206801977346, title=javascript)]
2022-06-18 17:05:03.112 [http-nio-8001-exec-8] INFO  c.luobin.demo.edu.service.impl.SubjectServiceImpl - 找到的二级分类是： [TwoSubject(id=1537714207322071042, title=java), TwoSubject(id=1537714207590506497, title=python)]
2022-06-18 17:05:03.112 [http-nio-8001-exec-8] INFO  c.luobin.demo.edu.service.impl.SubjectServiceImpl - 找到的二级分类是： [TwoSubject(id=1537714208236429313, title=1.0)]
2022-06-18 17:05:03.112 [http-nio-8001-exec-8] INFO  c.luobin.demo.edu.service.impl.SubjectServiceImpl - 找到的二级分类是： [TwoSubject(id=1537714208823631873, title=2.0)]
2022-06-18 17:09:35.402 [http-nio-8001-exec-6] INFO  c.luobin.demo.edu.service.impl.SubjectServiceImpl - 数据库查询出来的二级分类所有结果是：[EduSubject(id=1537714206202191873, title=vue, parentId=1537714205472382977, sort=0, gmtCreate=Fri Jun 17 16:30:11 GMT+08:00 2022, gmtModified=Fri Jun 17 16:30:11 GMT+08:00 2022), EduSubject(id=1537714206466433025, title=html, parentId=1537714205472382977, sort=0, gmtCreate=Fri Jun 17 16:30:11 GMT+08:00 2022, gmtModified=Fri Jun 17 16:30:11 GMT+08:00 2022), EduSubject(id=1537714206801977346, title=javascript, parentId=1537714205472382977, sort=0, gmtCreate=Fri Jun 17 16:30:11 GMT+08:00 2022, gmtModified=Fri Jun 17 16:30:11 GMT+08:00 2022), EduSubject(id=1537714207322071042, title=java, parentId=1537714207066218498, sort=0, gmtCreate=Fri Jun 17 16:30:11 GMT+08:00 2022, gmtModified=Fri Jun 17 16:30:11 GMT+08:00 2022), EduSubject(id=1537714207590506497, title=python, parentId=1537714207066218498, sort=0, gmtCreate=Fri Jun 17 16:30:11 GMT+08:00 2022, gmtModified=Fri Jun 17 16:30:11 GMT+08:00 2022), EduSubject(id=1537714208236429313, title=1.0, parentId=1537714207976382466, sort=0, gmtCreate=Fri Jun 17 16:30:11 GMT+08:00 2022, gmtModified=Fri Jun 17 16:30:11 GMT+08:00 2022), EduSubject(id=1537714208823631873, title=2.0, parentId=1537714208500670465, sort=0, gmtCreate=Fri Jun 17 16:30:11 GMT+08:00 2022, gmtModified=Fri Jun 17 16:30:11 GMT+08:00 2022)]
2022-06-18 17:09:35.403 [http-nio-8001-exec-6] INFO  c.luobin.demo.edu.service.impl.SubjectServiceImpl - 找到的二级分类是： [TwoSubject(id=1537714206202191873, title=vue), TwoSubject(id=1537714206466433025, title=html), TwoSubject(id=1537714206801977346, title=javascript)]
2022-06-18 17:09:35.404 [http-nio-8001-exec-6] INFO  c.luobin.demo.edu.service.impl.SubjectServiceImpl - 找到的二级分类是： [TwoSubject(id=1537714207322071042, title=java), TwoSubject(id=1537714207590506497, title=python)]
2022-06-18 17:09:35.404 [http-nio-8001-exec-6] INFO  c.luobin.demo.edu.service.impl.SubjectServiceImpl - 找到的二级分类是： [TwoSubject(id=1537714208236429313, title=1.0)]
2022-06-18 17:09:35.404 [http-nio-8001-exec-6] INFO  c.luobin.demo.edu.service.impl.SubjectServiceImpl - 找到的二级分类是： [TwoSubject(id=1537714208823631873, title=2.0)]
2022-06-18 17:13:43.613 [http-nio-8001-exec-9] INFO  c.luobin.demo.edu.service.impl.SubjectServiceImpl - 数据库查询出来的二级分类所有结果是：[EduSubject(id=1537714206202191873, title=vue, parentId=1537714205472382977, sort=0, gmtCreate=Fri Jun 17 16:30:11 GMT+08:00 2022, gmtModified=Fri Jun 17 16:30:11 GMT+08:00 2022), EduSubject(id=1537714206466433025, title=html, parentId=1537714205472382977, sort=0, gmtCreate=Fri Jun 17 16:30:11 GMT+08:00 2022, gmtModified=Fri Jun 17 16:30:11 GMT+08:00 2022), EduSubject(id=1537714206801977346, title=javascript, parentId=1537714205472382977, sort=0, gmtCreate=Fri Jun 17 16:30:11 GMT+08:00 2022, gmtModified=Fri Jun 17 16:30:11 GMT+08:00 2022), EduSubject(id=1537714207322071042, title=java, parentId=1537714207066218498, sort=0, gmtCreate=Fri Jun 17 16:30:11 GMT+08:00 2022, gmtModified=Fri Jun 17 16:30:11 GMT+08:00 2022), EduSubject(id=1537714207590506497, title=python, parentId=1537714207066218498, sort=0, gmtCreate=Fri Jun 17 16:30:11 GMT+08:00 2022, gmtModified=Fri Jun 17 16:30:11 GMT+08:00 2022), EduSubject(id=1537714208236429313, title=1.0, parentId=1537714207976382466, sort=0, gmtCreate=Fri Jun 17 16:30:11 GMT+08:00 2022, gmtModified=Fri Jun 17 16:30:11 GMT+08:00 2022), EduSubject(id=1537714208823631873, title=2.0, parentId=1537714208500670465, sort=0, gmtCreate=Fri Jun 17 16:30:11 GMT+08:00 2022, gmtModified=Fri Jun 17 16:30:11 GMT+08:00 2022)]
2022-06-18 17:13:43.614 [http-nio-8001-exec-9] INFO  c.luobin.demo.edu.service.impl.SubjectServiceImpl - 找到的二级分类是： [TwoSubject(id=1537714206202191873, title=vue), TwoSubject(id=1537714206466433025, title=html), TwoSubject(id=1537714206801977346, title=javascript)]
2022-06-18 17:13:43.614 [http-nio-8001-exec-9] INFO  c.luobin.demo.edu.service.impl.SubjectServiceImpl - 找到的二级分类是： [TwoSubject(id=1537714207322071042, title=java), TwoSubject(id=1537714207590506497, title=python)]
2022-06-18 17:13:43.614 [http-nio-8001-exec-9] INFO  c.luobin.demo.edu.service.impl.SubjectServiceImpl - 找到的二级分类是： [TwoSubject(id=1537714208236429313, title=1.0)]
2022-06-18 17:13:43.614 [http-nio-8001-exec-9] INFO  c.luobin.demo.edu.service.impl.SubjectServiceImpl - 找到的二级分类是： [TwoSubject(id=1537714208823631873, title=2.0)]
2022-06-18 17:13:44.384 [http-nio-8001-exec-10] INFO  c.luobin.demo.edu.service.impl.SubjectServiceImpl - 数据库查询出来的二级分类所有结果是：[EduSubject(id=1537714206202191873, title=vue, parentId=1537714205472382977, sort=0, gmtCreate=Fri Jun 17 16:30:11 GMT+08:00 2022, gmtModified=Fri Jun 17 16:30:11 GMT+08:00 2022), EduSubject(id=1537714206466433025, title=html, parentId=1537714205472382977, sort=0, gmtCreate=Fri Jun 17 16:30:11 GMT+08:00 2022, gmtModified=Fri Jun 17 16:30:11 GMT+08:00 2022), EduSubject(id=1537714206801977346, title=javascript, parentId=1537714205472382977, sort=0, gmtCreate=Fri Jun 17 16:30:11 GMT+08:00 2022, gmtModified=Fri Jun 17 16:30:11 GMT+08:00 2022), EduSubject(id=1537714207322071042, title=java, parentId=1537714207066218498, sort=0, gmtCreate=Fri Jun 17 16:30:11 GMT+08:00 2022, gmtModified=Fri Jun 17 16:30:11 GMT+08:00 2022), EduSubject(id=1537714207590506497, title=python, parentId=1537714207066218498, sort=0, gmtCreate=Fri Jun 17 16:30:11 GMT+08:00 2022, gmtModified=Fri Jun 17 16:30:11 GMT+08:00 2022), EduSubject(id=1537714208236429313, title=1.0, parentId=1537714207976382466, sort=0, gmtCreate=Fri Jun 17 16:30:11 GMT+08:00 2022, gmtModified=Fri Jun 17 16:30:11 GMT+08:00 2022), EduSubject(id=1537714208823631873, title=2.0, parentId=1537714208500670465, sort=0, gmtCreate=Fri Jun 17 16:30:11 GMT+08:00 2022, gmtModified=Fri Jun 17 16:30:11 GMT+08:00 2022)]
2022-06-18 17:13:44.384 [http-nio-8001-exec-10] INFO  c.luobin.demo.edu.service.impl.SubjectServiceImpl - 找到的二级分类是： [TwoSubject(id=1537714206202191873, title=vue), TwoSubject(id=1537714206466433025, title=html), TwoSubject(id=1537714206801977346, title=javascript)]
2022-06-18 17:13:44.384 [http-nio-8001-exec-10] INFO  c.luobin.demo.edu.service.impl.SubjectServiceImpl - 找到的二级分类是： [TwoSubject(id=1537714207322071042, title=java), TwoSubject(id=1537714207590506497, title=python)]
2022-06-18 17:13:44.385 [http-nio-8001-exec-10] INFO  c.luobin.demo.edu.service.impl.SubjectServiceImpl - 找到的二级分类是： [TwoSubject(id=1537714208236429313, title=1.0)]
2022-06-18 17:13:44.385 [http-nio-8001-exec-10] INFO  c.luobin.demo.edu.service.impl.SubjectServiceImpl - 找到的二级分类是： [TwoSubject(id=1537714208823631873, title=2.0)]
2022-06-18 17:13:45.334 [http-nio-8001-exec-1] INFO  c.luobin.demo.edu.service.impl.SubjectServiceImpl - 数据库查询出来的二级分类所有结果是：[EduSubject(id=1537714206202191873, title=vue, parentId=1537714205472382977, sort=0, gmtCreate=Fri Jun 17 16:30:11 GMT+08:00 2022, gmtModified=Fri Jun 17 16:30:11 GMT+08:00 2022), EduSubject(id=1537714206466433025, title=html, parentId=1537714205472382977, sort=0, gmtCreate=Fri Jun 17 16:30:11 GMT+08:00 2022, gmtModified=Fri Jun 17 16:30:11 GMT+08:00 2022), EduSubject(id=1537714206801977346, title=javascript, parentId=1537714205472382977, sort=0, gmtCreate=Fri Jun 17 16:30:11 GMT+08:00 2022, gmtModified=Fri Jun 17 16:30:11 GMT+08:00 2022), EduSubject(id=1537714207322071042, title=java, parentId=1537714207066218498, sort=0, gmtCreate=Fri Jun 17 16:30:11 GMT+08:00 2022, gmtModified=Fri Jun 17 16:30:11 GMT+08:00 2022), EduSubject(id=1537714207590506497, title=python, parentId=1537714207066218498, sort=0, gmtCreate=Fri Jun 17 16:30:11 GMT+08:00 2022, gmtModified=Fri Jun 17 16:30:11 GMT+08:00 2022), EduSubject(id=1537714208236429313, title=1.0, parentId=1537714207976382466, sort=0, gmtCreate=Fri Jun 17 16:30:11 GMT+08:00 2022, gmtModified=Fri Jun 17 16:30:11 GMT+08:00 2022), EduSubject(id=1537714208823631873, title=2.0, parentId=1537714208500670465, sort=0, gmtCreate=Fri Jun 17 16:30:11 GMT+08:00 2022, gmtModified=Fri Jun 17 16:30:11 GMT+08:00 2022)]
2022-06-18 17:13:45.335 [http-nio-8001-exec-1] INFO  c.luobin.demo.edu.service.impl.SubjectServiceImpl - 找到的二级分类是： [TwoSubject(id=1537714206202191873, title=vue), TwoSubject(id=1537714206466433025, title=html), TwoSubject(id=1537714206801977346, title=javascript)]
2022-06-18 17:13:45.335 [http-nio-8001-exec-1] INFO  c.luobin.demo.edu.service.impl.SubjectServiceImpl - 找到的二级分类是： [TwoSubject(id=1537714207322071042, title=java), TwoSubject(id=1537714207590506497, title=python)]
2022-06-18 17:13:45.335 [http-nio-8001-exec-1] INFO  c.luobin.demo.edu.service.impl.SubjectServiceImpl - 找到的二级分类是： [TwoSubject(id=1537714208236429313, title=1.0)]
2022-06-18 17:13:45.335 [http-nio-8001-exec-1] INFO  c.luobin.demo.edu.service.impl.SubjectServiceImpl - 找到的二级分类是： [TwoSubject(id=1537714208823631873, title=2.0)]
2022-06-18 17:40:51.366 [SpringContextShutdownHook] INFO  o.s.scheduling.concurrent.ThreadPoolTaskExecutor - Shutting down ExecutorService 'applicationTaskExecutor'
2022-06-18 17:40:51.368 [SpringContextShutdownHook] INFO  com.zaxxer.hikari.HikariDataSource - HikariPool-1 - Shutdown initiated...
2022-06-18 17:40:51.382 [SpringContextShutdownHook] INFO  com.zaxxer.hikari.HikariDataSource - HikariPool-1 - Shutdown completed.
2022-06-18 18:01:37.070 [main] INFO  com.luobin.demo.edu.EduApplication - Starting EduApplication on LAPTOP-EMPL0VD0 with PID 14404 (C:\Users\YIMENG\Desktop\guli_parent_plus-master\service\service-edu\target\classes started by YIMENG in C:\Users\YIMENG\Desktop\guli_parent_plus-master)
2022-06-18 18:01:37.073 [main] INFO  com.luobin.demo.edu.EduApplication - The following profiles are active: dev
2022-06-18 18:01:38.363 [main] INFO  o.s.d.r.config.RepositoryConfigurationDelegate - Multiple Spring Data modules found, entering strict repository configuration mode!
2022-06-18 18:01:38.369 [main] INFO  o.s.d.r.config.RepositoryConfigurationDelegate - Bootstrapping Spring Data repositories in DEFAULT mode.
2022-06-18 18:01:38.431 [main] INFO  o.s.d.r.config.RepositoryConfigurationDelegate - Finished Spring Data repository scanning in 38ms. Found 0 repository interfaces.
2022-06-18 18:01:38.906 [main] INFO  o.s.c.s.PostProcessorRegistrationDelegate$BeanPostProcessorChecker - Bean 'org.springframework.transaction.annotation.ProxyTransactionManagementConfiguration' of type [org.springframework.transaction.annotation.ProxyTransactionManagementConfiguration] is not eligible for getting processed by all BeanPostProcessors (for example: not eligible for auto-proxying)
2022-06-18 18:01:39.691 [main] INFO  o.s.boot.web.embedded.tomcat.TomcatWebServer - Tomcat initialized with port(s): 8001 (http)
2022-06-18 18:01:39.706 [main] INFO  org.apache.coyote.http11.Http11NioProtocol - Initializing ProtocolHandler ["http-nio-8001"]
2022-06-18 18:01:39.707 [main] INFO  org.apache.catalina.core.StandardService - Starting service [Tomcat]
2022-06-18 18:01:39.708 [main] INFO  org.apache.catalina.core.StandardEngine - Starting Servlet engine: [Apache Tomcat/9.0.27]
2022-06-18 18:01:39.846 [main] INFO  o.a.c.core.ContainerBase.[Tomcat].[localhost].[/] - Initializing Spring embedded WebApplicationContext
2022-06-18 18:01:39.846 [main] INFO  org.springframework.web.context.ContextLoader - Root WebApplicationContext: initialization completed in 2718 ms
2022-06-18 18:01:40.115 [main] INFO  com.zaxxer.hikari.HikariDataSource - HikariPool-1 - Starting...
2022-06-18 18:01:40.509 [main] INFO  com.zaxxer.hikari.HikariDataSource - HikariPool-1 - Start completed.
2022-06-18 18:01:41.242 [main] INFO  s.d.s.w.PropertySourcedRequestMappingHandlerMapping - Mapped URL path [/v2/api-docs] onto method [springfox.documentation.swagger2.web.Swagger2Controller#getDocumentation(String, HttpServletRequest)]
2022-06-18 18:01:41.366 [main] INFO  o.s.scheduling.concurrent.ThreadPoolTaskExecutor - Initializing ExecutorService 'applicationTaskExecutor'
2022-06-18 18:01:41.934 [main] INFO  s.d.s.web.plugins.DocumentationPluginsBootstrapper - Context refreshed
2022-06-18 18:01:41.954 [main] INFO  s.d.s.web.plugins.DocumentationPluginsBootstrapper - Found 1 custom documentation plugin(s)
2022-06-18 18:01:41.996 [main] INFO  s.d.spring.web.scanners.ApiListingReferenceScanner - Scanning for api listing references
2022-06-18 18:01:42.248 [main] INFO  org.apache.coyote.http11.Http11NioProtocol - Starting ProtocolHandler ["http-nio-8001"]
2022-06-18 18:01:42.276 [main] INFO  o.s.boot.web.embedded.tomcat.TomcatWebServer - Tomcat started on port(s): 8001 (http) with context path ''
2022-06-18 18:01:42.279 [main] INFO  com.luobin.demo.edu.EduApplication - Started EduApplication in 5.761 seconds (JVM running for 7.079)
2022-06-18 18:02:00.419 [SpringContextShutdownHook] INFO  o.s.scheduling.concurrent.ThreadPoolTaskExecutor - Shutting down ExecutorService 'applicationTaskExecutor'
2022-06-18 18:02:00.421 [SpringContextShutdownHook] INFO  com.zaxxer.hikari.HikariDataSource - HikariPool-1 - Shutdown initiated...
2022-06-18 18:02:00.437 [SpringContextShutdownHook] INFO  com.zaxxer.hikari.HikariDataSource - HikariPool-1 - Shutdown completed.
2022-06-18 18:02:05.362 [main] INFO  com.luobin.demo.edu.EduApplication - Starting EduApplication on LAPTOP-EMPL0VD0 with PID 21256 (C:\Users\YIMENG\Desktop\guli_parent_plus-master\service\service-edu\target\classes started by YIMENG in C:\Users\YIMENG\Desktop\guli_parent_plus-master)
2022-06-18 18:02:05.367 [main] INFO  com.luobin.demo.edu.EduApplication - The following profiles are active: dev
2022-06-18 18:02:06.729 [main] INFO  o.s.d.r.config.RepositoryConfigurationDelegate - Multiple Spring Data modules found, entering strict repository configuration mode!
2022-06-18 18:02:06.732 [main] INFO  o.s.d.r.config.RepositoryConfigurationDelegate - Bootstrapping Spring Data repositories in DEFAULT mode.
2022-06-18 18:02:06.769 [main] INFO  o.s.d.r.config.RepositoryConfigurationDelegate - Finished Spring Data repository scanning in 21ms. Found 0 repository interfaces.
2022-06-18 18:02:07.141 [main] INFO  o.s.c.s.PostProcessorRegistrationDelegate$BeanPostProcessorChecker - Bean 'org.springframework.transaction.annotation.ProxyTransactionManagementConfiguration' of type [org.springframework.transaction.annotation.ProxyTransactionManagementConfiguration] is not eligible for getting processed by all BeanPostProcessors (for example: not eligible for auto-proxying)
2022-06-18 18:02:07.487 [main] INFO  o.s.boot.web.embedded.tomcat.TomcatWebServer - Tomcat initialized with port(s): 8001 (http)
2022-06-18 18:02:07.502 [main] INFO  org.apache.coyote.http11.Http11NioProtocol - Initializing ProtocolHandler ["http-nio-8001"]
2022-06-18 18:02:07.504 [main] INFO  org.apache.catalina.core.StandardService - Starting service [Tomcat]
2022-06-18 18:02:07.504 [main] INFO  org.apache.catalina.core.StandardEngine - Starting Servlet engine: [Apache Tomcat/9.0.27]
2022-06-18 18:02:07.630 [main] INFO  o.a.c.core.ContainerBase.[Tomcat].[localhost].[/] - Initializing Spring embedded WebApplicationContext
2022-06-18 18:02:07.630 [main] INFO  org.springframework.web.context.ContextLoader - Root WebApplicationContext: initialization completed in 2189 ms
2022-06-18 18:02:07.890 [main] INFO  com.zaxxer.hikari.HikariDataSource - HikariPool-1 - Starting...
2022-06-18 18:02:08.324 [main] INFO  com.zaxxer.hikari.HikariDataSource - HikariPool-1 - Start completed.
2022-06-18 18:02:09.106 [main] INFO  s.d.s.w.PropertySourcedRequestMappingHandlerMapping - Mapped URL path [/v2/api-docs] onto method [springfox.documentation.swagger2.web.Swagger2Controller#getDocumentation(String, HttpServletRequest)]
2022-06-18 18:02:09.230 [main] INFO  o.s.scheduling.concurrent.ThreadPoolTaskExecutor - Initializing ExecutorService 'applicationTaskExecutor'
2022-06-18 18:02:09.864 [main] INFO  s.d.s.web.plugins.DocumentationPluginsBootstrapper - Context refreshed
2022-06-18 18:02:09.891 [main] INFO  s.d.s.web.plugins.DocumentationPluginsBootstrapper - Found 1 custom documentation plugin(s)
2022-06-18 18:02:09.946 [main] INFO  s.d.spring.web.scanners.ApiListingReferenceScanner - Scanning for api listing references
2022-06-18 18:02:10.191 [main] INFO  org.apache.coyote.http11.Http11NioProtocol - Starting ProtocolHandler ["http-nio-8001"]
2022-06-18 18:02:10.221 [main] INFO  o.s.boot.web.embedded.tomcat.TomcatWebServer - Tomcat started on port(s): 8001 (http) with context path ''
2022-06-18 18:02:10.223 [main] INFO  com.luobin.demo.edu.EduApplication - Started EduApplication in 5.617 seconds (JVM running for 6.709)
2022-06-18 18:02:21.660 [http-nio-8001-exec-1] INFO  o.a.c.core.ContainerBase.[Tomcat].[localhost].[/] - Initializing Spring DispatcherServlet 'dispatcherServlet'
2022-06-18 18:02:21.661 [http-nio-8001-exec-1] INFO  org.springframework.web.servlet.DispatcherServlet - Initializing Servlet 'dispatcherServlet'
2022-06-18 18:02:21.671 [http-nio-8001-exec-1] INFO  org.springframework.web.servlet.DispatcherServlet - Completed initialization in 10 ms
2022-06-18 18:03:33.426 [SpringContextShutdownHook] INFO  o.s.scheduling.concurrent.ThreadPoolTaskExecutor - Shutting down ExecutorService 'applicationTaskExecutor'
2022-06-18 18:03:33.427 [SpringContextShutdownHook] INFO  com.zaxxer.hikari.HikariDataSource - HikariPool-1 - Shutdown initiated...
2022-06-18 18:03:33.439 [SpringContextShutdownHook] INFO  com.zaxxer.hikari.HikariDataSource - HikariPool-1 - Shutdown completed.
2022-06-18 18:03:40.965 [main] INFO  com.luobin.demo.edu.EduApplication - Starting EduApplication on LAPTOP-EMPL0VD0 with PID 13732 (C:\Users\YIMENG\Desktop\guli_parent_plus-master\service\service-edu\target\classes started by YIMENG in C:\Users\YIMENG\Desktop\guli_parent_plus-master)
2022-06-18 18:03:40.968 [main] INFO  com.luobin.demo.edu.EduApplication - The following profiles are active: dev
2022-06-18 18:03:42.287 [main] INFO  o.s.d.r.config.RepositoryConfigurationDelegate - Multiple Spring Data modules found, entering strict repository configuration mode!
2022-06-18 18:03:42.290 [main] INFO  o.s.d.r.config.RepositoryConfigurationDelegate - Bootstrapping Spring Data repositories in DEFAULT mode.
2022-06-18 18:03:42.328 [main] INFO  o.s.d.r.config.RepositoryConfigurationDelegate - Finished Spring Data repository scanning in 21ms. Found 0 repository interfaces.
2022-06-18 18:03:42.664 [main] INFO  o.s.c.s.PostProcessorRegistrationDelegate$BeanPostProcessorChecker - Bean 'org.springframework.transaction.annotation.ProxyTransactionManagementConfiguration' of type [org.springframework.transaction.annotation.ProxyTransactionManagementConfiguration] is not eligible for getting processed by all BeanPostProcessors (for example: not eligible for auto-proxying)
2022-06-18 18:03:42.948 [main] INFO  o.s.boot.web.embedded.tomcat.TomcatWebServer - Tomcat initialized with port(s): 8001 (http)
2022-06-18 18:03:42.957 [main] INFO  org.apache.coyote.http11.Http11NioProtocol - Initializing ProtocolHandler ["http-nio-8001"]
2022-06-18 18:03:42.958 [main] INFO  org.apache.catalina.core.StandardService - Starting service [Tomcat]
2022-06-18 18:03:42.958 [main] INFO  org.apache.catalina.core.StandardEngine - Starting Servlet engine: [Apache Tomcat/9.0.27]
2022-06-18 18:03:43.117 [main] INFO  o.a.c.core.ContainerBase.[Tomcat].[localhost].[/] - Initializing Spring embedded WebApplicationContext
2022-06-18 18:03:43.117 [main] INFO  org.springframework.web.context.ContextLoader - Root WebApplicationContext: initialization completed in 2071 ms
2022-06-18 18:03:43.347 [main] INFO  com.zaxxer.hikari.HikariDataSource - HikariPool-1 - Starting...
2022-06-18 18:03:43.767 [main] INFO  com.zaxxer.hikari.HikariDataSource - HikariPool-1 - Start completed.
2022-06-18 18:03:44.470 [main] INFO  s.d.s.w.PropertySourcedRequestMappingHandlerMapping - Mapped URL path [/v2/api-docs] onto method [springfox.documentation.swagger2.web.Swagger2Controller#getDocumentation(String, HttpServletRequest)]
2022-06-18 18:03:44.586 [main] INFO  o.s.scheduling.concurrent.ThreadPoolTaskExecutor - Initializing ExecutorService 'applicationTaskExecutor'
2022-06-18 18:03:45.077 [main] INFO  s.d.s.web.plugins.DocumentationPluginsBootstrapper - Context refreshed
2022-06-18 18:03:45.094 [main] INFO  s.d.s.web.plugins.DocumentationPluginsBootstrapper - Found 1 custom documentation plugin(s)
2022-06-18 18:03:45.133 [main] INFO  s.d.spring.web.scanners.ApiListingReferenceScanner - Scanning for api listing references
2022-06-18 18:03:45.337 [main] INFO  org.apache.coyote.http11.Http11NioProtocol - Starting ProtocolHandler ["http-nio-8001"]
2022-06-18 18:03:45.363 [main] INFO  o.s.boot.web.embedded.tomcat.TomcatWebServer - Tomcat started on port(s): 8001 (http) with context path ''
2022-06-18 18:03:45.367 [main] INFO  com.luobin.demo.edu.EduApplication - Started EduApplication in 4.967 seconds (JVM running for 5.95)
2022-06-18 18:03:52.337 [http-nio-8001-exec-1] INFO  o.a.c.core.ContainerBase.[Tomcat].[localhost].[/] - Initializing Spring DispatcherServlet 'dispatcherServlet'
2022-06-18 18:03:52.338 [http-nio-8001-exec-1] INFO  org.springframework.web.servlet.DispatcherServlet - Initializing Servlet 'dispatcherServlet'
2022-06-18 18:03:52.349 [http-nio-8001-exec-1] INFO  org.springframework.web.servlet.DispatcherServlet - Completed initialization in 10 ms
2022-06-18 18:04:46.731 [SpringContextShutdownHook] INFO  o.s.scheduling.concurrent.ThreadPoolTaskExecutor - Shutting down ExecutorService 'applicationTaskExecutor'
2022-06-18 18:04:46.733 [SpringContextShutdownHook] INFO  com.zaxxer.hikari.HikariDataSource - HikariPool-1 - Shutdown initiated...
2022-06-18 18:04:46.740 [SpringContextShutdownHook] INFO  com.zaxxer.hikari.HikariDataSource - HikariPool-1 - Shutdown completed.
2022-06-18 18:04:53.546 [main] INFO  com.luobin.demo.edu.EduApplication - Starting EduApplication on LAPTOP-EMPL0VD0 with PID 8956 (C:\Users\YIMENG\Desktop\guli_parent_plus-master\service\service-edu\target\classes started by YIMENG in C:\Users\YIMENG\Desktop\guli_parent_plus-master)
2022-06-18 18:04:53.551 [main] INFO  com.luobin.demo.edu.EduApplication - The following profiles are active: dev
2022-06-18 18:04:54.880 [main] INFO  o.s.d.r.config.RepositoryConfigurationDelegate - Multiple Spring Data modules found, entering strict repository configuration mode!
2022-06-18 18:04:54.884 [main] INFO  o.s.d.r.config.RepositoryConfigurationDelegate - Bootstrapping Spring Data repositories in DEFAULT mode.
2022-06-18 18:04:54.929 [main] INFO  o.s.d.r.config.RepositoryConfigurationDelegate - Finished Spring Data repository scanning in 28ms. Found 0 repository interfaces.
2022-06-18 18:04:55.349 [main] INFO  o.s.c.s.PostProcessorRegistrationDelegate$BeanPostProcessorChecker - Bean 'org.springframework.transaction.annotation.ProxyTransactionManagementConfiguration' of type [org.springframework.transaction.annotation.ProxyTransactionManagementConfiguration] is not eligible for getting processed by all BeanPostProcessors (for example: not eligible for auto-proxying)
2022-06-18 18:04:55.685 [main] INFO  o.s.boot.web.embedded.tomcat.TomcatWebServer - Tomcat initialized with port(s): 8001 (http)
2022-06-18 18:04:55.697 [main] INFO  org.apache.coyote.http11.Http11NioProtocol - Initializing ProtocolHandler ["http-nio-8001"]
2022-06-18 18:04:55.699 [main] INFO  org.apache.catalina.core.StandardService - Starting service [Tomcat]
2022-06-18 18:04:55.699 [main] INFO  org.apache.catalina.core.StandardEngine - Starting Servlet engine: [Apache Tomcat/9.0.27]
2022-06-18 18:04:55.879 [main] INFO  o.a.c.core.ContainerBase.[Tomcat].[localhost].[/] - Initializing Spring embedded WebApplicationContext
2022-06-18 18:04:55.879 [main] INFO  org.springframework.web.context.ContextLoader - Root WebApplicationContext: initialization completed in 2211 ms
2022-06-18 18:04:56.201 [main] INFO  com.zaxxer.hikari.HikariDataSource - HikariPool-1 - Starting...
2022-06-18 18:04:56.644 [main] INFO  com.zaxxer.hikari.HikariDataSource - HikariPool-1 - Start completed.
2022-06-18 18:04:57.415 [main] INFO  s.d.s.w.PropertySourcedRequestMappingHandlerMapping - Mapped URL path [/v2/api-docs] onto method [springfox.documentation.swagger2.web.Swagger2Controller#getDocumentation(String, HttpServletRequest)]
2022-06-18 18:04:57.535 [main] INFO  o.s.scheduling.concurrent.ThreadPoolTaskExecutor - Initializing ExecutorService 'applicationTaskExecutor'
2022-06-18 18:04:58.136 [main] INFO  s.d.s.web.plugins.DocumentationPluginsBootstrapper - Context refreshed
2022-06-18 18:04:58.154 [main] INFO  s.d.s.web.plugins.DocumentationPluginsBootstrapper - Found 1 custom documentation plugin(s)
2022-06-18 18:04:58.199 [main] INFO  s.d.spring.web.scanners.ApiListingReferenceScanner - Scanning for api listing references
2022-06-18 18:04:58.429 [main] INFO  s.d.s.w.r.operation.CachingOperationNameGenerator - Generating unique operation named: addSubjectUsingPOST_1
2022-06-18 18:04:58.449 [main] INFO  org.apache.coyote.http11.Http11NioProtocol - Starting ProtocolHandler ["http-nio-8001"]
2022-06-18 18:04:58.476 [main] INFO  o.s.boot.web.embedded.tomcat.TomcatWebServer - Tomcat started on port(s): 8001 (http) with context path ''
2022-06-18 18:04:58.479 [main] INFO  com.luobin.demo.edu.EduApplication - Started EduApplication in 5.519 seconds (JVM running for 6.528)
2022-06-18 18:05:00.786 [http-nio-8001-exec-1] INFO  o.a.c.core.ContainerBase.[Tomcat].[localhost].[/] - Initializing Spring DispatcherServlet 'dispatcherServlet'
2022-06-18 18:05:00.786 [http-nio-8001-exec-1] INFO  org.springframework.web.servlet.DispatcherServlet - Initializing Servlet 'dispatcherServlet'
2022-06-18 18:05:00.795 [http-nio-8001-exec-1] INFO  org.springframework.web.servlet.DispatcherServlet - Completed initialization in 9 ms
