2022-07-16 12:49:44.649 [http-nio-8001-exec-8] ERROR c.l.demo.edu.service.impl.EduSubjectServiceImpl - 找到的二级分类是： [TwoSubject(id=1537714206202191873, title=vue), TwoSubject(id=1537714206466433025, title=html), TwoSubject(id=1537714206801977346, title=javascript)]
2022-07-16 12:49:44.650 [http-nio-8001-exec-8] ERROR c.l.demo.edu.service.impl.EduSubjectServiceImpl - 找到的二级分类是： [TwoSubject(id=1537714207322071042, title=java), TwoSubject(id=1537714207590506497, title=python)]
2022-07-16 12:49:44.650 [http-nio-8001-exec-8] ERROR c.l.demo.edu.service.impl.EduSubjectServiceImpl - 找到的二级分类是： [TwoSubject(id=1537714208236429313, title=1.0)]
2022-07-16 12:49:44.651 [http-nio-8001-exec-8] ERROR c.l.demo.edu.service.impl.EduSubjectServiceImpl - 找到的二级分类是： [TwoSubject(id=1537714208823631873, title=2.0)]
2022-07-16 12:49:50.659 [http-nio-8001-exec-10] ERROR c.l.demo.edu.service.impl.EduSubjectServiceImpl - 找到的二级分类是： [TwoSubject(id=1537714206202191873, title=vue), TwoSubject(id=1537714206466433025, title=html), TwoSubject(id=1537714206801977346, title=javascript)]
2022-07-16 12:49:50.659 [http-nio-8001-exec-10] ERROR c.l.demo.edu.service.impl.EduSubjectServiceImpl - 找到的二级分类是： [TwoSubject(id=1537714207322071042, title=java), TwoSubject(id=1537714207590506497, title=python)]
2022-07-16 12:49:50.660 [http-nio-8001-exec-10] ERROR c.l.demo.edu.service.impl.EduSubjectServiceImpl - 找到的二级分类是： [TwoSubject(id=1537714208236429313, title=1.0)]
2022-07-16 12:49:50.660 [http-nio-8001-exec-10] ERROR c.l.demo.edu.service.impl.EduSubjectServiceImpl - 找到的二级分类是： [TwoSubject(id=1537714208823631873, title=2.0)]
2022-07-16 12:49:52.688 [http-nio-8001-exec-3] ERROR c.l.demo.edu.service.impl.EduSubjectServiceImpl - 找到的二级分类是： [TwoSubject(id=1537714206202191873, title=vue), TwoSubject(id=1537714206466433025, title=html), TwoSubject(id=1537714206801977346, title=javascript)]
2022-07-16 12:49:52.689 [http-nio-8001-exec-3] ERROR c.l.demo.edu.service.impl.EduSubjectServiceImpl - 找到的二级分类是： [TwoSubject(id=1537714207322071042, title=java), TwoSubject(id=1537714207590506497, title=python)]
2022-07-16 12:49:52.689 [http-nio-8001-exec-3] ERROR c.l.demo.edu.service.impl.EduSubjectServiceImpl - 找到的二级分类是： [TwoSubject(id=1537714208236429313, title=1.0)]
2022-07-16 12:49:52.689 [http-nio-8001-exec-3] ERROR c.l.demo.edu.service.impl.EduSubjectServiceImpl - 找到的二级分类是： [TwoSubject(id=1537714208823631873, title=2.0)]
2022-07-16 12:49:54.769 [http-nio-8001-exec-5] ERROR c.l.demo.edu.service.impl.EduSubjectServiceImpl - 找到的二级分类是： [TwoSubject(id=1537714206202191873, title=vue), TwoSubject(id=1537714206466433025, title=html), TwoSubject(id=1537714206801977346, title=javascript)]
2022-07-16 12:49:54.770 [http-nio-8001-exec-5] ERROR c.l.demo.edu.service.impl.EduSubjectServiceImpl - 找到的二级分类是： [TwoSubject(id=1537714207322071042, title=java), TwoSubject(id=1537714207590506497, title=python)]
2022-07-16 12:49:54.770 [http-nio-8001-exec-5] ERROR c.l.demo.edu.service.impl.EduSubjectServiceImpl - 找到的二级分类是： [TwoSubject(id=1537714208236429313, title=1.0)]
2022-07-16 12:49:54.771 [http-nio-8001-exec-5] ERROR c.l.demo.edu.service.impl.EduSubjectServiceImpl - 找到的二级分类是： [TwoSubject(id=1537714208823631873, title=2.0)]
2022-07-16 12:52:08.248 [http-nio-8001-exec-10] ERROR c.l.demo.edu.service.impl.EduSubjectServiceImpl - 找到的二级分类是： [TwoSubject(id=1537714206202191873, title=vue), TwoSubject(id=1537714206466433025, title=html), TwoSubject(id=1537714206801977346, title=javascript)]
2022-07-16 12:52:08.248 [http-nio-8001-exec-10] ERROR c.l.demo.edu.service.impl.EduSubjectServiceImpl - 找到的二级分类是： [TwoSubject(id=1537714207322071042, title=java), TwoSubject(id=1537714207590506497, title=python)]
2022-07-16 12:52:08.248 [http-nio-8001-exec-10] ERROR c.l.demo.edu.service.impl.EduSubjectServiceImpl - 找到的二级分类是： [TwoSubject(id=1537714208236429313, title=1.0)]
2022-07-16 12:52:08.248 [http-nio-8001-exec-10] ERROR c.l.demo.edu.service.impl.EduSubjectServiceImpl - 找到的二级分类是： [TwoSubject(id=1537714208823631873, title=2.0)]
2022-07-16 16:06:53.938 [ThreadPoolTaskScheduler-1] ERROR o.s.cloud.alibaba.nacos.discovery.NacosWatch - Error watching Nacos Service change
java.lang.IllegalStateException: failed to req API:/nacos/v1/ns/service/list after all servers([127.0.0.1:8848]) tried: failed to req API:http://127.0.0.1:8848/nacos/v1/ns/service/list. code:500 msg: java.net.ConnectException: Connection refused: connect
	at com.alibaba.nacos.client.naming.net.NamingProxy.reqAPI(NamingProxy.java:380)
	at com.alibaba.nacos.client.naming.net.NamingProxy.reqAPI(NamingProxy.java:346)
	at com.alibaba.nacos.client.naming.net.NamingProxy.reqAPI(NamingProxy.java:294)
	at com.alibaba.nacos.client.naming.net.NamingProxy.getServiceList(NamingProxy.java:276)
	at com.alibaba.nacos.client.naming.net.NamingProxy.getServiceList(NamingProxy.java:252)
	at com.alibaba.nacos.client.naming.NacosNamingService.getServicesOfServer(NacosNamingService.java:525)
	at org.springframework.cloud.alibaba.nacos.discovery.NacosWatch.nacosServicesWatch(NacosWatch.java:127)
	at org.springframework.scheduling.support.DelegatingErrorHandlingRunnable.run(DelegatingErrorHandlingRunnable.java:54)
	at java.util.concurrent.Executors$RunnableAdapter.call(Executors.java:511)
	at java.util.concurrent.FutureTask.runAndReset(FutureTask.java:308)
	at java.util.concurrent.ScheduledThreadPoolExecutor$ScheduledFutureTask.access$301(ScheduledThreadPoolExecutor.java:180)
	at java.util.concurrent.ScheduledThreadPoolExecutor$ScheduledFutureTask.run(ScheduledThreadPoolExecutor.java:294)
	at java.util.concurrent.ThreadPoolExecutor.runWorker(ThreadPoolExecutor.java:1149)
	at java.util.concurrent.ThreadPoolExecutor$Worker.run(ThreadPoolExecutor.java:624)
	at java.lang.Thread.run(Thread.java:748)
2022-07-16 16:06:54.332 [main] ERROR o.s.c.alibaba.nacos.registry.NacosServiceRegistry - nacos registry, service-edu register failed...NacosRegistration{nacosDiscoveryProperties=NacosDiscoveryProperties{serverAddr='127.0.0.1:8848', endpoint='', namespace='', watchDelay=30000, logName='', service='service-edu', weight=1.0, clusterName='DEFAULT', namingLoadCacheAtStart='false', metadata={preserved.register.source=SPRING_CLOUD}, registerEnabled=true, ip='192.168.149.1', networkInterface='', port=8001, secure=false, accessKey='', secretKey=''}},
java.lang.IllegalStateException: failed to req API:/nacos/v1/ns/instance after all servers([127.0.0.1:8848]) tried: failed to req API:http://127.0.0.1:8848/nacos/v1/ns/instance. code:500 msg: java.net.ConnectException: Connection refused: connect
	at com.alibaba.nacos.client.naming.net.NamingProxy.reqAPI(NamingProxy.java:380)
	at com.alibaba.nacos.client.naming.net.NamingProxy.reqAPI(NamingProxy.java:304)
	at com.alibaba.nacos.client.naming.net.NamingProxy.registerService(NamingProxy.java:186)
	at com.alibaba.nacos.client.naming.NacosNamingService.registerInstance(NacosNamingService.java:298)
	at com.alibaba.nacos.client.naming.NacosNamingService.registerInstance(NacosNamingService.java:279)
	at org.springframework.cloud.alibaba.nacos.registry.NacosServiceRegistry.register(NacosServiceRegistry.java:63)
	at org.springframework.cloud.client.serviceregistry.AbstractAutoServiceRegistration.register(AbstractAutoServiceRegistration.java:239)
	at org.springframework.cloud.alibaba.nacos.registry.NacosAutoServiceRegistration.register(NacosAutoServiceRegistration.java:74)
	at org.springframework.cloud.client.serviceregistry.AbstractAutoServiceRegistration.start(AbstractAutoServiceRegistration.java:138)
	at org.springframework.cloud.client.serviceregistry.AbstractAutoServiceRegistration.bind(AbstractAutoServiceRegistration.java:101)
	at org.springframework.cloud.client.serviceregistry.AbstractAutoServiceRegistration.onApplicationEvent(AbstractAutoServiceRegistration.java:88)
	at org.springframework.cloud.client.serviceregistry.AbstractAutoServiceRegistration.onApplicationEvent(AbstractAutoServiceRegistration.java:47)
	at org.springframework.context.event.SimpleApplicationEventMulticaster.doInvokeListener(SimpleApplicationEventMulticaster.java:172)
	at org.springframework.context.event.SimpleApplicationEventMulticaster.invokeListener(SimpleApplicationEventMulticaster.java:165)
	at org.springframework.context.event.SimpleApplicationEventMulticaster.multicastEvent(SimpleApplicationEventMulticaster.java:139)
	at org.springframework.context.support.AbstractApplicationContext.publishEvent(AbstractApplicationContext.java:403)
	at org.springframework.context.support.AbstractApplicationContext.publishEvent(AbstractApplicationContext.java:360)
	at org.springframework.boot.web.servlet.context.ServletWebServerApplicationContext.finishRefresh(ServletWebServerApplicationContext.java:165)
	at org.springframework.context.support.AbstractApplicationContext.refresh(AbstractApplicationContext.java:553)
	at org.springframework.boot.web.servlet.context.ServletWebServerApplicationContext.refresh(ServletWebServerApplicationContext.java:141)
	at org.springframework.boot.SpringApplication.refresh(SpringApplication.java:747)
	at org.springframework.boot.SpringApplication.refreshContext(SpringApplication.java:397)
	at org.springframework.boot.SpringApplication.run(SpringApplication.java:315)
	at org.springframework.boot.SpringApplication.run(SpringApplication.java:1226)
	at org.springframework.boot.SpringApplication.run(SpringApplication.java:1215)
	at com.luobin.demo.edu.EduApplication.main(EduApplication.java:20)
2022-07-16 16:07:25.990 [ThreadPoolTaskScheduler-1] ERROR o.s.cloud.alibaba.nacos.discovery.NacosWatch - Error watching Nacos Service change
java.lang.IllegalStateException: failed to req API:/nacos/v1/ns/service/list after all servers([127.0.0.1:8848]) tried: failed to req API:http://127.0.0.1:8848/nacos/v1/ns/service/list. code:500 msg: java.net.ConnectException: Connection refused: connect
	at com.alibaba.nacos.client.naming.net.NamingProxy.reqAPI(NamingProxy.java:380)
	at com.alibaba.nacos.client.naming.net.NamingProxy.reqAPI(NamingProxy.java:346)
	at com.alibaba.nacos.client.naming.net.NamingProxy.reqAPI(NamingProxy.java:294)
	at com.alibaba.nacos.client.naming.net.NamingProxy.getServiceList(NamingProxy.java:276)
	at com.alibaba.nacos.client.naming.net.NamingProxy.getServiceList(NamingProxy.java:252)
	at com.alibaba.nacos.client.naming.NacosNamingService.getServicesOfServer(NacosNamingService.java:525)
	at org.springframework.cloud.alibaba.nacos.discovery.NacosWatch.nacosServicesWatch(NacosWatch.java:127)
	at org.springframework.scheduling.support.DelegatingErrorHandlingRunnable.run(DelegatingErrorHandlingRunnable.java:54)
	at java.util.concurrent.Executors$RunnableAdapter.call(Executors.java:511)
	at java.util.concurrent.FutureTask.runAndReset(FutureTask.java:308)
	at java.util.concurrent.ScheduledThreadPoolExecutor$ScheduledFutureTask.access$301(ScheduledThreadPoolExecutor.java:180)
	at java.util.concurrent.ScheduledThreadPoolExecutor$ScheduledFutureTask.run(ScheduledThreadPoolExecutor.java:294)
	at java.util.concurrent.ThreadPoolExecutor.runWorker(ThreadPoolExecutor.java:1149)
	at java.util.concurrent.ThreadPoolExecutor$Worker.run(ThreadPoolExecutor.java:624)
	at java.lang.Thread.run(Thread.java:748)
2022-07-16 16:07:58.021 [ThreadPoolTaskScheduler-1] ERROR o.s.cloud.alibaba.nacos.discovery.NacosWatch - Error watching Nacos Service change
java.lang.IllegalStateException: failed to req API:/nacos/v1/ns/service/list after all servers([127.0.0.1:8848]) tried: failed to req API:http://127.0.0.1:8848/nacos/v1/ns/service/list. code:500 msg: java.net.ConnectException: Connection refused: connect
	at com.alibaba.nacos.client.naming.net.NamingProxy.reqAPI(NamingProxy.java:380)
	at com.alibaba.nacos.client.naming.net.NamingProxy.reqAPI(NamingProxy.java:346)
	at com.alibaba.nacos.client.naming.net.NamingProxy.reqAPI(NamingProxy.java:294)
	at com.alibaba.nacos.client.naming.net.NamingProxy.getServiceList(NamingProxy.java:276)
	at com.alibaba.nacos.client.naming.net.NamingProxy.getServiceList(NamingProxy.java:252)
	at com.alibaba.nacos.client.naming.NacosNamingService.getServicesOfServer(NacosNamingService.java:525)
	at org.springframework.cloud.alibaba.nacos.discovery.NacosWatch.nacosServicesWatch(NacosWatch.java:127)
	at org.springframework.scheduling.support.DelegatingErrorHandlingRunnable.run(DelegatingErrorHandlingRunnable.java:54)
	at java.util.concurrent.Executors$RunnableAdapter.call(Executors.java:511)
	at java.util.concurrent.FutureTask.runAndReset(FutureTask.java:308)
	at java.util.concurrent.ScheduledThreadPoolExecutor$ScheduledFutureTask.access$301(ScheduledThreadPoolExecutor.java:180)
	at java.util.concurrent.ScheduledThreadPoolExecutor$ScheduledFutureTask.run(ScheduledThreadPoolExecutor.java:294)
	at java.util.concurrent.ThreadPoolExecutor.runWorker(ThreadPoolExecutor.java:1149)
	at java.util.concurrent.ThreadPoolExecutor$Worker.run(ThreadPoolExecutor.java:624)
	at java.lang.Thread.run(Thread.java:748)
2022-07-16 16:08:30.289 [ThreadPoolTaskScheduler-1] ERROR o.s.cloud.alibaba.nacos.discovery.NacosWatch - Error watching Nacos Service change
java.lang.IllegalStateException: failed to req API:/nacos/v1/ns/service/list after all servers([127.0.0.1:8848]) tried: failed to req API:http://127.0.0.1:8848/nacos/v1/ns/service/list. code:500 msg: java.net.ConnectException: Connection refused: connect
	at com.alibaba.nacos.client.naming.net.NamingProxy.reqAPI(NamingProxy.java:380)
	at com.alibaba.nacos.client.naming.net.NamingProxy.reqAPI(NamingProxy.java:346)
	at com.alibaba.nacos.client.naming.net.NamingProxy.reqAPI(NamingProxy.java:294)
	at com.alibaba.nacos.client.naming.net.NamingProxy.getServiceList(NamingProxy.java:276)
	at com.alibaba.nacos.client.naming.net.NamingProxy.getServiceList(NamingProxy.java:252)
	at com.alibaba.nacos.client.naming.NacosNamingService.getServicesOfServer(NacosNamingService.java:525)
	at org.springframework.cloud.alibaba.nacos.discovery.NacosWatch.nacosServicesWatch(NacosWatch.java:127)
	at org.springframework.scheduling.support.DelegatingErrorHandlingRunnable.run(DelegatingErrorHandlingRunnable.java:54)
	at java.util.concurrent.Executors$RunnableAdapter.call(Executors.java:511)
	at java.util.concurrent.FutureTask.runAndReset(FutureTask.java:308)
	at java.util.concurrent.ScheduledThreadPoolExecutor$ScheduledFutureTask.access$301(ScheduledThreadPoolExecutor.java:180)
	at java.util.concurrent.ScheduledThreadPoolExecutor$ScheduledFutureTask.run(ScheduledThreadPoolExecutor.java:294)
	at java.util.concurrent.ThreadPoolExecutor.runWorker(ThreadPoolExecutor.java:1149)
	at java.util.concurrent.ThreadPoolExecutor$Worker.run(ThreadPoolExecutor.java:624)
	at java.lang.Thread.run(Thread.java:748)
2022-07-16 16:09:02.334 [ThreadPoolTaskScheduler-1] ERROR o.s.cloud.alibaba.nacos.discovery.NacosWatch - Error watching Nacos Service change
java.lang.IllegalStateException: failed to req API:/nacos/v1/ns/service/list after all servers([127.0.0.1:8848]) tried: failed to req API:http://127.0.0.1:8848/nacos/v1/ns/service/list. code:500 msg: java.net.ConnectException: Connection refused: connect
	at com.alibaba.nacos.client.naming.net.NamingProxy.reqAPI(NamingProxy.java:380)
	at com.alibaba.nacos.client.naming.net.NamingProxy.reqAPI(NamingProxy.java:346)
	at com.alibaba.nacos.client.naming.net.NamingProxy.reqAPI(NamingProxy.java:294)
	at com.alibaba.nacos.client.naming.net.NamingProxy.getServiceList(NamingProxy.java:276)
	at com.alibaba.nacos.client.naming.net.NamingProxy.getServiceList(NamingProxy.java:252)
	at com.alibaba.nacos.client.naming.NacosNamingService.getServicesOfServer(NacosNamingService.java:525)
	at org.springframework.cloud.alibaba.nacos.discovery.NacosWatch.nacosServicesWatch(NacosWatch.java:127)
	at org.springframework.scheduling.support.DelegatingErrorHandlingRunnable.run(DelegatingErrorHandlingRunnable.java:54)
	at java.util.concurrent.Executors$RunnableAdapter.call(Executors.java:511)
	at java.util.concurrent.FutureTask.runAndReset(FutureTask.java:308)
	at java.util.concurrent.ScheduledThreadPoolExecutor$ScheduledFutureTask.access$301(ScheduledThreadPoolExecutor.java:180)
	at java.util.concurrent.ScheduledThreadPoolExecutor$ScheduledFutureTask.run(ScheduledThreadPoolExecutor.java:294)
	at java.util.concurrent.ThreadPoolExecutor.runWorker(ThreadPoolExecutor.java:1149)
	at java.util.concurrent.ThreadPoolExecutor$Worker.run(ThreadPoolExecutor.java:624)
	at java.lang.Thread.run(Thread.java:748)
2022-07-16 17:26:50.984 [http-nio-8001-exec-3] ERROR c.l.demo.edu.service.impl.EduSubjectServiceImpl - 找到的二级分类是： [TwoSubject(id=1537714206202191873, title=vue), TwoSubject(id=1537714206466433025, title=html), TwoSubject(id=1537714206801977346, title=javascript)]
2022-07-16 17:26:50.986 [http-nio-8001-exec-3] ERROR c.l.demo.edu.service.impl.EduSubjectServiceImpl - 找到的二级分类是： [TwoSubject(id=1537714207322071042, title=java), TwoSubject(id=1537714207590506497, title=python)]
2022-07-16 17:26:50.986 [http-nio-8001-exec-3] ERROR c.l.demo.edu.service.impl.EduSubjectServiceImpl - 找到的二级分类是： [TwoSubject(id=1537714208236429313, title=1.0)]
2022-07-16 17:26:50.986 [http-nio-8001-exec-3] ERROR c.l.demo.edu.service.impl.EduSubjectServiceImpl - 找到的二级分类是： [TwoSubject(id=1537714208823631873, title=2.0)]
2022-07-16 17:26:53.863 [http-nio-8001-exec-5] ERROR c.l.demo.edu.service.impl.EduSubjectServiceImpl - 找到的二级分类是： [TwoSubject(id=1537714206202191873, title=vue), TwoSubject(id=1537714206466433025, title=html), TwoSubject(id=1537714206801977346, title=javascript)]
2022-07-16 17:26:53.864 [http-nio-8001-exec-5] ERROR c.l.demo.edu.service.impl.EduSubjectServiceImpl - 找到的二级分类是： [TwoSubject(id=1537714207322071042, title=java), TwoSubject(id=1537714207590506497, title=python)]
2022-07-16 17:26:53.865 [http-nio-8001-exec-5] ERROR c.l.demo.edu.service.impl.EduSubjectServiceImpl - 找到的二级分类是： [TwoSubject(id=1537714208236429313, title=1.0)]
2022-07-16 17:26:53.865 [http-nio-8001-exec-5] ERROR c.l.demo.edu.service.impl.EduSubjectServiceImpl - 找到的二级分类是： [TwoSubject(id=1537714208823631873, title=2.0)]
2022-07-16 20:25:43.787 [http-nio-8001-exec-9] ERROR c.l.demo.edu.service.impl.EduSubjectServiceImpl - 找到的二级分类是： [TwoSubject(id=1537714206202191873, title=vue), TwoSubject(id=1537714206466433025, title=html), TwoSubject(id=1537714206801977346, title=javascript)]
2022-07-16 20:25:43.788 [http-nio-8001-exec-9] ERROR c.l.demo.edu.service.impl.EduSubjectServiceImpl - 找到的二级分类是： [TwoSubject(id=1537714207322071042, title=java), TwoSubject(id=1537714207590506497, title=python)]
2022-07-16 20:25:43.788 [http-nio-8001-exec-9] ERROR c.l.demo.edu.service.impl.EduSubjectServiceImpl - 找到的二级分类是： [TwoSubject(id=1537714208236429313, title=1.0)]
2022-07-16 20:25:43.788 [http-nio-8001-exec-9] ERROR c.l.demo.edu.service.impl.EduSubjectServiceImpl - 找到的二级分类是： [TwoSubject(id=1537714208823631873, title=2.0)]
2022-07-16 20:26:34.991 [http-nio-8001-exec-2] ERROR c.l.demo.edu.service.impl.EduSubjectServiceImpl - 找到的二级分类是： [TwoSubject(id=1537714206202191873, title=vue), TwoSubject(id=1537714206466433025, title=html), TwoSubject(id=1537714206801977346, title=javascript)]
2022-07-16 20:26:34.992 [http-nio-8001-exec-2] ERROR c.l.demo.edu.service.impl.EduSubjectServiceImpl - 找到的二级分类是： [TwoSubject(id=1537714207322071042, title=java), TwoSubject(id=1537714207590506497, title=python)]
2022-07-16 20:26:34.992 [http-nio-8001-exec-2] ERROR c.l.demo.edu.service.impl.EduSubjectServiceImpl - 找到的二级分类是： [TwoSubject(id=1537714208236429313, title=1.0)]
2022-07-16 20:26:34.992 [http-nio-8001-exec-2] ERROR c.l.demo.edu.service.impl.EduSubjectServiceImpl - 找到的二级分类是： [TwoSubject(id=1537714208823631873, title=2.0)]
2022-07-16 20:26:46.789 [http-nio-8001-exec-4] ERROR c.l.demo.edu.service.impl.EduSubjectServiceImpl - 找到的二级分类是： [TwoSubject(id=1537714206202191873, title=vue), TwoSubject(id=1537714206466433025, title=html), TwoSubject(id=1537714206801977346, title=javascript)]
2022-07-16 20:26:46.790 [http-nio-8001-exec-4] ERROR c.l.demo.edu.service.impl.EduSubjectServiceImpl - 找到的二级分类是： [TwoSubject(id=1537714207322071042, title=java), TwoSubject(id=1537714207590506497, title=python)]
2022-07-16 20:26:46.791 [http-nio-8001-exec-4] ERROR c.l.demo.edu.service.impl.EduSubjectServiceImpl - 找到的二级分类是： [TwoSubject(id=1537714208236429313, title=1.0)]
2022-07-16 20:26:46.791 [http-nio-8001-exec-4] ERROR c.l.demo.edu.service.impl.EduSubjectServiceImpl - 找到的二级分类是： [TwoSubject(id=1537714208823631873, title=2.0)]
