2022-06-28 11:19:09.367 [http-nio-8001-exec-9] ERROR c.l.demo.edu.service.impl.EduSubjectServiceImpl - 找到的二级分类是： [TwoSubject(id=1537714206202191873, title=vue), TwoSubject(id=1537714206466433025, title=html), TwoSubject(id=1537714206801977346, title=javascript)]
2022-06-28 11:19:09.368 [http-nio-8001-exec-9] ERROR c.l.demo.edu.service.impl.EduSubjectServiceImpl - 找到的二级分类是： [TwoSubject(id=1537714207322071042, title=java), TwoSubject(id=1537714207590506497, title=python)]
2022-06-28 11:19:09.369 [http-nio-8001-exec-9] ERROR c.l.demo.edu.service.impl.EduSubjectServiceImpl - 找到的二级分类是： [TwoSubject(id=1537714208236429313, title=1.0)]
2022-06-28 11:19:09.369 [http-nio-8001-exec-9] ERROR c.l.demo.edu.service.impl.EduSubjectServiceImpl - 找到的二级分类是： [TwoSubject(id=1537714208823631873, title=2.0)]
2022-06-28 11:19:11.594 [http-nio-8001-exec-10] ERROR c.l.demo.edu.service.impl.EduSubjectServiceImpl - 找到的二级分类是： [TwoSubject(id=1537714206202191873, title=vue), TwoSubject(id=1537714206466433025, title=html), TwoSubject(id=1537714206801977346, title=javascript)]
2022-06-28 11:19:11.596 [http-nio-8001-exec-10] ERROR c.l.demo.edu.service.impl.EduSubjectServiceImpl - 找到的二级分类是： [TwoSubject(id=1537714207322071042, title=java), TwoSubject(id=1537714207590506497, title=python)]
2022-06-28 11:19:11.596 [http-nio-8001-exec-10] ERROR c.l.demo.edu.service.impl.EduSubjectServiceImpl - 找到的二级分类是： [TwoSubject(id=1537714208236429313, title=1.0)]
2022-06-28 11:19:11.596 [http-nio-8001-exec-10] ERROR c.l.demo.edu.service.impl.EduSubjectServiceImpl - 找到的二级分类是： [TwoSubject(id=1537714208823631873, title=2.0)]
2022-06-28 11:19:15.311 [http-nio-8001-exec-3] ERROR c.l.demo.edu.service.impl.EduSubjectServiceImpl - 找到的二级分类是： [TwoSubject(id=1537714206202191873, title=vue), TwoSubject(id=1537714206466433025, title=html), TwoSubject(id=1537714206801977346, title=javascript)]
2022-06-28 11:19:15.311 [http-nio-8001-exec-3] ERROR c.l.demo.edu.service.impl.EduSubjectServiceImpl - 找到的二级分类是： [TwoSubject(id=1537714207322071042, title=java), TwoSubject(id=1537714207590506497, title=python)]
2022-06-28 11:19:15.311 [http-nio-8001-exec-3] ERROR c.l.demo.edu.service.impl.EduSubjectServiceImpl - 找到的二级分类是： [TwoSubject(id=1537714208236429313, title=1.0)]
2022-06-28 11:19:15.312 [http-nio-8001-exec-3] ERROR c.l.demo.edu.service.impl.EduSubjectServiceImpl - 找到的二级分类是： [TwoSubject(id=1537714208823631873, title=2.0)]
2022-06-28 11:42:10.309 [ThreadPoolTaskScheduler-1] ERROR o.s.cloud.alibaba.nacos.discovery.NacosWatch - Error watching Nacos Service change
java.lang.IllegalStateException: failed to req API:/nacos/v1/ns/service/list after all servers([127.0.0.1:8848]) tried: failed to req API:http://127.0.0.1:8848/nacos/v1/ns/service/list. code:500 msg: java.net.ConnectException: Connection refused: connect
	at com.alibaba.nacos.client.naming.net.NamingProxy.reqAPI(NamingProxy.java:380)
	at com.alibaba.nacos.client.naming.net.NamingProxy.reqAPI(NamingProxy.java:346)
	at com.alibaba.nacos.client.naming.net.NamingProxy.reqAPI(NamingProxy.java:294)
	at com.alibaba.nacos.client.naming.net.NamingProxy.getServiceList(NamingProxy.java:276)
	at com.alibaba.nacos.client.naming.net.NamingProxy.getServiceList(NamingProxy.java:252)
	at com.alibaba.nacos.client.naming.NacosNamingService.getServicesOfServer(NacosNamingService.java:525)
	at org.springframework.cloud.alibaba.nacos.discovery.NacosWatch.nacosServicesWatch(NacosWatch.java:127)
	at org.springframework.scheduling.support.DelegatingErrorHandlingRunnable.run(DelegatingErrorHandlingRunnable.java:54)
	at java.util.concurrent.Executors$RunnableAdapter.call(Executors.java:511)
	at java.util.concurrent.FutureTask.runAndReset(FutureTask.java:308)
	at java.util.concurrent.ScheduledThreadPoolExecutor$ScheduledFutureTask.access$301(ScheduledThreadPoolExecutor.java:180)
	at java.util.concurrent.ScheduledThreadPoolExecutor$ScheduledFutureTask.run(ScheduledThreadPoolExecutor.java:294)
	at java.util.concurrent.ThreadPoolExecutor.runWorker(ThreadPoolExecutor.java:1149)
	at java.util.concurrent.ThreadPoolExecutor$Worker.run(ThreadPoolExecutor.java:624)
	at java.lang.Thread.run(Thread.java:748)
2022-06-28 11:42:42.376 [ThreadPoolTaskScheduler-1] ERROR o.s.cloud.alibaba.nacos.discovery.NacosWatch - Error watching Nacos Service change
java.lang.IllegalStateException: failed to req API:/nacos/v1/ns/service/list after all servers([127.0.0.1:8848]) tried: failed to req API:http://127.0.0.1:8848/nacos/v1/ns/service/list. code:500 msg: java.net.ConnectException: Connection refused: connect
	at com.alibaba.nacos.client.naming.net.NamingProxy.reqAPI(NamingProxy.java:380)
	at com.alibaba.nacos.client.naming.net.NamingProxy.reqAPI(NamingProxy.java:346)
	at com.alibaba.nacos.client.naming.net.NamingProxy.reqAPI(NamingProxy.java:294)
	at com.alibaba.nacos.client.naming.net.NamingProxy.getServiceList(NamingProxy.java:276)
	at com.alibaba.nacos.client.naming.net.NamingProxy.getServiceList(NamingProxy.java:252)
	at com.alibaba.nacos.client.naming.NacosNamingService.getServicesOfServer(NacosNamingService.java:525)
	at org.springframework.cloud.alibaba.nacos.discovery.NacosWatch.nacosServicesWatch(NacosWatch.java:127)
	at org.springframework.scheduling.support.DelegatingErrorHandlingRunnable.run(DelegatingErrorHandlingRunnable.java:54)
	at java.util.concurrent.Executors$RunnableAdapter.call(Executors.java:511)
	at java.util.concurrent.FutureTask.runAndReset(FutureTask.java:308)
	at java.util.concurrent.ScheduledThreadPoolExecutor$ScheduledFutureTask.access$301(ScheduledThreadPoolExecutor.java:180)
	at java.util.concurrent.ScheduledThreadPoolExecutor$ScheduledFutureTask.run(ScheduledThreadPoolExecutor.java:294)
	at java.util.concurrent.ThreadPoolExecutor.runWorker(ThreadPoolExecutor.java:1149)
	at java.util.concurrent.ThreadPoolExecutor$Worker.run(ThreadPoolExecutor.java:624)
	at java.lang.Thread.run(Thread.java:748)
2022-06-28 11:43:08.995 [http-nio-8001-exec-5] ERROR c.l.demo.edu.service.impl.EduSubjectServiceImpl - 找到的二级分类是： [TwoSubject(id=1537714206202191873, title=vue), TwoSubject(id=1537714206466433025, title=html), TwoSubject(id=1537714206801977346, title=javascript)]
2022-06-28 11:43:08.996 [http-nio-8001-exec-5] ERROR c.l.demo.edu.service.impl.EduSubjectServiceImpl - 找到的二级分类是： [TwoSubject(id=1537714207322071042, title=java), TwoSubject(id=1537714207590506497, title=python)]
2022-06-28 11:43:08.996 [http-nio-8001-exec-5] ERROR c.l.demo.edu.service.impl.EduSubjectServiceImpl - 找到的二级分类是： [TwoSubject(id=1537714208236429313, title=1.0)]
2022-06-28 11:43:08.997 [http-nio-8001-exec-5] ERROR c.l.demo.edu.service.impl.EduSubjectServiceImpl - 找到的二级分类是： [TwoSubject(id=1537714208823631873, title=2.0)]
2022-06-28 11:43:11.906 [http-nio-8001-exec-7] ERROR c.l.demo.edu.service.impl.EduSubjectServiceImpl - 找到的二级分类是： [TwoSubject(id=1537714206202191873, title=vue), TwoSubject(id=1537714206466433025, title=html), TwoSubject(id=1537714206801977346, title=javascript)]
2022-06-28 11:43:11.906 [http-nio-8001-exec-7] ERROR c.l.demo.edu.service.impl.EduSubjectServiceImpl - 找到的二级分类是： [TwoSubject(id=1537714207322071042, title=java), TwoSubject(id=1537714207590506497, title=python)]
2022-06-28 11:43:11.906 [http-nio-8001-exec-7] ERROR c.l.demo.edu.service.impl.EduSubjectServiceImpl - 找到的二级分类是： [TwoSubject(id=1537714208236429313, title=1.0)]
2022-06-28 11:43:11.906 [http-nio-8001-exec-7] ERROR c.l.demo.edu.service.impl.EduSubjectServiceImpl - 找到的二级分类是： [TwoSubject(id=1537714208823631873, title=2.0)]
2022-06-28 11:46:37.916 [http-nio-8001-exec-4] ERROR c.l.demo.edu.service.impl.EduSubjectServiceImpl - 找到的二级分类是： [TwoSubject(id=1537714206202191873, title=vue), TwoSubject(id=1537714206466433025, title=html), TwoSubject(id=1537714206801977346, title=javascript)]
2022-06-28 11:46:37.916 [http-nio-8001-exec-4] ERROR c.l.demo.edu.service.impl.EduSubjectServiceImpl - 找到的二级分类是： [TwoSubject(id=1537714207322071042, title=java), TwoSubject(id=1537714207590506497, title=python)]
2022-06-28 11:46:37.917 [http-nio-8001-exec-4] ERROR c.l.demo.edu.service.impl.EduSubjectServiceImpl - 找到的二级分类是： [TwoSubject(id=1537714208236429313, title=1.0)]
2022-06-28 11:46:37.917 [http-nio-8001-exec-4] ERROR c.l.demo.edu.service.impl.EduSubjectServiceImpl - 找到的二级分类是： [TwoSubject(id=1537714208823631873, title=2.0)]
2022-06-28 11:46:39.092 [http-nio-8001-exec-6] ERROR c.l.demo.edu.service.impl.EduSubjectServiceImpl - 找到的二级分类是： [TwoSubject(id=1537714206202191873, title=vue), TwoSubject(id=1537714206466433025, title=html), TwoSubject(id=1537714206801977346, title=javascript)]
2022-06-28 11:46:39.092 [http-nio-8001-exec-6] ERROR c.l.demo.edu.service.impl.EduSubjectServiceImpl - 找到的二级分类是： [TwoSubject(id=1537714207322071042, title=java), TwoSubject(id=1537714207590506497, title=python)]
2022-06-28 11:46:39.093 [http-nio-8001-exec-6] ERROR c.l.demo.edu.service.impl.EduSubjectServiceImpl - 找到的二级分类是： [TwoSubject(id=1537714208236429313, title=1.0)]
2022-06-28 11:46:39.093 [http-nio-8001-exec-6] ERROR c.l.demo.edu.service.impl.EduSubjectServiceImpl - 找到的二级分类是： [TwoSubject(id=1537714208823631873, title=2.0)]
2022-06-28 11:46:41.872 [http-nio-8001-exec-9] ERROR c.l.demo.edu.service.impl.EduSubjectServiceImpl - 找到的二级分类是： [TwoSubject(id=1537714206202191873, title=vue), TwoSubject(id=1537714206466433025, title=html), TwoSubject(id=1537714206801977346, title=javascript)]
2022-06-28 11:46:41.872 [http-nio-8001-exec-9] ERROR c.l.demo.edu.service.impl.EduSubjectServiceImpl - 找到的二级分类是： [TwoSubject(id=1537714207322071042, title=java), TwoSubject(id=1537714207590506497, title=python)]
2022-06-28 11:46:41.872 [http-nio-8001-exec-9] ERROR c.l.demo.edu.service.impl.EduSubjectServiceImpl - 找到的二级分类是： [TwoSubject(id=1537714208236429313, title=1.0)]
2022-06-28 11:46:41.872 [http-nio-8001-exec-9] ERROR c.l.demo.edu.service.impl.EduSubjectServiceImpl - 找到的二级分类是： [TwoSubject(id=1537714208823631873, title=2.0)]
2022-06-28 11:46:47.129 [http-nio-8001-exec-1] ERROR c.l.demo.edu.service.impl.EduSubjectServiceImpl - 找到的二级分类是： [TwoSubject(id=1537714206202191873, title=vue), TwoSubject(id=1537714206466433025, title=html), TwoSubject(id=1537714206801977346, title=javascript)]
2022-06-28 11:46:47.130 [http-nio-8001-exec-1] ERROR c.l.demo.edu.service.impl.EduSubjectServiceImpl - 找到的二级分类是： [TwoSubject(id=1537714207322071042, title=java), TwoSubject(id=1537714207590506497, title=python)]
2022-06-28 11:46:47.130 [http-nio-8001-exec-1] ERROR c.l.demo.edu.service.impl.EduSubjectServiceImpl - 找到的二级分类是： [TwoSubject(id=1537714208236429313, title=1.0)]
2022-06-28 11:46:47.130 [http-nio-8001-exec-1] ERROR c.l.demo.edu.service.impl.EduSubjectServiceImpl - 找到的二级分类是： [TwoSubject(id=1537714208823631873, title=2.0)]
